Script started on Sun Aug 28 09:38:05 2022
[1m[7m%[27m[1m[0m                                                                                                                                                                                           ]2;linhleba@Linhs-MacBook-Pro:~/Desktop/blockchain/demo1]1;..ckchain/demo1[0m[27m[24m[J[01;32mâžœ  [36mdemo1[00m [K[?1h=[?2004hnnpm run dp eploy[?1l>[?2004l
]2;npm run deploy]1;npm[37;40mnpm[0m [0m[31;40mERR![0m [0m[35mcode[0m EJSONPARSE
[0m[37;40mnpm[0m [0m[31;40mERR![0m [0m[35mpath[0m /Users/linhleba/Desktop/blockchain/demo1/package.json
[0m[37;40mnpm[0m [0m[31;40mERR![0m [0m[35mJSON.parse[0m Unexpected token "o" (0x6F) in JSON at position 346 while parsing near "...n new --initArgs '{\"owner_id\":\"just4test..."
[0m[37;40mnpm[0m [0m[31;40mERR![0m [0m[35mJSON.parse[0m Failed to parse JSON data.
[0m[37;40mnpm[0m [0m[31;40mERR![0m [0m[35mJSON.parse[0m Note: package.json must be actual JSON, not just JavaScript.
[0m
[37;40mnpm[0m [0m[31;40mERR![0m[35m[0m A complete log of this run can be found in:
[0m[37;40mnpm[0m [0m[31;40mERR![0m[35m[0m     /Users/linhleba/.npm/_logs/2022-08-28T02_38_31_374Z-debug-0.log
[0m[1m[7m%[27m[1m[0m                                                                                                                                                                                           ]2;linhleba@Linhs-MacBook-Pro:~/Desktop/blockchain/demo1]1;..ckchain/demo1[0m[27m[24m[J[01;31mâžœ  [36mdemo1[00m [K[?1h=[?2004hnpm run deploy[?1l>[?2004l
]2;npm run deploy]1;npm
> demo1@1.0.0 deploy
> npm run build:contract && cd contract && near dev-deploy --wasmFile ./target/wasm32-unknown-unknown/release/hello_near.wasm --accountId tdl.just4test.testnet --initFunction new --initArgs '{"owner_id":"just4test.testnet"}'


> demo1@1.0.0 build:contract
> cd contract && rustup target add wasm32-unknown-unknown && cargo build --all --target wasm32-unknown-unknown --release

[1minfo: (B[mcomponent 'rust-std' for target 'wasm32-unknown-unknown' is up to date
[0m[1m[33mwarning[0m[0m[1m: unused import: `env`[0m
[0m  [0m[0m[1m[38;5;12m--> [0m[0msrc/lib.rs:11:16[0m
[0m   [0m[0m[1m[38;5;12m|[0m
[0m[1m[38;5;12m11[0m[0m [0m[0m[1m[38;5;12m| [0m[0muse near_sdk::{env, AccountId, BorshStorageKey, PanicOnDefault};[0m
[0m   [0m[0m[1m[38;5;12m| [0m[0m               [0m[0m[1m[33m^^^[0m
[0m   [0m[0m[1m[38;5;12m|[0m
[0m   [0m[0m[1m[38;5;12m= [0m[0m[1mnote[0m[0m: `#[warn(unused_imports)]` on by default[0m

[0m[1m[33mwarning[0m[0m[1m: constant is never used: `DEFAULT_MESSAGE`[0m
[0m  [0m[0m[1m[38;5;12m--> [0m[0msrc/lib.rs:16:1[0m
[0m   [0m[0m[1m[38;5;12m|[0m
[0m[1m[38;5;12m16[0m[0m [0m[0m[1m[38;5;12m| [0m[0mconst DEFAULT_MESSAGE: &str = "Hello";[0m
[0m   [0m[0m[1m[38;5;12m| [0m[0m[1m[33m^^^^^^^^^^^^^^^^^^^^^^^^^^^^^^^^^^^^^^[0m
[0m   [0m[0m[1m[38;5;12m|[0m
[0m   [0m[0m[1m[38;5;12m= [0m[0m[1mnote[0m[0m: `#[warn(dead_code)]` on by default[0m

[0m[0m[1m[33mwarning[0m[1m:[0m `hello_near` (lib) generated 2 warnings
[0m[0m[1m[32m    Finished[0m release [optimized] target(s) in 0.54s
Starting deployment. Account id: dev-1660141204313-74822199628266, node: https://rpc.testnet.near.org, helper: https://helper.testnet.near.org, file: ./target/wasm32-unknown-unknown/release/hello_near.wasm
Receipt: 9gFgkdfVqd4nQ3p3mz3CspjjNDSbhbaNNPE3YB1ziMRD
	Failure [dev-1660141204313-74822199628266]: Error: {"index":1,"kind":{"ExecutionError":"Smart contract panicked: The contract has already been initialized"}}
An error occured
Error: {"index":1,"kind":{"ExecutionError":"Smart contract panicked: The contract has already been initialized"}}
    at Object.parseResultError (/Users/linhleba/Desktop/blockchain/demo1/node_modules/near-api-js/lib/utils/rpc_errors.js:31:29)
    at Account.signAndSendTransactionV2 (/Users/linhleba/Desktop/blockchain/demo1/node_modules/near-api-js/lib/account.js:160:36)
    at processTicksAndRejections (node:internal/process/task_queues:96:5)
    at async devDeploy (/Users/linhleba/Desktop/blockchain/demo1/node_modules/near-cli/commands/dev-deploy.js:102:20)
    at async Object.handler (/Users/linhleba/Desktop/blockchain/demo1/node_modules/near-cli/utils/exit-on-error.js:52:9)
ServerTransactionError: {"index":1,"kind":{"ExecutionError":"Smart contract panicked: The contract has already been initialized"}}
    at Object.parseResultError (/Users/linhleba/Desktop/blockchain/demo1/node_modules/[4mnear-api-js[24m/lib/utils/rpc_errors.js:31:29)
    at Account.signAndSendTransactionV2 (/Users/linhleba/Desktop/blockchain/demo1/node_modules/[4mnear-api-js[24m/lib/account.js:160:36)
[90m    at processTicksAndRejections (node:internal/process/task_queues:96:5)[39m
    at async devDeploy (/Users/linhleba/Desktop/blockchain/demo1/node_modules/[4mnear-cli[24m/commands/dev-deploy.js:102:20)
    at async Object.handler (/Users/linhleba/Desktop/blockchain/demo1/node_modules/[4mnear-cli[24m/utils/exit-on-error.js:52:9) {
  type: [32m'FunctionCallError'[39m,
  context: [90mundefined[39m,
  index: [33m1[39m,
  kind: {
    ExecutionError: [32m'Smart contract panicked: The contract has already been initialized'[39m
  },
  transaction_outcome: {
    block_hash: [32m'8QAWtBuaQoV1d1pPrHWfmTMjFtYz6GxvRJeKixBrMu8U'[39m,
    id: [32m'7UamKqvKCe1TFqUCTfsERuT8YMYDc4QRUaXimXdTaiFe'[39m,
    outcome: {
      executor_id: [32m'dev-1660141204313-74822199628266'[39m,
      gas_burnt: [33m3493283811449[39m,
      logs: [],
      metadata: { gas_profile: [1mnull[22m, version: [33m1[39m },
      receipt_ids: [ [32m'3izFiSWZB44SC5tBkJgQxf6BiNcF3SdZNs7kdYv44Wzb'[39m ],
      status: {
        SuccessReceiptId: [32m'3izFiSWZB44SC5tBkJgQxf6BiNcF3SdZNs7kdYv44Wzb'[39m
      },
      tokens_burnt: [32m'349328381144900000000'[39m
    },
    proof: [
      {
        direction: [32m'Right'[39m,
        hash: [32m'4tCrHMV7uzZxJnqVQ1hkaegivDUc7JNFsDMacfWKbTRy'[39m
      }
    ]
  }
}
[1m[7m%[27m[1m[0m                                                                                                                                                                                           ]2;linhleba@Linhs-MacBook-Pro:~/Desktop/blockchain/demo1]1;..ckchain/demo1[0m[27m[24m[J[01;31mâžœ  [36mdemo1[00m [K[?1h=[?2004hnpm run deploy[?1l>[?2004l
]2;npm run deploy]1;npm
> demo1@1.0.0 deploy
> npm run build:contract && cd contract && near dev-deploy --wasmFile ./target/wasm32-unknown-unknown/release/hello_near.wasm --accountId tdl.just4test.testnet --initFunction new --initArgs '{"owner_id":"just4test.testnet"}'


> demo1@1.0.0 build:contract
> cd contract && rustup target add wasm32-unknown-unknown && cargo build --all --target wasm32-unknown-unknown --release

[1minfo: (B[mcomponent 'rust-std' for target 'wasm32-unknown-unknown' is up to date
[0m[1m[33mwarning[0m[0m[1m: unused import: `env`[0m
[0m  [0m[0m[1m[38;5;12m--> [0m[0msrc/lib.rs:11:16[0m
[0m   [0m[0m[1m[38;5;12m|[0m
[0m[1m[38;5;12m11[0m[0m [0m[0m[1m[38;5;12m| [0m[0muse near_sdk::{env, AccountId, BorshStorageKey, PanicOnDefault};[0m
[0m   [0m[0m[1m[38;5;12m| [0m[0m               [0m[0m[1m[33m^^^[0m
[0m   [0m[0m[1m[38;5;12m|[0m
[0m   [0m[0m[1m[38;5;12m= [0m[0m[1mnote[0m[0m: `#[warn(unused_imports)]` on by default[0m

[0m[1m[33mwarning[0m[0m[1m: constant is never used: `DEFAULT_MESSAGE`[0m
[0m  [0m[0m[1m[38;5;12m--> [0m[0msrc/lib.rs:16:1[0m
[0m   [0m[0m[1m[38;5;12m|[0m
[0m[1m[38;5;12m16[0m[0m [0m[0m[1m[38;5;12m| [0m[0mconst DEFAULT_MESSAGE: &str = "Hello";[0m
[0m   [0m[0m[1m[38;5;12m| [0m[0m[1m[33m^^^^^^^^^^^^^^^^^^^^^^^^^^^^^^^^^^^^^^[0m
[0m   [0m[0m[1m[38;5;12m|[0m
[0m   [0m[0m[1m[38;5;12m= [0m[0m[1mnote[0m[0m: `#[warn(dead_code)]` on by default[0m

[0m[0m[1m[33mwarning[0m[1m:[0m `hello_near` (lib) generated 2 warnings
[0m[0m[1m[32m    Finished[0m release [optimized] target(s) in 0.78s
Starting deployment. Account id: dev-1660141204313-74822199628266, node: https://rpc.testnet.near.org, helper: https://helper.testnet.near.org, file: ./target/wasm32-unknown-unknown/release/hello_near.wasm
Receipt: 6MrWuTCpGyf7ezKxQG6yR8PgpBL947wNL91wuwL4WY4a
	Failure [dev-1660141204313-74822199628266]: Error: {"index":1,"kind":{"ExecutionError":"Smart contract panicked: The contract has already been initialized"}}
An error occured
Error: {"index":1,"kind":{"ExecutionError":"Smart contract panicked: The contract has already been initialized"}}
    at Object.parseResultError (/Users/linhleba/Desktop/blockchain/demo1/node_modules/near-api-js/lib/utils/rpc_errors.js:31:29)
    at Account.signAndSendTransactionV2 (/Users/linhleba/Desktop/blockchain/demo1/node_modules/near-api-js/lib/account.js:160:36)
    at processTicksAndRejections (node:internal/process/task_queues:96:5)
    at async devDeploy (/Users/linhleba/Desktop/blockchain/demo1/node_modules/near-cli/commands/dev-deploy.js:102:20)
    at async Object.handler (/Users/linhleba/Desktop/blockchain/demo1/node_modules/near-cli/utils/exit-on-error.js:52:9)
ServerTransactionError: {"index":1,"kind":{"ExecutionError":"Smart contract panicked: The contract has already been initialized"}}
    at Object.parseResultError (/Users/linhleba/Desktop/blockchain/demo1/node_modules/[4mnear-api-js[24m/lib/utils/rpc_errors.js:31:29)
    at Account.signAndSendTransactionV2 (/Users/linhleba/Desktop/blockchain/demo1/node_modules/[4mnear-api-js[24m/lib/account.js:160:36)
[90m    at processTicksAndRejections (node:internal/process/task_queues:96:5)[39m
    at async devDeploy (/Users/linhleba/Desktop/blockchain/demo1/node_modules/[4mnear-cli[24m/commands/dev-deploy.js:102:20)
    at async Object.handler (/Users/linhleba/Desktop/blockchain/demo1/node_modules/[4mnear-cli[24m/utils/exit-on-error.js:52:9) {
  type: [32m'FunctionCallError'[39m,
  context: [90mundefined[39m,
  index: [33m1[39m,
  kind: {
    ExecutionError: [32m'Smart contract panicked: The contract has already been initialized'[39m
  },
  transaction_outcome: {
    block_hash: [32m'EC59nbXiKstCvv2UDYRjBunG4MkpCv1FtbNCq1Mr8FBC'[39m,
    id: [32m'Hs4thAcwKFRErAXV5iSZuRNoWQ7sUmhNygJj5x49MxTW'[39m,
    outcome: {
      executor_id: [32m'dev-1660141204313-74822199628266'[39m,
      gas_burnt: [33m3493283811449[39m,
      logs: [],
      metadata: { gas_profile: [1mnull[22m, version: [33m1[39m },
      receipt_ids: [ [32m'DNooB4ZQbfHf3JYCrBa6yovpB3X1ybZwDDTkvdyh9A1N'[39m ],
      status: {
        SuccessReceiptId: [32m'DNooB4ZQbfHf3JYCrBa6yovpB3X1ybZwDDTkvdyh9A1N'[39m
      },
      tokens_burnt: [32m'349328381144900000000'[39m
    },
    proof: [
      {
        direction: [32m'Right'[39m,
        hash: [32m'H3PbUYWcRt4qvbYzYFxoDwyUw6XrBW4rYEWUFk6mUhXQ'[39m
      }
    ]
  }
}
[1m[7m%[27m[1m[0m                                                                                                                                                                                           ]2;linhleba@Linhs-MacBook-Pro:~/Desktop/blockchain/demo1]1;..ckchain/demo1[0m[27m[24m[J[01;31mâžœ  [36mdemo1[00m [K[?1h=[?2004hnpm run deploy[?1l>[?2004l
]2;npm run deploy]1;npm
> demo1@1.0.0 deploy
> npm run build:contract && cd contract && near dev-deploy --wasmFile ./target/wasm32-unknown-unknown/release/hello_near.wasm --accountId tdl.just4test.testnet


> demo1@1.0.0 build:contract
> cd contract && rustup target add wasm32-unknown-unknown && cargo build --all --target wasm32-unknown-unknown --release

[1minfo: (B[mcomponent 'rust-std' for target 'wasm32-unknown-unknown' is up to date
[0m[1m[33mwarning[0m[0m[1m: unused import: `env`[0m
[0m  [0m[0m[1m[38;5;12m--> [0m[0msrc/lib.rs:11:16[0m
[0m   [0m[0m[1m[38;5;12m|[0m
[0m[1m[38;5;12m11[0m[0m [0m[0m[1m[38;5;12m| [0m[0muse near_sdk::{env, AccountId, BorshStorageKey, PanicOnDefault};[0m
[0m   [0m[0m[1m[38;5;12m| [0m[0m               [0m[0m[1m[33m^^^[0m
[0m   [0m[0m[1m[38;5;12m|[0m
[0m   [0m[0m[1m[38;5;12m= [0m[0m[1mnote[0m[0m: `#[warn(unused_imports)]` on by default[0m

[0m[1m[33mwarning[0m[0m[1m: constant is never used: `DEFAULT_MESSAGE`[0m
[0m  [0m[0m[1m[38;5;12m--> [0m[0msrc/lib.rs:16:1[0m
[0m   [0m[0m[1m[38;5;12m|[0m
[0m[1m[38;5;12m16[0m[0m [0m[0m[1m[38;5;12m| [0m[0mconst DEFAULT_MESSAGE: &str = "Hello";[0m
[0m   [0m[0m[1m[38;5;12m| [0m[0m[1m[33m^^^^^^^^^^^^^^^^^^^^^^^^^^^^^^^^^^^^^^[0m
[0m   [0m[0m[1m[38;5;12m|[0m
[0m   [0m[0m[1m[38;5;12m= [0m[0m[1mnote[0m[0m: `#[warn(dead_code)]` on by default[0m

[0m[0m[1m[33mwarning[0m[1m:[0m `hello_near` (lib) generated 2 warnings
[0m[0m[1m[32m    Finished[0m release [optimized] target(s) in 0.76s
Starting deployment. Account id: dev-1660141204313-74822199628266, node: https://rpc.testnet.near.org, helper: https://helper.testnet.near.org, file: ./target/wasm32-unknown-unknown/release/hello_near.wasm
Transaction Id GBAMNWyg9ZUxA3CzHFnaEzM2PMUVtCDcTgMZF7TZ3ERG
To see the transaction in the transaction explorer, please open this url in your browser
https://explorer.testnet.near.org/transactions/GBAMNWyg9ZUxA3CzHFnaEzM2PMUVtCDcTgMZF7TZ3ERG
Done deploying to dev-1660141204313-74822199628266
[1m[7m%[27m[1m[0m                                                                                                                                                                                           ]2;linhleba@Linhs-MacBook-Pro:~/Desktop/blockchain/demo1]1;..ckchain/demo1[0m[27m[24m[J[01;32mâžœ  [36mdemo1[00m [K[?1h=[?2004hggit va  vaa vavv vavaavv vavaavavvvv[26D                          [26D[7mnear call web2.just4test.testnet pay_order '{"order_id":"order_1","order_amount":"1000000000000000000000000"}' --accountId just4test.testnet --deposit 2[27m[152D[27mn[27me[27ma[27mr[27m [27mc[27ma[27ml[27ml[27m [27mw[27me[27mb[27m2[27m.[27mj[27mu[27ms[27mt[27m4[27mt[27me[27ms[27mt[27m.[27mt[27me[27ms[27mt[27mn[27me[27mt[27m [27mp[27ma[27my[27m_[27mo[27mr[27md[27me[27mr[27m [27m'[27m{[27m"[27mo[27mr[27md[27me[27mr[27m_[27mi[27md[27m"[27m:[27m"[27mo[27mr[27md[27me[27mr[27m_[27m1[27m"[27m,[27m"[27mo[27mr[27md[27me[27mr[27m_[27ma[27mm[27mo[27mu[27mn[27mt[27m"[27m:[27m"[27m1[27m0[27m0[27m0[27m0[27m0[27m0[27m0[27m0[27m0[27m0[27m0[27m0[27m0[27m0[27m0[27m0[27m0[27m0[27m0[27m0[27m0[27m0[27m0[27m0[27m"[27m}[27m'[27m [27m-[27m-[27ma[27mc[27mc[27mo[27mu[27mn[27mt[27mI[27md[27m [27mj[27mu[27ms[27mt[27m4[27mt[27me[27ms[27mt[27m.[27mt[27me[27ms[27mt[27mn[27me[27mt[27m [27m-[27m-[27md[27me[27mp[27mo[27ms[27mi[27mt[27m [27m2[131D                                                                                                                                                        [152Dscript deploy[13Ddeploy       script deploy[13D             [13Dscript deploy[13Ddeploy       npm run deploy[?1l>[?2004l
]2;npm run deploy]1;npm
> demo1@1.0.0 deploy
> npm run build:contract && cd contract && near dev-deploy --wasmFile ./target/wasm32-unknown-unknown/release/hello_near.wasm --accountId tdl.just4test.testnet


> demo1@1.0.0 build:contract
> cd contract && rustup target add wasm32-unknown-unknown && cargo build --all --target wasm32-unknown-unknown --release

[1minfo: (B[mcomponent 'rust-std' for target 'wasm32-unknown-unknown' is up to date
[0m[1m[33mwarning[0m[0m[1m: unused import: `env`[0m
[0m  [0m[0m[1m[38;5;12m--> [0m[0msrc/lib.rs:11:16[0m
[0m   [0m[0m[1m[38;5;12m|[0m
[0m[1m[38;5;12m11[0m[0m [0m[0m[1m[38;5;12m| [0m[0muse near_sdk::{env, AccountId, BorshStorageKey, PanicOnDefault};[0m
[0m   [0m[0m[1m[38;5;12m| [0m[0m               [0m[0m[1m[33m^^^[0m
[0m   [0m[0m[1m[38;5;12m|[0m
[0m   [0m[0m[1m[38;5;12m= [0m[0m[1mnote[0m[0m: `#[warn(unused_imports)]` on by default[0m

[0m[1m[33mwarning[0m[0m[1m: constant is never used: `DEFAULT_MESSAGE`[0m
[0m  [0m[0m[1m[38;5;12m--> [0m[0msrc/lib.rs:16:1[0m
[0m   [0m[0m[1m[38;5;12m|[0m
[0m[1m[38;5;12m16[0m[0m [0m[0m[1m[38;5;12m| [0m[0mconst DEFAULT_MESSAGE: &str = "Hello";[0m
[0m   [0m[0m[1m[38;5;12m| [0m[0m[1m[33m^^^^^^^^^^^^^^^^^^^^^^^^^^^^^^^^^^^^^^[0m
[0m   [0m[0m[1m[38;5;12m|[0m
[0m   [0m[0m[1m[38;5;12m= [0m[0m[1mnote[0m[0m: `#[warn(dead_code)]` on by default[0m

[0m[0m[1m[33mwarning[0m[1m:[0m `hello_near` (lib) generated 2 warnings
[0m[0m[1m[32m    Finished[0m release [optimized] target(s) in 0.43s
Starting deployment. Account id: tdl.just4test.testnet, node: https://rpc.testnet.near.org, helper: https://helper.testnet.near.org, file: ./target/wasm32-unknown-unknown/release/hello_near.wasm
Transaction Id EXo4N7VYFGAVFekDaW35GVxg9Vras9RLVWJuoToY3GBA
To see the transaction in the transaction explorer, please open this url in your browser
https://explorer.testnet.near.org/transactions/EXo4N7VYFGAVFekDaW35GVxg9Vras9RLVWJuoToY3GBA
Done deploying to tdl.just4test.testnet
[1m[7m%[27m[1m[0m                                                                                                                                                                                           ]2;linhleba@Linhs-MacBook-Pro:~/Desktop/blockchain/demo1]1;..ckchain/demo1[0m[27m[24m[J[01;32mâžœ  [36mdemo1[00m [K[?1h=[?2004h[7mnear call web2.just4test.testnet create_task '{"id":"1","content":"Working"}' [27m[78D[27mn[27me[27ma[27mr[27m [27mc[27ma[27ml[27ml[27m [27mw[27me[27mb[27m2[27m.[27mj[27mu[27ms[27mt[27m4[27mt[27me[27ms[27mt[27m.[27mt[27me[27ms[27mt[27mn[27me[27mt[27m [27mc[27mr[27me[27ma[27mt[27me[27m_[27mt[27ma[27ms[27mk[27m [27m'[27m{[27m"[27mi[27md[27m"[27m:[27m"[27m1[27m"[27m,[27m"[27mc[27mo[27mn[27mt[27me[27mn[27mt[27m"[27m:[27m"[27mW[27mo[27mr[27mk[27mi[27mn[27mg[27m"[27m}[27m'[27m [?1l>[?2004l
]2;near call web2.just4test.testnet create_task '{"id":"1","content":"Working"}']1;nearnear call <contractName> <methodName> [args]

schedule smart contract call which can modify state

Options:
      --help                     Show help  [boolean]
      --version                  Show version number  [boolean]
      --nodeUrl, --node_url      NEAR node URL  [string] [default: "https://rpc.testnet.near.org"]
      --networkId, --network_id  NEAR network ID, allows using different keys based on network  [string] [default: "testnet"]
      --helperUrl                NEAR contract helper URL  [string]
      --keyPath                  Path to master account key  [string]
      --accountId, --account_id  Unique identifier for the account that will be used to sign this call  [string] [required]
      --useLedgerKey             Use Ledger for signing with given HD key path  [string] [default: "44'/397'/0'/0'/1'"]
      --seedPhrase               Seed phrase mnemonic  [string]
      --seedPath                 HD path derivation  [string] [default: "m/44'/397'/0'"]
      --walletUrl                Website for NEAR Wallet  [string]
      --contractName             Account name of contract  [string]
      --masterAccount            Master account used when creating new accounts  [string]
      --helperAccount            Expected top-level account for a network  [string]
  -v, --verbose                  Prints out verbose output  [boolean] [default: false]
  -f, --force                    Forcefully execute the desired action even if it is unsafe to do so  [boolean] [default: false]
      --gas                      Max amount of gas this call can use (in gas units)  [string] [default: 30000000000000]
      --deposit, --amount        Number of tokens to attach (in NEAR) to a function call  [string] [default: "0"]
      --depositYocto             Number of tokens to attach (in yocto NEAR) to a function call  [string] [default: null]
      --base64                   Treat arguments as base64-encoded BLOB.  [boolean] [default: false]
      --args                     Arguments to the contract call, in JSON format by default (e.g. '{"param_a": "value"}')  [string] [default: null]

Missing required argument: accountId
[1m[7m%[27m[1m[0m                                                                                                                                                                                           ]2;linhleba@Linhs-MacBook-Pro:~/Desktop/blockchain/demo1]1;..ckchain/demo1[0m[27m[24m[J[01;31mâžœ  [36mdemo1[00m [K[?1h=[?2004hnear call web2.just4test.testnet create_task '{"id":"1","content":"Working"}' [P[64C [65D[P[64C [65D[P[64C [65D[P[64C [65Dt.just4test.testnet create_task '{"id":"1","content":"Working"}' [64Dd.just4test.testnet create_task '{"id":"1","content":"Working"}' [64Dl.just4test.testnet create_task '{"id":"1","content":"Working"}' [64D[1C[1C[1C[1C[1C[1C[1C[1C[1C[1C[1C[1C[1C[1C[1C[1C[1C[1C[1C[1C[1C[1C[1C[1C[1C[1C[1C[1C[1C[1C[1C[1C[1C[1C[1C[1C[1C[1C[1C[1C[1C[1C[1C[1C[1C[1C[1C[1C[1C[1C[1C[1C[1C[1C[1C[1C[1C[1C[1C[1C[1C[1C[1C[1C[7m--accountId just4test.testnet[27m[29D[27m-[27m-[27ma[27mc[27mc[27mo[27mu[27mn[27mt[27mI[27md[27m [27mj[27mu[27ms[27mt[27m4[27mt[27me[27ms[27mt[27m.[27mt[27me[27ms[27mt[27mn[27me[27mt[?1l>[?2004l
]2;near call tdl.just4test.testnet create_task '{"id":"1","content":"Working"}' ]1;nearScheduling a call: tdl.just4test.testnet.create_task({"id":"1","content":"Working"})
Doing account.functionCall()
Receipt: 9F1ZniQzPTmR6QHW6w6gc9MDff5FGu9m5iJZd912AfdA
	Failure [tdl.just4test.testnet]: Error: {"index":0,"kind":{"ExecutionError":"Smart contract panicked: panicked at 'Failed to deserialize input from JSON.: Error(\"invalid type: string \\\"1\\\", expected u32\", line: 1, column: 9)', src/lib.rs:60:1"}}
ServerTransactionError: {"index":0,"kind":{"ExecutionError":"Smart contract panicked: panicked at 'Failed to deserialize input from JSON.: Error(\"invalid type: string \\\"1\\\", expected u32\", line: 1, column: 9)', src/lib.rs:60:1"}}
    at Object.parseResultError (/usr/local/lib/node_modules/[4mnear-cli[24m/node_modules/[4mnear-api-js[24m/lib/utils/rpc_errors.js:31:29)
    at Account.signAndSendTransactionV2 (/usr/local/lib/node_modules/[4mnear-cli[24m/node_modules/[4mnear-api-js[24m/lib/account.js:160:36)
[90m    at processTicksAndRejections (node:internal/process/task_queues:96:5)[39m
    at async scheduleFunctionCall (/usr/local/lib/node_modules/[4mnear-cli[24m/commands/call.js:57:38)
    at async Object.handler (/usr/local/lib/node_modules/[4mnear-cli[24m/utils/exit-on-error.js:52:9) {
  type: [32m'FunctionCallError'[39m,
  context: [90mundefined[39m,
  index: [33m0[39m,
  kind: {
    ExecutionError: [32m`Smart contract panicked: panicked at 'Failed to deserialize input from JSON.: Error("invalid type: string \\"1\\", expected u32", line: 1, column: 9)', src/lib.rs:60:1`[39m
  },
  transaction_outcome: {
    block_hash: [32m'6LZjSaajKUJwXxDmSz3dbm5dHx4Ef712UPonHorGsSkR'[39m,
    id: [32m'9EnUPc8zcoM9xjCfWygi4nYKKuRNKU6qpaWFtpi5T5qD'[39m,
    outcome: {
      executor_id: [32m'just4test.testnet'[39m,
      gas_burnt: [33m2428012673294[39m,
      logs: [],
      metadata: [36m[Object][39m,
      receipt_ids: [36m[Array][39m,
      status: [36m[Object][39m,
      tokens_burnt: [32m'242801267329400000000'[39m
    },
    proof: [ [36m[Object][39m, [36m[Object][39m ]
  }
}
[1m[7m%[27m[1m[0m                                                                                                                                                                                           ]2;linhleba@Linhs-MacBook-Pro:~/Desktop/blockchain/demo1]1;..ckchain/demo1[0m[27m[24m[J[01;32mâžœ  [36mdemo1[00m [K[?1h=[?2004h[7mnear call web2.just4test.testnet create_task '{"id":1,"content":"Working"}' --accountId just4test.testnet[27m[105D[27mn[27me[27ma[27mr[27m [27mc[27ma[27ml[27ml[27m [27mw[27me[27mb[27m2[27m.[27mj[27mu[27ms[27mt[27m4[27mt[27me[27ms[27mt[27m.[27mt[27me[27ms[27mt[27mn[27me[27mt[27m [27mc[27mr[27me[27ma[27mt[27me[27m_[27mt[27ma[27ms[27mk[27m [27m'[27m{[27m"[27mi[27md[27m"[27m:[27m1[27m,[27m"[27mc[27mo[27mn[27mt[27me[27mn[27mt[27m"[27m:[27m"[27mW[27mo[27mr[27mk[27mi[27mn[27mg[27m"[27m}[27m'[27m [27m-[27m-[27ma[27mc[27mc[27mo[27mu[27mn[27mt[27mI[27md[27m [27mj[27mu[27ms[27mt[27m4[27mt[27me[27ms[27mt[27m.[27mt[27me[27ms[27mt[27mn[27me[27mt[?1l>[?2004l
]2;near call web2.just4test.testnet create_task '{"id":1,"content":"Working"}'  ]1;nearScheduling a call: web2.just4test.testnet.create_task({"id":1,"content":"Working"})
Doing account.functionCall()
Receipt: GEkNZRTVZCESPbjgx3YcfcU4Q71KV2TapJVSsvtm4kn9
	Failure [web2.just4test.testnet]: Error: Contract method is not found
ServerTransactionError: Contract method is not found
    at Object.parseResultError (/usr/local/lib/node_modules/[4mnear-cli[24m/node_modules/[4mnear-api-js[24m/lib/utils/rpc_errors.js:31:29)
    at Account.signAndSendTransactionV2 (/usr/local/lib/node_modules/[4mnear-cli[24m/node_modules/[4mnear-api-js[24m/lib/account.js:160:36)
[90m    at processTicksAndRejections (node:internal/process/task_queues:96:5)[39m
    at async scheduleFunctionCall (/usr/local/lib/node_modules/[4mnear-cli[24m/commands/call.js:57:38)
    at async Object.handler (/usr/local/lib/node_modules/[4mnear-cli[24m/utils/exit-on-error.js:52:9) {
  type: [32m'MethodNotFound'[39m,
  context: [90mundefined[39m,
  index: [33m0[39m,
  transaction_outcome: {
    block_hash: [32m'3131ZfLhptSJjXkrQUsy38k6gickBynvB3oSiwViJ2hk'[39m,
    id: [32m'JABXGeaRzePSjwtcbvqYRD6iMejBQhEoaoPpzzNafpQw'[39m,
    outcome: {
      executor_id: [32m'just4test.testnet'[39m,
      gas_burnt: [33m2428008201426[39m,
      logs: [],
      metadata: [36m[Object][39m,
      receipt_ids: [36m[Array][39m,
      status: [36m[Object][39m,
      tokens_burnt: [32m'242800820142600000000'[39m
    },
    proof: []
  }
}
[1m[7m%[27m[1m[0m                                                                                                                                                                                           ]2;linhleba@Linhs-MacBook-Pro:~/Desktop/blockchain/demo1]1;..ckchain/demo1[0m[27m[24m[J[01;32mâžœ  [36mdemo1[00m [K[?1h=[?2004hnear call web2.just4test.testnet create_task '{"id":1,"content":"Working"}' --accountId just4test.testnet[P[91C [92D[P[91C [92D[P[91C [92D[P[91C [92Dt.[72P[17C create_task '{"id":1,"content":"Working"}' --accountId just4test.testnet[91Dl.[72P[17C create_task '{"id":1,"content":"Working"}' --accountId just4test.testnet[91D[P[91C [92Dd.[72P[17C create_task '{"id":1,"content":"Working"}' --accountId just4test.testnet[91Dl.[72P[17C create_task '{"id":1,"content":"Working"}' --accountId just4test.testnet[91D[?1l>[?2004l
]2;near call tdl.just4test.testnet create_task '{"id":1,"content":"Working"}'  ]1;nearScheduling a call: tdl.just4test.testnet.create_task({"id":1,"content":"Working"})
Doing account.functionCall()
Receipt: 3VW7g8hvJbP3ddewMiYWQnFy6G22JpJup8WjDe1stzVA
	Failure [tdl.just4test.testnet]: Error: {"index":0,"kind":{"ExecutionError":"Smart contract panicked: The contract is not initialized"}}
ServerTransactionError: {"index":0,"kind":{"ExecutionError":"Smart contract panicked: The contract is not initialized"}}
    at Object.parseResultError (/usr/local/lib/node_modules/[4mnear-cli[24m/node_modules/[4mnear-api-js[24m/lib/utils/rpc_errors.js:31:29)
    at Account.signAndSendTransactionV2 (/usr/local/lib/node_modules/[4mnear-cli[24m/node_modules/[4mnear-api-js[24m/lib/account.js:160:36)
[90m    at processTicksAndRejections (node:internal/process/task_queues:96:5)[39m
    at async scheduleFunctionCall (/usr/local/lib/node_modules/[4mnear-cli[24m/commands/call.js:57:38)
    at async Object.handler (/usr/local/lib/node_modules/[4mnear-cli[24m/utils/exit-on-error.js:52:9) {
  type: [32m'FunctionCallError'[39m,
  context: [90mundefined[39m,
  index: [33m0[39m,
  kind: {
    ExecutionError: [32m'Smart contract panicked: The contract is not initialized'[39m
  },
  transaction_outcome: {
    block_hash: [32m'39TaCJYFRpNuF7PhbybeEjDA2dz3cvodgt1jyzVSNMvQ'[39m,
    id: [32m'2JG126Vwipn59x5vts4EFwAHbwghTjaos8QvNho9e4V9'[39m,
    outcome: {
      executor_id: [32m'just4test.testnet'[39m,
      gas_burnt: [33m2428008201426[39m,
      logs: [],
      metadata: [36m[Object][39m,
      receipt_ids: [36m[Array][39m,
      status: [36m[Object][39m,
      tokens_burnt: [32m'242800820142600000000'[39m
    },
    proof: [ [36m[Object][39m, [36m[Object][39m ]
  }
}
[1m[7m%[27m[1m[0m                                                                                                                                                                                           ]2;linhleba@Linhs-MacBook-Pro:~/Desktop/blockchain/demo1]1;..ckchain/demo1[0m[27m[24m[J[01;32mâžœ  [36mdemo1[00m [K[?1h=[?2004hnear call tdl.just4test.testnet create_task '{"id":1,"content":"Working"}' --accountId just4test.testnet[?1l>[?2004l
]2;near call tdl.just4test.testnet create_task '{"id":1,"content":"Working"}'  ]1;nearScheduling a call: tdl.just4test.testnet.create_task({"id":1,"content":"Working"})
Doing account.functionCall()
Receipt: DRGmYZJnYjQ9A62HtKSGHCMShoBcuvPii7YRcFcCoWvw
	Failure [tdl.just4test.testnet]: Error: {"index":0,"kind":{"ExecutionError":"Smart contract panicked: The contract is not initialized"}}
ServerTransactionError: {"index":0,"kind":{"ExecutionError":"Smart contract panicked: The contract is not initialized"}}
    at Object.parseResultError (/usr/local/lib/node_modules/[4mnear-cli[24m/node_modules/[4mnear-api-js[24m/lib/utils/rpc_errors.js:31:29)
    at Account.signAndSendTransactionV2 (/usr/local/lib/node_modules/[4mnear-cli[24m/node_modules/[4mnear-api-js[24m/lib/account.js:160:36)
[90m    at processTicksAndRejections (node:internal/process/task_queues:96:5)[39m
    at async scheduleFunctionCall (/usr/local/lib/node_modules/[4mnear-cli[24m/commands/call.js:57:38)
    at async Object.handler (/usr/local/lib/node_modules/[4mnear-cli[24m/utils/exit-on-error.js:52:9) {
  type: [32m'FunctionCallError'[39m,
  context: [90mundefined[39m,
  index: [33m0[39m,
  kind: {
    ExecutionError: [32m'Smart contract panicked: The contract is not initialized'[39m
  },
  transaction_outcome: {
    block_hash: [32m'92sVdNyNw3pmruDmMiGUZtomdTXjv4gNZRLqv8fx9Akz'[39m,
    id: [32m'AWMFswc8vmJRLXqktAcRBv7dFEBykGEsvfX2RgG1tYvY'[39m,
    outcome: {
      executor_id: [32m'just4test.testnet'[39m,
      gas_burnt: [33m2428008201426[39m,
      logs: [],
      metadata: [36m[Object][39m,
      receipt_ids: [36m[Array][39m,
      status: [36m[Object][39m,
      tokens_burnt: [32m'242800820142600000000'[39m
    },
    proof: [ [36m[Object][39m, [36m[Object][39m ]
  }
}
[1m[7m%[27m[1m[0m                                                                                                                                                                                           ]2;linhleba@Linhs-MacBook-Pro:~/Desktop/blockchain/demo1]1;..ckchain/demo1[0m[27m[24m[J[01;32mâžœ  [36mdemo1[00m [K[?1h=[?2004hnear call tdl.just4test.testnet create_task '{"id":1,"content":"Working"}' --accountId just4test.testnet[94Dweb2.[72P[17C create_task '{"id":1,"content":"Working"}' --accountId just4test.testnet[95Dtdl[P[38C"1","content":"Working"}' --accountId just4test.testnet[96Dweb2.[74P[17C create_task '{"id":"1","content":"Working"}'                             [28D[78Dnpm run deploy                                                               [63D[?1l>[?2004l
]2;npm run deploy]1;npm
> demo1@1.0.0 deploy
> npm run build:contract && cd contract && near dev-deploy --wasmFile ./target/wasm32-unknown-unknown/release/hello_near.wasm --accountId tdl.just4test.testnet --initFunction new --initArgs '{"owner_id":"just4test.testnet"}'


> demo1@1.0.0 build:contract
> cd contract && rustup target add wasm32-unknown-unknown && cargo build --all --target wasm32-unknown-unknown --release

[1minfo: (B[mcomponent 'rust-std' for target 'wasm32-unknown-unknown' is up to date
[0m[1m[33mwarning[0m[0m[1m: unused import: `env`[0m
[0m  [0m[0m[1m[38;5;12m--> [0m[0msrc/lib.rs:11:16[0m
[0m   [0m[0m[1m[38;5;12m|[0m
[0m[1m[38;5;12m11[0m[0m [0m[0m[1m[38;5;12m| [0m[0muse near_sdk::{env, AccountId, BorshStorageKey, PanicOnDefault};[0m
[0m   [0m[0m[1m[38;5;12m| [0m[0m               [0m[0m[1m[33m^^^[0m
[0m   [0m[0m[1m[38;5;12m|[0m
[0m   [0m[0m[1m[38;5;12m= [0m[0m[1mnote[0m[0m: `#[warn(unused_imports)]` on by default[0m

[0m[1m[33mwarning[0m[0m[1m: constant is never used: `DEFAULT_MESSAGE`[0m
[0m  [0m[0m[1m[38;5;12m--> [0m[0msrc/lib.rs:16:1[0m
[0m   [0m[0m[1m[38;5;12m|[0m
[0m[1m[38;5;12m16[0m[0m [0m[0m[1m[38;5;12m| [0m[0mconst DEFAULT_MESSAGE: &str = "Hello";[0m
[0m   [0m[0m[1m[38;5;12m| [0m[0m[1m[33m^^^^^^^^^^^^^^^^^^^^^^^^^^^^^^^^^^^^^^[0m
[0m   [0m[0m[1m[38;5;12m|[0m
[0m   [0m[0m[1m[38;5;12m= [0m[0m[1mnote[0m[0m: `#[warn(dead_code)]` on by default[0m

[0m[0m[1m[33mwarning[0m[1m:[0m `hello_near` (lib) generated 2 warnings
[0m[0m[1m[32m    Finished[0m release [optimized] target(s) in 0.59s
Starting deployment. Account id: tdl.just4test.testnet, node: https://rpc.testnet.near.org, helper: https://helper.testnet.near.org, file: ./target/wasm32-unknown-unknown/release/hello_near.wasm
Transaction Id 7HEtEAH93mKwTkrDc9DB3tVWZ3QGddRGTfmNUFJ5CS17
To see the transaction in the transaction explorer, please open this url in your browser
https://explorer.testnet.near.org/transactions/7HEtEAH93mKwTkrDc9DB3tVWZ3QGddRGTfmNUFJ5CS17
Done deploying and initializing tdl.just4test.testnet
[1m[7m%[27m[1m[0m                                                                                                                                                                                           ]2;linhleba@Linhs-MacBook-Pro:~/Desktop/blockchain/demo1]1;..ckchain/demo1[0m[27m[24m[J[01;32mâžœ  [36mdemo1[00m [K[?1h=[?2004hnpm run deploy[14Dnear call tdl.just4test.testnet create_task '{"id":1,"content":"Working"}' --accountId just4test.testnet[?1l>[?2004l
]2;near call tdl.just4test.testnet create_task '{"id":1,"content":"Working"}'  ]1;nearScheduling a call: tdl.just4test.testnet.create_task({"id":1,"content":"Working"})
Doing account.functionCall()
Receipt: 9UEYXv1tUTBx1PDZ5cP7k1LHFSw6esoThWg3HXLEVbWF
	Failure [tdl.just4test.testnet]: Error: {"index":0,"kind":{"ExecutionError":"Smart contract panicked: panicked at 'called `Option::unwrap()` on a `None` value', src/lib.rs:106:54"}}
ServerTransactionError: {"index":0,"kind":{"ExecutionError":"Smart contract panicked: panicked at 'called `Option::unwrap()` on a `None` value', src/lib.rs:106:54"}}
    at Object.parseResultError (/usr/local/lib/node_modules/[4mnear-cli[24m/node_modules/[4mnear-api-js[24m/lib/utils/rpc_errors.js:31:29)
    at Account.signAndSendTransactionV2 (/usr/local/lib/node_modules/[4mnear-cli[24m/node_modules/[4mnear-api-js[24m/lib/account.js:160:36)
[90m    at processTicksAndRejections (node:internal/process/task_queues:96:5)[39m
    at async scheduleFunctionCall (/usr/local/lib/node_modules/[4mnear-cli[24m/commands/call.js:57:38)
    at async Object.handler (/usr/local/lib/node_modules/[4mnear-cli[24m/utils/exit-on-error.js:52:9) {
  type: [32m'FunctionCallError'[39m,
  context: [90mundefined[39m,
  index: [33m0[39m,
  kind: {
    ExecutionError: [32m"Smart contract panicked: panicked at 'called `Option::unwrap()` on a `None` value', src/lib.rs:106:54"[39m
  },
  transaction_outcome: {
    block_hash: [32m'FMAZure89i5dv7TKVBxrRHAyrEfxvaciE56nG7QQreqY'[39m,
    id: [32m'7WonKwJaGjRJ5nUjQdqE2LP4jHto96DGW7bn7GMyS4Zm'[39m,
    outcome: {
      executor_id: [32m'just4test.testnet'[39m,
      gas_burnt: [33m2428008201426[39m,
      logs: [],
      metadata: [36m[Object][39m,
      receipt_ids: [36m[Array][39m,
      status: [36m[Object][39m,
      tokens_burnt: [32m'242800820142600000000'[39m
    },
    proof: []
  }
}
[1m[7m%[27m[1m[0m                                                                                                                                                                                           ]2;linhleba@Linhs-MacBook-Pro:~/Desktop/blockchain/demo1]1;..ckchain/demo1[0m[27m[24m[J[01;32mâžœ  [36mdemo1[00m [K[?1h=[?2004hnear call tdl.just4test.testnet create_task '{"id":1,"content":"Working"}' --accountId just4test.testnet[104Dnpm run deploy                                                                                          [90D[14Dnear call tdl.just4test.testnet create_task '{"id":1,"content":"Working"}' --accountId just4test.testnet[104Dnpm run deploy                                                                                          [90D[?1l>[?2004l
]2;npm run deploy]1;npm
> demo1@1.0.0 deploy
> npm run build:contract && cd contract && near dev-deploy --wasmFile ./target/wasm32-unknown-unknown/release/hello_near.wasm --accountId tdl.just4test.testnet --initFunction new --initArgs '{"owner_id":"just4test.testnet"}'


> demo1@1.0.0 build:contract
> cd contract && rustup target add wasm32-unknown-unknown && cargo build --all --target wasm32-unknown-unknown --release

[1minfo: (B[mcomponent 'rust-std' for target 'wasm32-unknown-unknown' is up to date
[0m[0m[1m[32m   Compiling[0m hello_near v1.0.0 (/Users/linhleba/Desktop/blockchain/demo1/contract)
[0m[0m[1m[36m    Building[0m [=========================> ] 54/55: hello_near                                                                                                                             [K[0m[1m[38;5;9merror[0m[0m[1m: expected one of `!`, `(`, `+`, `,`, `::`, `<`, or `>`, found `.`[0m
[0m   [0m[0m[1m[38;5;12m--> [0m[0msrc/lib.rs:106:60[0m
[0m    [0m[0m[1m[38;5;12m|[0m
[0m[1m[38;5;12m106[0m[0m [0m[0m[1m[38;5;12m| [0m[0m        let taskAccount : Option<AccountId, Vec<u32> = self.task_id_by_accounts.get(&self.owner_id);[0m
[0m    [0m[0m[1m[38;5;12m| [0m[0m            [0m[0m[1m[38;5;12m-----------[0m[0m                                    [0m[0m[1m[38;5;9m^[0m[0m [0m[0m[1m[38;5;9mexpected one of 7 possible tokens[0m
[0m    [0m[0m[1m[38;5;12m| [0m[0m            [0m[0m[1m[38;5;12m|[0m
[0m    [0m[0m[1m[38;5;12m| [0m[0m            [0m[0m[1m[38;5;12mwhile parsing the type for `taskAccount`[0m
[0m    [0m[0m[1m[38;5;12m|[0m
[0m[1m[38;5;14mhelp[0m[0m: you might have meant to end the type parameters here[0m
[0m    [0m[0m[1m[38;5;12m|[0m
[0m[1m[38;5;12m106[0m[0m [0m[0m[1m[38;5;12m| [0m[0m        let taskAccount : Option<AccountId[0m[0m[38;5;10m>[0m[0m, Vec<u32> = self.task_id_by_accounts.get(&self.owner_id);[0m
[0m    [0m[0m[1m[38;5;12m| [0m[0m                                          [0m[0m[38;5;10m+[0m
[0m[1m[38;5;14mhelp[0m[0m: use `=` if you meant to assign[0m
[0m    [0m[0m[1m[38;5;12m|[0m
[0m[1m[38;5;12m106[0m[0m [0m[0m[1m[38;5;12m| [0m[0m        let taskAccount [0m[0m[38;5;10m =[0m[0m Option<AccountId, Vec<u32> = self.task_id_by_accounts.get(&self.owner_id);[0m
[0m    [0m[0m[1m[38;5;12m| [0m[0m                         [0m[0m[38;5;10m~[0m

[0m[0m[1m[36m    Building[0m [=========================> ] 54/55: hello_near                                                                                                                             [K[0m[1m[38;5;9merror[0m[0m[1m: expected one of `!`, `+`, `,`, `::`, or `>`, found `=`[0m
[0m   [0m[0m[1m[38;5;12m--> [0m[0msrc/lib.rs:106:54[0m
[0m    [0m[0m[1m[38;5;12m|[0m
[0m[1m[38;5;12m106[0m[0m [0m[0m[1m[38;5;12m| [0m[0m        let taskAccount : Option<AccountId, Vec<u32> = self.task_id_by_accounts.get(&self.owner_id);[0m
[0m    [0m[0m[1m[38;5;12m| [0m[0m                                                    [0m[0m[1m[38;5;12m-[0m[0m[1m[38;5;9m^[0m[0m [0m[0m[1m[38;5;9mexpected one of `!`, `+`, `,`, `::`, or `>`[0m
[0m    [0m[0m[1m[38;5;12m| [0m[0m                                                    [0m[0m[1m[38;5;12m|[0m
[0m    [0m[0m[1m[38;5;12m| [0m[0m                                                    [0m[0m[1m[38;5;12mhelp: missing `,`[0m

[0m[0m[1m[36m    Building[0m [=========================> ] 54/55: hello_near                                                                                                                             [K[0m[0m[1m[31merror[0m[1m:[0m could not compile `hello_near` due to 2 previous errors
[1m[7m%[27m[1m[0m                                                                                                                                                                                           ]2;linhleba@Linhs-MacBook-Pro:~/Desktop/blockchain/demo1]1;..ckchain/demo1[0m[27m[24m[J[01;31mâžœ  [36mdemo1[00m [K[?1h=[?2004hnpm run deploy[?1l>[?2004l
]2;npm run deploy]1;npm
> demo1@1.0.0 deploy
> npm run build:contract && cd contract && near dev-deploy --wasmFile ./target/wasm32-unknown-unknown/release/hello_near.wasm --accountId tdl.just4test.testnet --initFunction new --initArgs '{"owner_id":"just4test.testnet"}'


> demo1@1.0.0 build:contract
> cd contract && rustup target add wasm32-unknown-unknown && cargo build --all --target wasm32-unknown-unknown --release

[1minfo: (B[mcomponent 'rust-std' for target 'wasm32-unknown-unknown' is up to date
[0m[0m[1m[32m   Compiling[0m hello_near v1.0.0 (/Users/linhleba/Desktop/blockchain/demo1/contract)
[0m[0m[1m[36m    Building[0m [=========================> ] 54/55: hello_near                                                                                                                             [K[0m[1m[33mwarning[0m[0m[1m: unused import: `env`[0m
[0m  [0m[0m[1m[38;5;12m--> [0m[0msrc/lib.rs:11:16[0m
[0m   [0m[0m[1m[38;5;12m|[0m
[0m[1m[38;5;12m11[0m[0m [0m[0m[1m[38;5;12m| [0m[0muse near_sdk::{env, AccountId, BorshStorageKey, PanicOnDefault};[0m
[0m   [0m[0m[1m[38;5;12m| [0m[0m               [0m[0m[1m[33m^^^[0m
[0m   [0m[0m[1m[38;5;12m|[0m
[0m   [0m[0m[1m[38;5;12m= [0m[0m[1mnote[0m[0m: `#[warn(unused_imports)]` on by default[0m

[0m[0m[1m[36m    Building[0m [=========================> ] 54/55: hello_near                                                                                                                             [K[0m[1m[33mwarning[0m[0m[1m: unnecessary parentheses around `if` condition[0m
[0m   [0m[0m[1m[38;5;12m--> [0m[0msrc/lib.rs:107:12[0m
[0m    [0m[0m[1m[38;5;12m|[0m
[0m[1m[38;5;12m107[0m[0m [0m[0m[1m[38;5;12m| [0m[0m        if (None(taskAccount)) {[0m
[0m    [0m[0m[1m[38;5;12m| [0m[0m           [0m[0m[1m[33m^[0m[0m                 [0m[0m[1m[33m^[0m
[0m    [0m[0m[1m[38;5;12m|[0m
[0m    [0m[0m[1m[38;5;12m= [0m[0m[1mnote[0m[0m: `#[warn(unused_parens)]` on by default[0m
[0m[1m[38;5;14mhelp[0m[0m: remove these parentheses[0m
[0m    [0m[0m[1m[38;5;12m|[0m
[0m[1m[38;5;12m107[0m[0m [0m[0m[38;5;9m- [0m[0m        if [0m[0m[38;5;9m([0m[0mNone(taskAccount)[0m[0m[38;5;9m)[0m[0m {[0m
[0m[1m[38;5;12m107[0m[0m [0m[0m[38;5;10m+ [0m[0m        if None(taskAccount) {[0m
[0m    [0m[0m[1m[38;5;12m| [0m

[0m[0m[1m[36m    Building[0m [=========================> ] 54/55: hello_near                                                                                                                             [K[0m[1m[38;5;9merror[E0107][0m[0m[1m: this enum takes 1 generic argument but 2 generic arguments were supplied[0m
[0m   [0m[0m[1m[38;5;12m--> [0m[0msrc/lib.rs:106:27[0m
[0m    [0m[0m[1m[38;5;12m|[0m
[0m[1m[38;5;12m106[0m[0m [0m[0m[1m[38;5;12m| [0m[0m        let taskAccount : Option<AccountId, Vec<u32>> = self.task_id_by_accounts.get(&self.owner_id);[0m
[0m    [0m[0m[1m[38;5;12m| [0m[0m                          [0m[0m[1m[38;5;9m^^^^^^[0m[0m            [0m[0m[1m[38;5;12m---------[0m[0m [0m[0m[1m[38;5;12mhelp: remove this generic argument[0m
[0m    [0m[0m[1m[38;5;12m| [0m[0m                          [0m[0m[1m[38;5;9m|[0m
[0m    [0m[0m[1m[38;5;12m| [0m[0m                          [0m[0m[1m[38;5;9mexpected 1 generic argument[0m

[0m[0m[1m[36m    Building[0m [=========================> ] 54/55: hello_near                                                                                                                             [K[0m[1m[38;5;9merror[E0308][0m[0m[1m: mismatched types[0m
[0m   [0m[0m[1m[38;5;12m--> [0m[0msrc/lib.rs:106:57[0m
[0m    [0m[0m[1m[38;5;12m|[0m
[0m[1m[38;5;12m106[0m[0m [0m[0m[1m[38;5;12m| [0m[0m        let taskAccount : Option<AccountId, Vec<u32>> = self.task_id_by_accounts.get(&self.owner_id);[0m
[0m    [0m[0m[1m[38;5;12m| [0m[0m                          [0m[0m[1m[38;5;12m---------------------------[0m[0m   [0m[0m[1m[38;5;9m^^^^^^^^^^^^^^^^^^^^^^^^^^^^^^^^^^^^^^^^^^^^[0m[0m [0m[0m[1m[38;5;9mexpected struct `AccountId`, found struct `Vec`[0m
[0m    [0m[0m[1m[38;5;12m| [0m[0m                          [0m[0m[1m[38;5;12m|[0m
[0m    [0m[0m[1m[38;5;12m| [0m[0m                          [0m[0m[1m[38;5;12mexpected due to this[0m
[0m    [0m[0m[1m[38;5;12m|[0m
[0m    [0m[0m[1m[38;5;12m= [0m[0m[1mnote[0m[0m: expected enum `std::option::Option<[0m[0m[1mAccountId[0m[0m>`[0m
[0m               found enum `std::option::Option<[0m[0m[1mVec<u32>[0m[0m>`[0m

[0m[1m[38;5;9merror[E0618][0m[0m[1m: expected function, found enum variant `None`[0m
[0m   [0m[0m[1m[38;5;12m--> [0m[0msrc/lib.rs:107:13[0m
[0m    [0m[0m[1m[38;5;12m|[0m
[0m[1m[38;5;12m107[0m[0m [0m[0m[1m[38;5;12m| [0m[0m        if (None(taskAccount)) {[0m
[0m    [0m[0m[1m[38;5;12m| [0m[0m           [0m[0m[1m[38;5;12m-[0m[0m[1m[38;5;9m^^^^[0m[0m[1m[38;5;12m--------------[0m[0m [0m[0m[1m[38;5;12mcall expression requires function[0m
[0m    [0m[0m[1m[38;5;12m|[0m
[0m[1m[38;5;14mhelp[0m[0m: `None` is a unit variant, you need to write it without the parentheses[0m
[0m    [0m[0m[1m[38;5;12m|[0m
[0m[1m[38;5;12m107[0m[0m [0m[0m[38;5;9m- [0m[0m        if (None[0m[0m[38;5;9m(taskAccount))[0m[0m {[0m
[0m[1m[38;5;12m107[0m[0m [0m[0m[38;5;10m+ [0m[0m        if (None {[0m
[0m    [0m[0m[1m[38;5;12m| [0m

[0m[0m[1m[36m    Building[0m [=========================> ] 54/55: hello_near                                                                                                                             [K[0m[1m[38;5;9merror[E0061][0m[0m[1m: this function takes 2 arguments but 1 argument was supplied[0m
[0m   [0m[0m[1m[38;5;12m--> [0m[0msrc/lib.rs:108:38[0m
[0m    [0m[0m[1m[38;5;12m|[0m
[0m[1m[38;5;12m108[0m[0m [0m[0m[1m[38;5;12m| [0m[0m            self.task_id_by_accounts.insert(task.id);[0m
[0m    [0m[0m[1m[38;5;12m| [0m[0m                                     [0m[0m[1m[38;5;9m^^^^^^[0m[0m [0m[0m[1m[38;5;12m-------[0m[0m [0m[0m[1m[38;5;12msupplied 1 argument[0m
[0m    [0m[0m[1m[38;5;12m| [0m[0m                                     [0m[0m[1m[38;5;9m|[0m
[0m    [0m[0m[1m[38;5;12m| [0m[0m                                     [0m[0m[1m[38;5;9mexpected 2 arguments[0m
[0m    [0m[0m[1m[38;5;12m|[0m
[0m[1m[38;5;10mnote[0m[0m: associated function defined here[0m
[0m   [0m[0m[1m[38;5;12m--> [0m[0m/Users/linhleba/.cargo/registry/src/github.com-1ecc6299db9ec823/near-sdk-4.0.0/src/collections/lookup_map.rs:173:12[0m
[0m    [0m[0m[1m[38;5;12m|[0m
[0m[1m[38;5;12m173[0m[0m [0m[0m[1m[38;5;12m| [0m[0m    pub fn insert(&mut self, key: &K, value: &V) -> Option<V> {[0m
[0m    [0m[0m[1m[38;5;12m| [0m[0m           [0m[0m[1m[38;5;10m^^^^^^[0m

[0m[0m[1m[36m    Building[0m [=========================> ] 54/55: hello_near                                                                                                                             [K[0m[1m[38;5;9merror[E0599][0m[0m[1m: no method named `push` found for struct `AccountId` in the current scope[0m
[0m   [0m[0m[1m[38;5;12m--> [0m[0msrc/lib.rs:111:34[0m
[0m    [0m[0m[1m[38;5;12m|[0m
[0m[1m[38;5;12m111[0m[0m [0m[0m[1m[38;5;12m| [0m[0m            taskAccount.unwrap().push(task.id);[0m
[0m    [0m[0m[1m[38;5;12m| [0m[0m                                 [0m[0m[1m[38;5;9m^^^^[0m[0m [0m[0m[1m[38;5;9mmethod not found in `AccountId`[0m

[0m[0m[1m[36m    Building[0m [=========================> ] 54/55: hello_near                                                                                                                             [K[0m[1mSome errors have detailed explanations: E0061, E0107, E0308, E0599, E0618.[0m
[0m[1mFor more information about an error, try `rustc --explain E0061`.[0m
[0m[0m[1m[36m    Building[0m [=========================> ] 54/55: hello_near                                                                                                                             [K[0m[0m[1m[33mwarning[0m[1m:[0m `hello_near` (lib) generated 2 warnings
[0m[0m[1m[31merror[0m[1m:[0m could not compile `hello_near` due to 5 previous errors; 2 warnings emitted
[1m[7m%[27m[1m[0m                                                                                                                                                                                           ]2;linhleba@Linhs-MacBook-Pro:~/Desktop/blockchain/demo1]1;..ckchain/demo1[0m[27m[24m[J[01;31mâžœ  [36mdemo1[00m [K[?1h=[?2004hnpm run deploy[?1l>[?2004l
]2;npm run deploy]1;npm
> demo1@1.0.0 deploy
> npm run build:contract && cd contract && near dev-deploy --wasmFile ./target/wasm32-unknown-unknown/release/hello_near.wasm --accountId tdl.just4test.testnet --initFunction new --initArgs '{"owner_id":"just4test.testnet"}'


> demo1@1.0.0 build:contract
> cd contract && rustup target add wasm32-unknown-unknown && cargo build --all --target wasm32-unknown-unknown --release

[1minfo: (B[mcomponent 'rust-std' for target 'wasm32-unknown-unknown' is up to date
[0m[0m[1m[32m   Compiling[0m hello_near v1.0.0 (/Users/linhleba/Desktop/blockchain/demo1/contract)
[0m[0m[1m[36m    Building[0m [=========================> ] 54/55: hello_near                                                                                                                             [K[0m[1m[38;5;9merror[E0425][0m[0m[1m: cannot find value `owner_id` in this scope[0m
[0m   [0m[0m[1m[38;5;12m--> [0m[0msrc/lib.rs:108:45[0m
[0m    [0m[0m[1m[38;5;12m|[0m
[0m[1m[38;5;12m108[0m[0m [0m[0m[1m[38;5;12m| [0m[0m            self.task_id_by_accounts.insert(owner_id, task.id);[0m
[0m    [0m[0m[1m[38;5;12m| [0m[0m                                            [0m[0m[1m[38;5;9m^^^^^^^^[0m[0m [0m[0m[1m[38;5;9mhelp: you might have meant to use the available field: `self.owner_id`[0m

[0m[0m[1m[36m    Building[0m [=========================> ] 54/55: hello_near                                                                                                                             [K[0m[1m[33mwarning[0m[0m[1m: unused import: `env`[0m
[0m  [0m[0m[1m[38;5;12m--> [0m[0msrc/lib.rs:11:16[0m
[0m   [0m[0m[1m[38;5;12m|[0m
[0m[1m[38;5;12m11[0m[0m [0m[0m[1m[38;5;12m| [0m[0muse near_sdk::{env, AccountId, BorshStorageKey, PanicOnDefault};[0m
[0m   [0m[0m[1m[38;5;12m| [0m[0m               [0m[0m[1m[33m^^^[0m
[0m   [0m[0m[1m[38;5;12m|[0m
[0m   [0m[0m[1m[38;5;12m= [0m[0m[1mnote[0m[0m: `#[warn(unused_imports)]` on by default[0m

[0m[1m[33mwarning[0m[0m[1m: unnecessary parentheses around `if` condition[0m
[0m   [0m[0m[1m[38;5;12m--> [0m[0msrc/lib.rs:107:12[0m
[0m    [0m[0m[1m[38;5;12m|[0m
[0m[1m[38;5;12m107[0m[0m [0m[0m[1m[38;5;12m| [0m[0m        if (None(taskAccount)) {[0m
[0m    [0m[0m[1m[38;5;12m| [0m[0m           [0m[0m[1m[33m^[0m[0m                 [0m[0m[1m[33m^[0m
[0m    [0m[0m[1m[38;5;12m|[0m
[0m    [0m[0m[1m[38;5;12m= [0m[0m[1mnote[0m[0m: `#[warn(unused_parens)]` on by default[0m
[0m[1m[38;5;14mhelp[0m[0m: remove these parentheses[0m
[0m    [0m[0m[1m[38;5;12m|[0m
[0m[1m[38;5;12m107[0m[0m [0m[0m[38;5;9m- [0m[0m        if [0m[0m[38;5;9m([0m[0mNone(taskAccount)[0m[0m[38;5;9m)[0m[0m {[0m
[0m[1m[38;5;12m107[0m[0m [0m[0m[38;5;10m+ [0m[0m        if None(taskAccount) {[0m
[0m    [0m[0m[1m[38;5;12m| [0m

[0m[0m[1m[36m    Building[0m [=========================> ] 54/55: hello_near                                                                                                                             [K[0m[1m[38;5;9merror[E0107][0m[0m[1m: this enum takes 1 generic argument but 2 generic arguments were supplied[0m
[0m   [0m[0m[1m[38;5;12m--> [0m[0msrc/lib.rs:106:27[0m
[0m    [0m[0m[1m[38;5;12m|[0m
[0m[1m[38;5;12m106[0m[0m [0m[0m[1m[38;5;12m| [0m[0m        let taskAccount : Option<AccountId, Vec<u32>> = self.task_id_by_accounts.get(&self.owner_id);[0m
[0m    [0m[0m[1m[38;5;12m| [0m[0m                          [0m[0m[1m[38;5;9m^^^^^^[0m[0m            [0m[0m[1m[38;5;12m---------[0m[0m [0m[0m[1m[38;5;12mhelp: remove this generic argument[0m
[0m    [0m[0m[1m[38;5;12m| [0m[0m                          [0m[0m[1m[38;5;9m|[0m
[0m    [0m[0m[1m[38;5;12m| [0m[0m                          [0m[0m[1m[38;5;9mexpected 1 generic argument[0m

[0m[0m[1m[36m    Building[0m [=========================> ] 54/55: hello_near                                                                                                                             [K[0m[1m[38;5;9merror[E0308][0m[0m[1m: mismatched types[0m
[0m   [0m[0m[1m[38;5;12m--> [0m[0msrc/lib.rs:106:57[0m
[0m    [0m[0m[1m[38;5;12m|[0m
[0m[1m[38;5;12m106[0m[0m [0m[0m[1m[38;5;12m| [0m[0m        let taskAccount : Option<AccountId, Vec<u32>> = self.task_id_by_accounts.get(&self.owner_id);[0m
[0m    [0m[0m[1m[38;5;12m| [0m[0m                          [0m[0m[1m[38;5;12m---------------------------[0m[0m   [0m[0m[1m[38;5;9m^^^^^^^^^^^^^^^^^^^^^^^^^^^^^^^^^^^^^^^^^^^^[0m[0m [0m[0m[1m[38;5;9mexpected struct `AccountId`, found struct `Vec`[0m
[0m    [0m[0m[1m[38;5;12m| [0m[0m                          [0m[0m[1m[38;5;12m|[0m
[0m    [0m[0m[1m[38;5;12m| [0m[0m                          [0m[0m[1m[38;5;12mexpected due to this[0m
[0m    [0m[0m[1m[38;5;12m|[0m
[0m    [0m[0m[1m[38;5;12m= [0m[0m[1mnote[0m[0m: expected enum `std::option::Option<[0m[0m[1mAccountId[0m[0m>`[0m
[0m               found enum `std::option::Option<[0m[0m[1mVec<u32>[0m[0m>`[0m

[0m[0m[1m[36m    Building[0m [=========================> ] 54/55: hello_near                                                                                                                             [K[0m[1m[38;5;9merror[E0618][0m[0m[1m: expected function, found enum variant `None`[0m
[0m   [0m[0m[1m[38;5;12m--> [0m[0msrc/lib.rs:107:13[0m
[0m    [0m[0m[1m[38;5;12m|[0m
[0m[1m[38;5;12m107[0m[0m [0m[0m[1m[38;5;12m| [0m[0m        if (None(taskAccount)) {[0m
[0m    [0m[0m[1m[38;5;12m| [0m[0m           [0m[0m[1m[38;5;12m-[0m[0m[1m[38;5;9m^^^^[0m[0m[1m[38;5;12m--------------[0m[0m [0m[0m[1m[38;5;12mcall expression requires function[0m
[0m    [0m[0m[1m[38;5;12m|[0m
[0m[1m[38;5;14mhelp[0m[0m: `None` is a unit variant, you need to write it without the parentheses[0m
[0m    [0m[0m[1m[38;5;12m|[0m
[0m[1m[38;5;12m107[0m[0m [0m[0m[38;5;9m- [0m[0m        if (None[0m[0m[38;5;9m(taskAccount))[0m[0m {[0m
[0m[1m[38;5;12m107[0m[0m [0m[0m[38;5;10m+ [0m[0m        if (None {[0m
[0m    [0m[0m[1m[38;5;12m| [0m

[0m[0m[1m[36m    Building[0m [=========================> ] 54/55: hello_near                                                                                                                             [K[0m[1m[38;5;9merror[E0308][0m[0m[1m: mismatched types[0m
[0m   [0m[0m[1m[38;5;12m--> [0m[0msrc/lib.rs:108:55[0m
[0m    [0m[0m[1m[38;5;12m|[0m
[0m[1m[38;5;12m108[0m[0m [0m[0m[1m[38;5;12m| [0m[0m            self.task_id_by_accounts.insert(owner_id, task.id);[0m
[0m    [0m[0m[1m[38;5;12m| [0m[0m                                                      [0m[0m[1m[38;5;9m^^^^^^^[0m[0m [0m[0m[1m[38;5;9mexpected `&Vec<u32>`, found `u32`[0m
[0m    [0m[0m[1m[38;5;12m|[0m
[0m    [0m[0m[1m[38;5;12m= [0m[0m[1mnote[0m[0m: expected reference `[0m[0m[1m&Vec<u32>[0m[0m`[0m
[0m                    found type `[0m[0m[1mu32[0m[0m`[0m

[0m[0m[1m[36m    Building[0m [=========================> ] 54/55: hello_near                                                                                                                             [K[0m[1m[38;5;9merror[E0599][0m[0m[1m: no method named `push` found for struct `AccountId` in the current scope[0m
[0m   [0m[0m[1m[38;5;12m--> [0m[0msrc/lib.rs:111:34[0m
[0m    [0m[0m[1m[38;5;12m|[0m
[0m[1m[38;5;12m111[0m[0m [0m[0m[1m[38;5;12m| [0m[0m            taskAccount.unwrap().push(task.id);[0m
[0m    [0m[0m[1m[38;5;12m| [0m[0m                                 [0m[0m[1m[38;5;9m^^^^[0m[0m [0m[0m[1m[38;5;9mmethod not found in `AccountId`[0m

[0m[0m[1m[36m    Building[0m [=========================> ] 54/55: hello_near                                                                                                                             [K[0m[1mSome errors have detailed explanations: E0107, E0308, E0425, E0599, E0618.[0m
[0m[0m[1m[36m    Building[0m [=========================> ] 54/55: hello_near                                                                                                                             [K[0m[1mFor more information about an error, try `rustc --explain E0107`.[0m
[0m[0m[1m[36m    Building[0m [=========================> ] 54/55: hello_near                                                                                                                             [K[0m[0m[1m[33mwarning[0m[1m:[0m `hello_near` (lib) generated 2 warnings
[0m[0m[1m[31merror[0m[1m:[0m could not compile `hello_near` due to 6 previous errors; 2 warnings emitted
[1m[7m%[27m[1m[0m                                                                                                                                                                                           ]2;linhleba@Linhs-MacBook-Pro:~/Desktop/blockchain/demo1]1;..ckchain/demo1[0m[27m[24m[J[01;31mâžœ  [36mdemo1[00m [K[?1h=[?2004hnpm run deploy[?1l>[?2004l
]2;npm run deploy]1;npm
> demo1@1.0.0 deploy
> npm run build:contract && cd contract && near dev-deploy --wasmFile ./target/wasm32-unknown-unknown/release/hello_near.wasm --accountId tdl.just4test.testnet --initFunction new --initArgs '{"owner_id":"just4test.testnet"}'


> demo1@1.0.0 build:contract
> cd contract && rustup target add wasm32-unknown-unknown && cargo build --all --target wasm32-unknown-unknown --release

[1minfo: (B[mcomponent 'rust-std' for target 'wasm32-unknown-unknown' is up to date
[0m[0m[1m[32m   Compiling[0m hello_near v1.0.0 (/Users/linhleba/Desktop/blockchain/demo1/contract)
[0m[0m[1m[36m    Building[0m [=========================> ] 54/55: hello_near                                                                                                                             [K[0m[1m[38;5;9merror[E0425][0m[0m[1m: cannot find value `owner_id` in this scope[0m
[0m   [0m[0m[1m[38;5;12m--> [0m[0msrc/lib.rs:108:45[0m
[0m    [0m[0m[1m[38;5;12m|[0m
[0m[1m[38;5;12m108[0m[0m [0m[0m[1m[38;5;12m| [0m[0m            self.task_id_by_accounts.insert(owner_id, &task.id);[0m
[0m    [0m[0m[1m[38;5;12m| [0m[0m                                            [0m[0m[1m[38;5;9m^^^^^^^^[0m[0m [0m[0m[1m[38;5;9mhelp: you might have meant to use the available field: `self.owner_id`[0m

[0m[0m[1m[36m    Building[0m [=========================> ] 54/55: hello_near                                                                                                                             [K[0m[1m[33mwarning[0m[0m[1m: unused import: `env`[0m
[0m  [0m[0m[1m[38;5;12m--> [0m[0msrc/lib.rs:11:16[0m
[0m   [0m[0m[1m[38;5;12m|[0m
[0m[1m[38;5;12m11[0m[0m [0m[0m[1m[38;5;12m| [0m[0muse near_sdk::{env, AccountId, BorshStorageKey, PanicOnDefault};[0m
[0m   [0m[0m[1m[38;5;12m| [0m[0m               [0m[0m[1m[33m^^^[0m
[0m   [0m[0m[1m[38;5;12m|[0m
[0m   [0m[0m[1m[38;5;12m= [0m[0m[1mnote[0m[0m: `#[warn(unused_imports)]` on by default[0m

[0m[0m[1m[36m    Building[0m [=========================> ] 54/55: hello_near                                                                                                                             [K[0m[1m[33mwarning[0m[0m[1m: unnecessary parentheses around `if` condition[0m
[0m   [0m[0m[1m[38;5;12m--> [0m[0msrc/lib.rs:107:12[0m
[0m    [0m[0m[1m[38;5;12m|[0m
[0m[1m[38;5;12m107[0m[0m [0m[0m[1m[38;5;12m| [0m[0m        if (None(taskAccount)) {[0m
[0m    [0m[0m[1m[38;5;12m| [0m[0m           [0m[0m[1m[33m^[0m[0m                 [0m[0m[1m[33m^[0m
[0m    [0m[0m[1m[38;5;12m|[0m
[0m    [0m[0m[1m[38;5;12m= [0m[0m[1mnote[0m[0m: `#[warn(unused_parens)]` on by default[0m
[0m[1m[38;5;14mhelp[0m[0m: remove these parentheses[0m
[0m    [0m[0m[1m[38;5;12m|[0m
[0m[1m[38;5;12m107[0m[0m [0m[0m[38;5;9m- [0m[0m        if [0m[0m[38;5;9m([0m[0mNone(taskAccount)[0m[0m[38;5;9m)[0m[0m {[0m
[0m[1m[38;5;12m107[0m[0m [0m[0m[38;5;10m+ [0m[0m        if None(taskAccount) {[0m
[0m    [0m[0m[1m[38;5;12m| [0m

[0m[0m[1m[36m    Building[0m [=========================> ] 54/55: hello_near                                                                                                                             [K[0m[1m[38;5;9merror[E0107][0m[0m[1m: this enum takes 1 generic argument but 2 generic arguments were supplied[0m
[0m   [0m[0m[1m[38;5;12m--> [0m[0msrc/lib.rs:106:27[0m
[0m    [0m[0m[1m[38;5;12m|[0m
[0m[1m[38;5;12m106[0m[0m [0m[0m[1m[38;5;12m| [0m[0m        let taskAccount : Option<AccountId, Vec<u32>> = self.task_id_by_accounts.get(&self.owner_id);[0m
[0m    [0m[0m[1m[38;5;12m| [0m[0m                          [0m[0m[1m[38;5;9m^^^^^^[0m[0m            [0m[0m[1m[38;5;12m---------[0m[0m [0m[0m[1m[38;5;12mhelp: remove this generic argument[0m
[0m    [0m[0m[1m[38;5;12m| [0m[0m                          [0m[0m[1m[38;5;9m|[0m
[0m    [0m[0m[1m[38;5;12m| [0m[0m                          [0m[0m[1m[38;5;9mexpected 1 generic argument[0m

[0m[0m[1m[36m    Building[0m [=========================> ] 54/55: hello_near                                                                                                                             [K[0m[1m[38;5;9merror[E0308][0m[0m[1m: mismatched types[0m
[0m   [0m[0m[1m[38;5;12m--> [0m[0msrc/lib.rs:106:57[0m
[0m    [0m[0m[1m[38;5;12m|[0m
[0m[1m[38;5;12m106[0m[0m [0m[0m[1m[38;5;12m| [0m[0m        let taskAccount : Option<AccountId, Vec<u32>> = self.task_id_by_accounts.get(&self.owner_id);[0m
[0m    [0m[0m[1m[38;5;12m| [0m[0m                          [0m[0m[1m[38;5;12m---------------------------[0m[0m   [0m[0m[1m[38;5;9m^^^^^^^^^^^^^^^^^^^^^^^^^^^^^^^^^^^^^^^^^^^^[0m[0m [0m[0m[1m[38;5;9mexpected struct `AccountId`, found struct `Vec`[0m
[0m    [0m[0m[1m[38;5;12m| [0m[0m                          [0m[0m[1m[38;5;12m|[0m
[0m    [0m[0m[1m[38;5;12m| [0m[0m                          [0m[0m[1m[38;5;12mexpected due to this[0m
[0m    [0m[0m[1m[38;5;12m|[0m
[0m    [0m[0m[1m[38;5;12m= [0m[0m[1mnote[0m[0m: expected enum `std::option::Option<[0m[0m[1mAccountId[0m[0m>`[0m
[0m               found enum `std::option::Option<[0m[0m[1mVec<u32>[0m[0m>`[0m

[0m[0m[1m[36m    Building[0m [=========================> ] 54/55: hello_near                                                                                                                             [K[0m[1m[38;5;9merror[E0618][0m[0m[1m: expected function, found enum variant `None`[0m
[0m   [0m[0m[1m[38;5;12m--> [0m[0msrc/lib.rs:107:13[0m
[0m    [0m[0m[1m[38;5;12m|[0m
[0m[1m[38;5;12m107[0m[0m [0m[0m[1m[38;5;12m| [0m[0m        if (None(taskAccount)) {[0m
[0m    [0m[0m[1m[38;5;12m| [0m[0m           [0m[0m[1m[38;5;12m-[0m[0m[1m[38;5;9m^^^^[0m[0m[1m[38;5;12m--------------[0m[0m [0m[0m[1m[38;5;12mcall expression requires function[0m
[0m    [0m[0m[1m[38;5;12m|[0m
[0m[1m[38;5;14mhelp[0m[0m: `None` is a unit variant, you need to write it without the parentheses[0m
[0m    [0m[0m[1m[38;5;12m|[0m
[0m[1m[38;5;12m107[0m[0m [0m[0m[38;5;9m- [0m[0m        if (None[0m[0m[38;5;9m(taskAccount))[0m[0m {[0m
[0m[1m[38;5;12m107[0m[0m [0m[0m[38;5;10m+ [0m[0m        if (None {[0m
[0m    [0m[0m[1m[38;5;12m| [0m

[0m[0m[1m[36m    Building[0m [=========================> ] 54/55: hello_near                                                                                                                             [K[0m[1m[38;5;9merror[E0308][0m[0m[1m: mismatched types[0m
[0m   [0m[0m[1m[38;5;12m--> [0m[0msrc/lib.rs:108:55[0m
[0m    [0m[0m[1m[38;5;12m|[0m
[0m[1m[38;5;12m108[0m[0m [0m[0m[1m[38;5;12m| [0m[0m            self.task_id_by_accounts.insert(owner_id, &task.id);[0m
[0m    [0m[0m[1m[38;5;12m| [0m[0m                                                      [0m[0m[1m[38;5;9m^^^^^^^^[0m[0m [0m[0m[1m[38;5;9mexpected struct `Vec`, found `u32`[0m
[0m    [0m[0m[1m[38;5;12m|[0m
[0m    [0m[0m[1m[38;5;12m= [0m[0m[1mnote[0m[0m: expected reference `[0m[0m[1m&Vec<u32>[0m[0m`[0m
[0m               found reference `[0m[0m[1m&u32[0m[0m`[0m

[0m[0m[1m[36m    Building[0m [=========================> ] 54/55: hello_near                                                                                                                             [K[0m[1m[38;5;9merror[E0599][0m[0m[1m: no method named `push` found for struct `AccountId` in the current scope[0m
[0m   [0m[0m[1m[38;5;12m--> [0m[0msrc/lib.rs:111:34[0m
[0m    [0m[0m[1m[38;5;12m|[0m
[0m[1m[38;5;12m111[0m[0m [0m[0m[1m[38;5;12m| [0m[0m            taskAccount.unwrap().push(task.id);[0m
[0m    [0m[0m[1m[38;5;12m| [0m[0m                                 [0m[0m[1m[38;5;9m^^^^[0m[0m [0m[0m[1m[38;5;9mmethod not found in `AccountId`[0m

[0m[0m[1m[36m    Building[0m [=========================> ] 54/55: hello_near                                                                                                                             [K[0m[1mSome errors have detailed explanations: E0107, E0308, E0425, E0599, E0618.[0m
[0m[0m[1m[36m    Building[0m [=========================> ] 54/55: hello_near                                                                                                                             [K[0m[1mFor more information about an error, try `rustc --explain E0107`.[0m
[0m[0m[1m[36m    Building[0m [=========================> ] 54/55: hello_near                                                                                                                             [K[0m[0m[1m[33mwarning[0m[1m:[0m `hello_near` (lib) generated 2 warnings
[0m[0m[1m[31merror[0m[1m:[0m could not compile `hello_near` due to 6 previous errors; 2 warnings emitted
[1m[7m%[27m[1m[0m                                                                                                                                                                                           ]2;linhleba@Linhs-MacBook-Pro:~/Desktop/blockchain/demo1]1;..ckchain/demo1[0m[27m[24m[J[01;31mâžœ  [36mdemo1[00m [K[?1h=[?2004hnpm run deploy[?1l>[?2004l
]2;npm run deploy]1;npm
> demo1@1.0.0 deploy
> npm run build:contract && cd contract && near dev-deploy --wasmFile ./target/wasm32-unknown-unknown/release/hello_near.wasm --accountId tdl.just4test.testnet --initFunction new --initArgs '{"owner_id":"just4test.testnet"}'


> demo1@1.0.0 build:contract
> cd contract && rustup target add wasm32-unknown-unknown && cargo build --all --target wasm32-unknown-unknown --release

[1minfo: (B[mcomponent 'rust-std' for target 'wasm32-unknown-unknown' is up to date
[0m[0m[1m[32m   Compiling[0m hello_near v1.0.0 (/Users/linhleba/Desktop/blockchain/demo1/contract)
[0m[0m[1m[36m    Building[0m [=========================> ] 54/55: hello_near                                                                                                                             [K[0m[1m[38;5;9merror[E0425][0m[0m[1m: cannot find value `owner_id` in this scope[0m
[0m   [0m[0m[1m[38;5;12m--> [0m[0msrc/lib.rs:108:32[0m
[0m    [0m[0m[1m[38;5;12m|[0m
[0m[1m[38;5;12m108[0m[0m [0m[0m[1m[38;5;12m| [0m[0m            taskAccount.insert(owner_id, &task.id);[0m
[0m    [0m[0m[1m[38;5;12m| [0m[0m                               [0m[0m[1m[38;5;9m^^^^^^^^[0m[0m [0m[0m[1m[38;5;9mhelp: you might have meant to use the available field: `self.owner_id`[0m

[0m[0m[1m[36m    Building[0m [=========================> ] 54/55: hello_near                                                                                                                             [K[0m[1m[33mwarning[0m[0m[1m: unused import: `env`[0m
[0m  [0m[0m[1m[38;5;12m--> [0m[0msrc/lib.rs:11:16[0m
[0m   [0m[0m[1m[38;5;12m|[0m
[0m[1m[38;5;12m11[0m[0m [0m[0m[1m[38;5;12m| [0m[0muse near_sdk::{env, AccountId, BorshStorageKey, PanicOnDefault};[0m
[0m   [0m[0m[1m[38;5;12m| [0m[0m               [0m[0m[1m[33m^^^[0m
[0m   [0m[0m[1m[38;5;12m|[0m
[0m   [0m[0m[1m[38;5;12m= [0m[0m[1mnote[0m[0m: `#[warn(unused_imports)]` on by default[0m

[0m[0m[1m[36m    Building[0m [=========================> ] 54/55: hello_near                                                                                                                             [K[0m[1m[33mwarning[0m[0m[1m: unnecessary parentheses around `if` condition[0m
[0m   [0m[0m[1m[38;5;12m--> [0m[0msrc/lib.rs:107:12[0m
[0m    [0m[0m[1m[38;5;12m|[0m
[0m[1m[38;5;12m107[0m[0m [0m[0m[1m[38;5;12m| [0m[0m        if (None(taskAccount)) {[0m
[0m    [0m[0m[1m[38;5;12m| [0m[0m           [0m[0m[1m[33m^[0m[0m                 [0m[0m[1m[33m^[0m
[0m    [0m[0m[1m[38;5;12m|[0m
[0m    [0m[0m[1m[38;5;12m= [0m[0m[1mnote[0m[0m: `#[warn(unused_parens)]` on by default[0m
[0m[1m[38;5;14mhelp[0m[0m: remove these parentheses[0m
[0m    [0m[0m[1m[38;5;12m|[0m
[0m[1m[38;5;12m107[0m[0m [0m[0m[38;5;9m- [0m[0m        if [0m[0m[38;5;9m([0m[0mNone(taskAccount)[0m[0m[38;5;9m)[0m[0m {[0m
[0m[1m[38;5;12m107[0m[0m [0m[0m[38;5;10m+ [0m[0m        if None(taskAccount) {[0m
[0m    [0m[0m[1m[38;5;12m| [0m

[0m[0m[1m[36m    Building[0m [=========================> ] 54/55: hello_near                                                                                                                             [K[0m[1m[38;5;9merror[E0107][0m[0m[1m: this enum takes 1 generic argument but 2 generic arguments were supplied[0m
[0m   [0m[0m[1m[38;5;12m--> [0m[0msrc/lib.rs:106:27[0m
[0m    [0m[0m[1m[38;5;12m|[0m
[0m[1m[38;5;12m106[0m[0m [0m[0m[1m[38;5;12m| [0m[0m        let taskAccount : Option<AccountId, Vec<u32>> = self.task_id_by_accounts.get(&self.owner_id);[0m
[0m    [0m[0m[1m[38;5;12m| [0m[0m                          [0m[0m[1m[38;5;9m^^^^^^[0m[0m            [0m[0m[1m[38;5;12m---------[0m[0m [0m[0m[1m[38;5;12mhelp: remove this generic argument[0m
[0m    [0m[0m[1m[38;5;12m| [0m[0m                          [0m[0m[1m[38;5;9m|[0m
[0m    [0m[0m[1m[38;5;12m| [0m[0m                          [0m[0m[1m[38;5;9mexpected 1 generic argument[0m

[0m[0m[1m[36m    Building[0m [=========================> ] 54/55: hello_near                                                                                                                             [K[0m[1m[38;5;9merror[E0308][0m[0m[1m: mismatched types[0m
[0m   [0m[0m[1m[38;5;12m--> [0m[0msrc/lib.rs:106:57[0m
[0m    [0m[0m[1m[38;5;12m|[0m
[0m[1m[38;5;12m106[0m[0m [0m[0m[1m[38;5;12m| [0m[0m        let taskAccount : Option<AccountId, Vec<u32>> = self.task_id_by_accounts.get(&self.owner_id);[0m
[0m    [0m[0m[1m[38;5;12m| [0m[0m                          [0m[0m[1m[38;5;12m---------------------------[0m[0m   [0m[0m[1m[38;5;9m^^^^^^^^^^^^^^^^^^^^^^^^^^^^^^^^^^^^^^^^^^^^[0m[0m [0m[0m[1m[38;5;9mexpected struct `AccountId`, found struct `Vec`[0m
[0m    [0m[0m[1m[38;5;12m| [0m[0m                          [0m[0m[1m[38;5;12m|[0m
[0m    [0m[0m[1m[38;5;12m| [0m[0m                          [0m[0m[1m[38;5;12mexpected due to this[0m
[0m    [0m[0m[1m[38;5;12m|[0m
[0m    [0m[0m[1m[38;5;12m= [0m[0m[1mnote[0m[0m: expected enum `std::option::Option<[0m[0m[1mAccountId[0m[0m>`[0m
[0m               found enum `std::option::Option<[0m[0m[1mVec<u32>[0m[0m>`[0m

[0m[0m[1m[36m    Building[0m [=========================> ] 54/55: hello_near                                                                                                                             [K[0m[1m[38;5;9merror[E0618][0m[0m[1m: expected function, found enum variant `None`[0m
[0m   [0m[0m[1m[38;5;12m--> [0m[0msrc/lib.rs:107:13[0m
[0m    [0m[0m[1m[38;5;12m|[0m
[0m[1m[38;5;12m107[0m[0m [0m[0m[1m[38;5;12m| [0m[0m        if (None(taskAccount)) {[0m
[0m    [0m[0m[1m[38;5;12m| [0m[0m           [0m[0m[1m[38;5;12m-[0m[0m[1m[38;5;9m^^^^[0m[0m[1m[38;5;12m--------------[0m[0m [0m[0m[1m[38;5;12mcall expression requires function[0m
[0m    [0m[0m[1m[38;5;12m|[0m
[0m[1m[38;5;14mhelp[0m[0m: `None` is a unit variant, you need to write it without the parentheses[0m
[0m    [0m[0m[1m[38;5;12m|[0m
[0m[1m[38;5;12m107[0m[0m [0m[0m[38;5;9m- [0m[0m        if (None[0m[0m[38;5;9m(taskAccount))[0m[0m {[0m
[0m[1m[38;5;12m107[0m[0m [0m[0m[38;5;10m+ [0m[0m        if (None {[0m
[0m    [0m[0m[1m[38;5;12m| [0m

[0m[0m[1m[36m    Building[0m [=========================> ] 54/55: hello_near                                                                                                                             [K[0m[1m[38;5;9merror[E0061][0m[0m[1m: this function takes 1 argument but 2 arguments were supplied[0m
[0m    [0m[0m[1m[38;5;12m--> [0m[0msrc/lib.rs:108:25[0m
[0m     [0m[0m[1m[38;5;12m|[0m
[0m[1m[38;5;12m108[0m[0m  [0m[0m[1m[38;5;12m| [0m[0m            taskAccount.insert(owner_id, &task.id);[0m
[0m     [0m[0m[1m[38;5;12m| [0m[0m                        [0m[0m[1m[38;5;9m^^^^^^[0m[0m [0m[0m[1m[38;5;12m--------[0m[0m  [0m[0m[1m[38;5;12m--------[0m[0m [0m[0m[1m[38;5;12msupplied 2 arguments[0m
[0m     [0m[0m[1m[38;5;12m| [0m[0m                        [0m[0m[1m[38;5;9m|[0m
[0m     [0m[0m[1m[38;5;12m| [0m[0m                        [0m[0m[1m[38;5;9mexpected 1 argument[0m
[0m     [0m[0m[1m[38;5;12m|[0m
[0m[1m[38;5;10mnote[0m[0m: associated function defined here[0m

[0m[0m[1m[36m    Building[0m [=========================> ] 54/55: hello_near                                                                                                                             [K[0m[1m[38;5;9merror[E0599][0m[0m[1m: no method named `push` found for struct `AccountId` in the current scope[0m
[0m   [0m[0m[1m[38;5;12m--> [0m[0msrc/lib.rs:111:34[0m
[0m    [0m[0m[1m[38;5;12m|[0m
[0m[1m[38;5;12m111[0m[0m [0m[0m[1m[38;5;12m| [0m[0m            taskAccount.unwrap().push(task.id);[0m
[0m    [0m[0m[1m[38;5;12m| [0m[0m                                 [0m[0m[1m[38;5;9m^^^^[0m[0m [0m[0m[1m[38;5;9mmethod not found in `AccountId`[0m

[0m[0m[1m[36m    Building[0m [=========================> ] 54/55: hello_near                                                                                                                             [K[0m[1mSome errors have detailed explanations: E0061, E0107, E0308, E0425, E0599, E0618.[0m
[0m[0m[1m[36m    Building[0m [=========================> ] 54/55: hello_near                                                                                                                             [K[0m[1mFor more information about an error, try `rustc --explain E0061`.[0m
[0m[0m[1m[36m    Building[0m [=========================> ] 54/55: hello_near                                                                                                                             [K[0m[0m[1m[33mwarning[0m[1m:[0m `hello_near` (lib) generated 2 warnings
[0m[0m[1m[31merror[0m[1m:[0m could not compile `hello_near` due to 6 previous errors; 2 warnings emitted
[1m[7m%[27m[1m[0m                                                                                                                                                                                           ]2;linhleba@Linhs-MacBook-Pro:~/Desktop/blockchain/demo1]1;..ckchain/demo1[0m[27m[24m[J[01;31mâžœ  [36mdemo1[00m [K[?1h=[?2004hnpm run deploy[?1l>[?2004l
]2;npm run deploy]1;npm
> demo1@1.0.0 deploy
> npm run build:contract && cd contract && near dev-deploy --wasmFile ./target/wasm32-unknown-unknown/release/hello_near.wasm --accountId tdl.just4test.testnet --initFunction new --initArgs '{"owner_id":"just4test.testnet"}'


> demo1@1.0.0 build:contract
> cd contract && rustup target add wasm32-unknown-unknown && cargo build --all --target wasm32-unknown-unknown --release

[1minfo: (B[mcomponent 'rust-std' for target 'wasm32-unknown-unknown' is up to date
[0m[0m[1m[32m   Compiling[0m hello_near v1.0.0 (/Users/linhleba/Desktop/blockchain/demo1/contract)
[0m[0m[1m[36m    Building[0m [=========================> ] 54/55: hello_near                                                                                                                             [K[0m[1m[33mwarning[0m[0m[1m: unused import: `env`[0m
[0m  [0m[0m[1m[38;5;12m--> [0m[0msrc/lib.rs:11:16[0m
[0m   [0m[0m[1m[38;5;12m|[0m
[0m[1m[38;5;12m11[0m[0m [0m[0m[1m[38;5;12m| [0m[0muse near_sdk::{env, AccountId, BorshStorageKey, PanicOnDefault};[0m
[0m   [0m[0m[1m[38;5;12m| [0m[0m               [0m[0m[1m[33m^^^[0m
[0m   [0m[0m[1m[38;5;12m|[0m
[0m   [0m[0m[1m[38;5;12m= [0m[0m[1mnote[0m[0m: `#[warn(unused_imports)]` on by default[0m

[0m[0m[1m[36m    Building[0m [=========================> ] 54/55: hello_near                                                                                                                             [K[0m[1m[33mwarning[0m[0m[1m: unnecessary parentheses around `if` condition[0m
[0m   [0m[0m[1m[38;5;12m--> [0m[0msrc/lib.rs:107:12[0m
[0m    [0m[0m[1m[38;5;12m|[0m
[0m[1m[38;5;12m107[0m[0m [0m[0m[1m[38;5;12m| [0m[0m        if (None(taskAccount)) {[0m
[0m    [0m[0m[1m[38;5;12m| [0m[0m           [0m[0m[1m[33m^[0m[0m                 [0m[0m[1m[33m^[0m
[0m    [0m[0m[1m[38;5;12m|[0m
[0m    [0m[0m[1m[38;5;12m= [0m[0m[1mnote[0m[0m: `#[warn(unused_parens)]` on by default[0m
[0m[1m[38;5;14mhelp[0m[0m: remove these parentheses[0m
[0m    [0m[0m[1m[38;5;12m|[0m
[0m[1m[38;5;12m107[0m[0m [0m[0m[38;5;9m- [0m[0m        if [0m[0m[38;5;9m([0m[0mNone(taskAccount)[0m[0m[38;5;9m)[0m[0m {[0m
[0m[1m[38;5;12m107[0m[0m [0m[0m[38;5;10m+ [0m[0m        if None(taskAccount) {[0m
[0m    [0m[0m[1m[38;5;12m| [0m

[0m[0m[1m[36m    Building[0m [=========================> ] 54/55: hello_near                                                                                                                             [K[0m[1m[38;5;9merror[E0107][0m[0m[1m: this enum takes 1 generic argument but 2 generic arguments were supplied[0m
[0m   [0m[0m[1m[38;5;12m--> [0m[0msrc/lib.rs:106:27[0m
[0m    [0m[0m[1m[38;5;12m|[0m
[0m[1m[38;5;12m106[0m[0m [0m[0m[1m[38;5;12m| [0m[0m        let taskAccount : Option<AccountId, Vec<u32>> = self.task_id_by_accounts.get(&self.owner_id);[0m
[0m    [0m[0m[1m[38;5;12m| [0m[0m                          [0m[0m[1m[38;5;9m^^^^^^[0m[0m            [0m[0m[1m[38;5;12m---------[0m[0m [0m[0m[1m[38;5;12mhelp: remove this generic argument[0m
[0m    [0m[0m[1m[38;5;12m| [0m[0m                          [0m[0m[1m[38;5;9m|[0m
[0m    [0m[0m[1m[38;5;12m| [0m[0m                          [0m[0m[1m[38;5;9mexpected 1 generic argument[0m

[0m[0m[1m[36m    Building[0m [=========================> ] 54/55: hello_near                                                                                                                             [K[0m[1m[38;5;9merror[E0308][0m[0m[1m: mismatched types[0m
[0m   [0m[0m[1m[38;5;12m--> [0m[0msrc/lib.rs:106:57[0m
[0m    [0m[0m[1m[38;5;12m|[0m
[0m[1m[38;5;12m106[0m[0m [0m[0m[1m[38;5;12m| [0m[0m        let taskAccount : Option<AccountId, Vec<u32>> = self.task_id_by_accounts.get(&self.owner_id);[0m
[0m    [0m[0m[1m[38;5;12m| [0m[0m                          [0m[0m[1m[38;5;12m---------------------------[0m[0m   [0m[0m[1m[38;5;9m^^^^^^^^^^^^^^^^^^^^^^^^^^^^^^^^^^^^^^^^^^^^[0m[0m [0m[0m[1m[38;5;9mexpected struct `AccountId`, found struct `Vec`[0m
[0m    [0m[0m[1m[38;5;12m| [0m[0m                          [0m[0m[1m[38;5;12m|[0m
[0m    [0m[0m[1m[38;5;12m| [0m[0m                          [0m[0m[1m[38;5;12mexpected due to this[0m
[0m    [0m[0m[1m[38;5;12m|[0m
[0m    [0m[0m[1m[38;5;12m= [0m[0m[1mnote[0m[0m: expected enum `std::option::Option<[0m[0m[1mAccountId[0m[0m>`[0m
[0m               found enum `std::option::Option<[0m[0m[1mVec<u32>[0m[0m>`[0m

[0m[0m[1m[36m    Building[0m [=========================> ] 54/55: hello_near                                                                                                                             [K[0m[1m[38;5;9merror[E0618][0m[0m[1m: expected function, found enum variant `None`[0m
[0m   [0m[0m[1m[38;5;12m--> [0m[0msrc/lib.rs:107:13[0m
[0m    [0m[0m[1m[38;5;12m|[0m
[0m[1m[38;5;12m107[0m[0m [0m[0m[1m[38;5;12m| [0m[0m        if (None(taskAccount)) {[0m
[0m    [0m[0m[1m[38;5;12m| [0m[0m           [0m[0m[1m[38;5;12m-[0m[0m[1m[38;5;9m^^^^[0m[0m[1m[38;5;12m--------------[0m[0m [0m[0m[1m[38;5;12mcall expression requires function[0m
[0m    [0m[0m[1m[38;5;12m|[0m
[0m[1m[38;5;14mhelp[0m[0m: `None` is a unit variant, you need to write it without the parentheses[0m
[0m    [0m[0m[1m[38;5;12m|[0m
[0m[1m[38;5;12m107[0m[0m [0m[0m[38;5;9m- [0m[0m        if (None[0m[0m[38;5;9m(taskAccount))[0m[0m {[0m
[0m[1m[38;5;12m107[0m[0m [0m[0m[38;5;10m+ [0m[0m        if (None {[0m
[0m    [0m[0m[1m[38;5;12m| [0m

[0m[0m[1m[36m    Building[0m [=========================> ] 54/55: hello_near                                                                                                                             [K[0m[1m[38;5;9merror[E0308][0m[0m[1m: mismatched types[0m
[0m   [0m[0m[1m[38;5;12m--> [0m[0msrc/lib.rs:108:32[0m
[0m    [0m[0m[1m[38;5;12m|[0m
[0m[1m[38;5;12m108[0m[0m [0m[0m[1m[38;5;12m| [0m[0m            taskAccount.insert(&task.id);[0m
[0m    [0m[0m[1m[38;5;12m| [0m[0m                               [0m[0m[1m[38;5;9m^^^^^^^^[0m[0m [0m[0m[1m[38;5;9mexpected struct `AccountId`, found `&u32`[0m

[0m[0m[1m[36m    Building[0m [=========================> ] 54/55: hello_near                                                                                                                             [K[0m[1m[38;5;9merror[E0599][0m[0m[1m: no method named `push` found for struct `AccountId` in the current scope[0m
[0m   [0m[0m[1m[38;5;12m--> [0m[0msrc/lib.rs:111:34[0m
[0m    [0m[0m[1m[38;5;12m|[0m
[0m[1m[38;5;12m111[0m[0m [0m[0m[1m[38;5;12m| [0m[0m            taskAccount.unwrap().push(task.id);[0m
[0m    [0m[0m[1m[38;5;12m| [0m[0m                                 [0m[0m[1m[38;5;9m^^^^[0m[0m [0m[0m[1m[38;5;9mmethod not found in `AccountId`[0m

[0m[0m[1m[36m    Building[0m [=========================> ] 54/55: hello_near                                                                                                                             [K[0m[1mSome errors have detailed explanations: E0107, E0308, E0599, E0618.[0m
[0m[1mFor more information about an error, try `rustc --explain E0107`.[0m
[0m[0m[1m[36m    Building[0m [=========================> ] 54/55: hello_near                                                                                                                             [K[0m[0m[1m[33mwarning[0m[1m:[0m `hello_near` (lib) generated 2 warnings
[0m[0m[1m[31merror[0m[1m:[0m could not compile `hello_near` due to 5 previous errors; 2 warnings emitted
[1m[7m%[27m[1m[0m                                                                                                                                                                                           ]2;linhleba@Linhs-MacBook-Pro:~/Desktop/blockchain/demo1]1;..ckchain/demo1[0m[27m[24m[J[01;31mâžœ  [36mdemo1[00m [K[?1h=[?2004hnpm run deploy[?1l>[?2004l
]2;npm run deploy]1;npm
> demo1@1.0.0 deploy
> npm run build:contract && cd contract && near dev-deploy --wasmFile ./target/wasm32-unknown-unknown/release/hello_near.wasm --accountId tdl.just4test.testnet --initFunction new --initArgs '{"owner_id":"just4test.testnet"}'


> demo1@1.0.0 build:contract
> cd contract && rustup target add wasm32-unknown-unknown && cargo build --all --target wasm32-unknown-unknown --release

[1minfo: (B[mcomponent 'rust-std' for target 'wasm32-unknown-unknown' is up to date
[0m[0m[1m[32m   Compiling[0m hello_near v1.0.0 (/Users/linhleba/Desktop/blockchain/demo1/contract)
[0m[0m[1m[36m    Building[0m [=========================> ] 54/55: hello_near                                                                                                                             [K[0m[1m[38;5;9merror[0m[0m[1m: expected `;`, found keyword `if`[0m
[0m   [0m[0m[1m[38;5;12m--> [0m[0msrc/lib.rs:106:101[0m
[0m    [0m[0m[1m[38;5;12m|[0m
[0m[1m[38;5;12m106[0m[0m [0m[0m[1m[38;5;12m| [0m[0m        let taskAccount : Option<AccountId, Vec<u32>> = self.task_id_by_accounts.get(&self.owner_id)[0m
[0m    [0m[0m[1m[38;5;12m| [0m[0m                                                                                                    [0m[0m[1m[38;5;9m^[0m[0m [0m[0m[1m[38;5;9mhelp: add `;` here[0m
[0m[1m[38;5;12m107[0m[0m [0m[0m[1m[38;5;12m| [0m[0m        // .unwrap().push(task.id);[0m
[0m[1m[38;5;12m108[0m[0m [0m[0m[1m[38;5;12m| [0m[0m        if (None(taskAccount)) {[0m
[0m    [0m[0m[1m[38;5;12m| [0m[0m        [0m[0m[1m[38;5;12m--[0m[0m [0m[0m[1m[38;5;12munexpected token[0m

[0m[0m[1m[36m    Building[0m [=========================> ] 54/55: hello_near                                                                                                                             [K[0m[1m[38;5;9merror[0m[0m[1m: near_bindgen can only be used on struct or enum definition and impl sections.[0m
[0m  [0m[0m[1m[38;5;12m--> [0m[0msrc/lib.rs:60:1[0m
[0m   [0m[0m[1m[38;5;12m|[0m
[0m[1m[38;5;12m60[0m[0m [0m[0m[1m[38;5;12m| [0m[0m#[near_bindgen][0m
[0m   [0m[0m[1m[38;5;12m| [0m[0m[1m[38;5;9m^^^^^^^^^^^^^^^[0m
[0m   [0m[0m[1m[38;5;12m|[0m
[0m   [0m[0m[1m[38;5;12m= [0m[0m[1mnote[0m[0m: this error originates in the attribute macro `near_bindgen` (in Nightly builds, run with -Z macro-backtrace for more info)[0m

[0m[0m[1m[36m    Building[0m [=========================> ] 54/55: hello_near                                                                                                                             [K[0m[1m[33mwarning[0m[0m[1m: unused import: `log`[0m
[0m  [0m[0m[1m[38;5;12m--> [0m[0msrc/lib.rs:10:16[0m
[0m   [0m[0m[1m[38;5;12m|[0m
[0m[1m[38;5;12m10[0m[0m [0m[0m[1m[38;5;12m| [0m[0muse near_sdk::{log, near_bindgen};[0m
[0m   [0m[0m[1m[38;5;12m| [0m[0m               [0m[0m[1m[33m^^^[0m
[0m   [0m[0m[1m[38;5;12m|[0m
[0m   [0m[0m[1m[38;5;12m= [0m[0m[1mnote[0m[0m: `#[warn(unused_imports)]` on by default[0m

[0m[1m[33mwarning[0m[0m[1m: unused import: `env`[0m
[0m  [0m[0m[1m[38;5;12m--> [0m[0msrc/lib.rs:11:16[0m
[0m   [0m[0m[1m[38;5;12m|[0m
[0m[1m[38;5;12m11[0m[0m [0m[0m[1m[38;5;12m| [0m[0muse near_sdk::{env, AccountId, BorshStorageKey, PanicOnDefault};[0m
[0m   [0m[0m[1m[38;5;12m| [0m[0m               [0m[0m[1m[33m^^^[0m

[0m[0m[1m[36m    Building[0m [=========================> ] 54/55: hello_near                                                                                                                             [K[0m[0m[1m[33mwarning[0m[1m:[0m `hello_near` (lib) generated 2 warnings
[0m[0m[1m[31merror[0m[1m:[0m could not compile `hello_near` due to 2 previous errors; 2 warnings emitted
[1m[7m%[27m[1m[0m                                                                                                                                                                                           ]2;linhleba@Linhs-MacBook-Pro:~/Desktop/blockchain/demo1]1;..ckchain/demo1[0m[27m[24m[J[01;31mâžœ  [36mdemo1[00m [K[?1h=[?2004hnpm run deploy[?1l>[?2004l
]2;npm run deploy]1;npm
> demo1@1.0.0 deploy
> npm run build:contract && cd contract && near dev-deploy --wasmFile ./target/wasm32-unknown-unknown/release/hello_near.wasm --accountId tdl.just4test.testnet --initFunction new --initArgs '{"owner_id":"just4test.testnet"}'


> demo1@1.0.0 build:contract
> cd contract && rustup target add wasm32-unknown-unknown && cargo build --all --target wasm32-unknown-unknown --release

[1minfo: (B[mcomponent 'rust-std' for target 'wasm32-unknown-unknown' is up to date
[0m[0m[1m[32m   Compiling[0m hello_near v1.0.0 (/Users/linhleba/Desktop/blockchain/demo1/contract)
[0m[0m[1m[36m    Building[0m [=========================> ] 54/55: hello_near                                                                                                                             [K[0m[1m[33mwarning[0m[0m[1m: unused import: `env`[0m
[0m  [0m[0m[1m[38;5;12m--> [0m[0msrc/lib.rs:11:16[0m
[0m   [0m[0m[1m[38;5;12m|[0m
[0m[1m[38;5;12m11[0m[0m [0m[0m[1m[38;5;12m| [0m[0muse near_sdk::{env, AccountId, BorshStorageKey, PanicOnDefault};[0m
[0m   [0m[0m[1m[38;5;12m| [0m[0m               [0m[0m[1m[33m^^^[0m
[0m   [0m[0m[1m[38;5;12m|[0m
[0m   [0m[0m[1m[38;5;12m= [0m[0m[1mnote[0m[0m: `#[warn(unused_imports)]` on by default[0m

[0m[0m[1m[36m    Building[0m [=========================> ] 54/55: hello_near                                                                                                                             [K[0m[1m[33mwarning[0m[0m[1m: unnecessary parentheses around `if` condition[0m
[0m   [0m[0m[1m[38;5;12m--> [0m[0msrc/lib.rs:108:12[0m
[0m    [0m[0m[1m[38;5;12m|[0m
[0m[1m[38;5;12m108[0m[0m [0m[0m[1m[38;5;12m| [0m[0m        if (None(taskAccount)) {[0m
[0m    [0m[0m[1m[38;5;12m| [0m[0m           [0m[0m[1m[33m^[0m[0m                 [0m[0m[1m[33m^[0m
[0m    [0m[0m[1m[38;5;12m|[0m
[0m    [0m[0m[1m[38;5;12m= [0m[0m[1mnote[0m[0m: `#[warn(unused_parens)]` on by default[0m
[0m[1m[38;5;14mhelp[0m[0m: remove these parentheses[0m
[0m    [0m[0m[1m[38;5;12m|[0m
[0m[1m[38;5;12m108[0m[0m [0m[0m[38;5;9m- [0m[0m        if [0m[0m[38;5;9m([0m[0mNone(taskAccount)[0m[0m[38;5;9m)[0m[0m {[0m
[0m[1m[38;5;12m108[0m[0m [0m[0m[38;5;10m+ [0m[0m        if None(taskAccount) {[0m
[0m    [0m[0m[1m[38;5;12m| [0m

[0m[0m[1m[36m    Building[0m [=========================> ] 54/55: hello_near                                                                                                                             [K[0m[1m[38;5;9merror[E0107][0m[0m[1m: this enum takes 1 generic argument but 2 generic arguments were supplied[0m
[0m   [0m[0m[1m[38;5;12m--> [0m[0msrc/lib.rs:106:27[0m
[0m    [0m[0m[1m[38;5;12m|[0m
[0m[1m[38;5;12m106[0m[0m [0m[0m[1m[38;5;12m| [0m[0m        let taskAccount : Option<AccountId, Vec<u32>> = self.task_id_by_accounts.get(&self.owner_id);[0m
[0m    [0m[0m[1m[38;5;12m| [0m[0m                          [0m[0m[1m[38;5;9m^^^^^^[0m[0m            [0m[0m[1m[38;5;12m---------[0m[0m [0m[0m[1m[38;5;12mhelp: remove this generic argument[0m
[0m    [0m[0m[1m[38;5;12m| [0m[0m                          [0m[0m[1m[38;5;9m|[0m
[0m    [0m[0m[1m[38;5;12m| [0m[0m                          [0m[0m[1m[38;5;9mexpected 1 generic argument[0m

[0m[0m[1m[36m    Building[0m [=========================> ] 54/55: hello_near                                                                                                                             [K[0m[1m[38;5;9merror[E0308][0m[0m[1m: mismatched types[0m
[0m   [0m[0m[1m[38;5;12m--> [0m[0msrc/lib.rs:106:57[0m
[0m    [0m[0m[1m[38;5;12m|[0m
[0m[1m[38;5;12m106[0m[0m [0m[0m[1m[38;5;12m| [0m[0m        let taskAccount : Option<AccountId, Vec<u32>> = self.task_id_by_accounts.get(&self.owner_id);[0m
[0m    [0m[0m[1m[38;5;12m| [0m[0m                          [0m[0m[1m[38;5;12m---------------------------[0m[0m   [0m[0m[1m[38;5;9m^^^^^^^^^^^^^^^^^^^^^^^^^^^^^^^^^^^^^^^^^^^^[0m[0m [0m[0m[1m[38;5;9mexpected struct `AccountId`, found struct `Vec`[0m
[0m    [0m[0m[1m[38;5;12m| [0m[0m                          [0m[0m[1m[38;5;12m|[0m
[0m    [0m[0m[1m[38;5;12m| [0m[0m                          [0m[0m[1m[38;5;12mexpected due to this[0m
[0m    [0m[0m[1m[38;5;12m|[0m
[0m    [0m[0m[1m[38;5;12m= [0m[0m[1mnote[0m[0m: expected enum `std::option::Option<[0m[0m[1mAccountId[0m[0m>`[0m
[0m               found enum `std::option::Option<[0m[0m[1mVec<u32>[0m[0m>`[0m

[0m[0m[1m[36m    Building[0m [=========================> ] 54/55: hello_near                                                                                                                             [K[0m[1m[38;5;9merror[E0618][0m[0m[1m: expected function, found enum variant `None`[0m
[0m   [0m[0m[1m[38;5;12m--> [0m[0msrc/lib.rs:108:13[0m
[0m    [0m[0m[1m[38;5;12m|[0m
[0m[1m[38;5;12m108[0m[0m [0m[0m[1m[38;5;12m| [0m[0m        if (None(taskAccount)) {[0m
[0m    [0m[0m[1m[38;5;12m| [0m[0m           [0m[0m[1m[38;5;12m-[0m[0m[1m[38;5;9m^^^^[0m[0m[1m[38;5;12m--------------[0m[0m [0m[0m[1m[38;5;12mcall expression requires function[0m
[0m    [0m[0m[1m[38;5;12m|[0m
[0m[1m[38;5;14mhelp[0m[0m: `None` is a unit variant, you need to write it without the parentheses[0m
[0m    [0m[0m[1m[38;5;12m|[0m
[0m[1m[38;5;12m108[0m[0m [0m[0m[38;5;9m- [0m[0m        if (None[0m[0m[38;5;9m(taskAccount))[0m[0m {[0m
[0m[1m[38;5;12m108[0m[0m [0m[0m[38;5;10m+ [0m[0m        if (None {[0m
[0m    [0m[0m[1m[38;5;12m| [0m

[0m[0m[1m[36m    Building[0m [=========================> ] 54/55: hello_near                                                                                                                             [K[0m[1m[38;5;9merror[E0308][0m[0m[1m: mismatched types[0m
[0m   [0m[0m[1m[38;5;12m--> [0m[0msrc/lib.rs:109:32[0m
[0m    [0m[0m[1m[38;5;12m|[0m
[0m[1m[38;5;12m109[0m[0m [0m[0m[1m[38;5;12m| [0m[0m            taskAccount.insert(&task.id);[0m
[0m    [0m[0m[1m[38;5;12m| [0m[0m                               [0m[0m[1m[38;5;9m^^^^^^^^[0m[0m [0m[0m[1m[38;5;9mexpected struct `AccountId`, found `&u32`[0m

[0m[0m[1m[36m    Building[0m [=========================> ] 54/55: hello_near                                                                                                                             [K[0m[1m[38;5;9merror[E0599][0m[0m[1m: no method named `push` found for struct `AccountId` in the current scope[0m
[0m   [0m[0m[1m[38;5;12m--> [0m[0msrc/lib.rs:112:34[0m
[0m    [0m[0m[1m[38;5;12m|[0m
[0m[1m[38;5;12m112[0m[0m [0m[0m[1m[38;5;12m| [0m[0m            taskAccount.unwrap().push(task.id);[0m
[0m    [0m[0m[1m[38;5;12m| [0m[0m                                 [0m[0m[1m[38;5;9m^^^^[0m[0m [0m[0m[1m[38;5;9mmethod not found in `AccountId`[0m

[0m[0m[1m[36m    Building[0m [=========================> ] 54/55: hello_near                                                                                                                             [K[0m[1mSome errors have detailed explanations: E0107, E0308, E0599, E0618.[0m
[0m[1mFor more information about an error, try `rustc --explain E0107`.[0m
[0m[0m[1m[36m    Building[0m [=========================> ] 54/55: hello_near                                                                                                                             [K[0m[0m[1m[33mwarning[0m[1m:[0m `hello_near` (lib) generated 2 warnings
[0m[0m[1m[31merror[0m[1m:[0m could not compile `hello_near` due to 5 previous errors; 2 warnings emitted
[1m[7m%[27m[1m[0m                                                                                                                                                                                           ]2;linhleba@Linhs-MacBook-Pro:~/Desktop/blockchain/demo1]1;..ckchain/demo1[0m[27m[24m[J[01;31mâžœ  [36mdemo1[00m [K[?1h=[?2004hnpm run deploy[?1l>[?2004l
]2;npm run deploy]1;npm
> demo1@1.0.0 deploy
> npm run build:contract && cd contract && near dev-deploy --wasmFile ./target/wasm32-unknown-unknown/release/hello_near.wasm --accountId tdl.just4test.testnet --initFunction new --initArgs '{"owner_id":"just4test.testnet"}'


> demo1@1.0.0 build:contract
> cd contract && rustup target add wasm32-unknown-unknown && cargo build --all --target wasm32-unknown-unknown --release

[1minfo: (B[mcomponent 'rust-std' for target 'wasm32-unknown-unknown' is up to date
[0m[0m[1m[32m   Compiling[0m hello_near v1.0.0 (/Users/linhleba/Desktop/blockchain/demo1/contract)
[0m[0m[1m[36m    Building[0m [=========================> ] 54/55: hello_near                                                                                                                             [K[0m[1m[33mwarning[0m[0m[1m: unused import: `env`[0m
[0m  [0m[0m[1m[38;5;12m--> [0m[0msrc/lib.rs:11:16[0m
[0m   [0m[0m[1m[38;5;12m|[0m
[0m[1m[38;5;12m11[0m[0m [0m[0m[1m[38;5;12m| [0m[0muse near_sdk::{env, AccountId, BorshStorageKey, PanicOnDefault};[0m
[0m   [0m[0m[1m[38;5;12m| [0m[0m               [0m[0m[1m[33m^^^[0m
[0m   [0m[0m[1m[38;5;12m|[0m
[0m   [0m[0m[1m[38;5;12m= [0m[0m[1mnote[0m[0m: `#[warn(unused_imports)]` on by default[0m

[0m[0m[1m[36m    Building[0m [=========================> ] 54/55: hello_near                                                                                                                             [K[0m[1m[33mwarning[0m[0m[1m: unnecessary parentheses around `if` condition[0m
[0m   [0m[0m[1m[38;5;12m--> [0m[0msrc/lib.rs:108:12[0m
[0m    [0m[0m[1m[38;5;12m|[0m
[0m[1m[38;5;12m108[0m[0m [0m[0m[1m[38;5;12m| [0m[0m        if (None(taskAccount)) {[0m
[0m    [0m[0m[1m[38;5;12m| [0m[0m           [0m[0m[1m[33m^[0m[0m                 [0m[0m[1m[33m^[0m
[0m    [0m[0m[1m[38;5;12m|[0m
[0m    [0m[0m[1m[38;5;12m= [0m[0m[1mnote[0m[0m: `#[warn(unused_parens)]` on by default[0m
[0m[1m[38;5;14mhelp[0m[0m: remove these parentheses[0m
[0m    [0m[0m[1m[38;5;12m|[0m
[0m[1m[38;5;12m108[0m[0m [0m[0m[38;5;9m- [0m[0m        if [0m[0m[38;5;9m([0m[0mNone(taskAccount)[0m[0m[38;5;9m)[0m[0m {[0m
[0m[1m[38;5;12m108[0m[0m [0m[0m[38;5;10m+ [0m[0m        if None(taskAccount) {[0m
[0m    [0m[0m[1m[38;5;12m| [0m

[0m[0m[1m[36m    Building[0m [=========================> ] 54/55: hello_near                                                                                                                             [K[0m[1m[38;5;9merror[E0308][0m[0m[1m: mismatched types[0m
[0m   [0m[0m[1m[38;5;12m--> [0m[0msrc/lib.rs:106:68[0m
[0m    [0m[0m[1m[38;5;12m|[0m
[0m[1m[38;5;12m106[0m[0m [0m[0m[1m[38;5;12m| [0m[0m        let taskAccount : Option<LookupMap<AccountId, Vec<u32>>> = self.task_id_by_accounts.get(&self.owner_id);[0m
[0m    [0m[0m[1m[38;5;12m| [0m[0m                          [0m[0m[1m[38;5;12m--------------------------------------[0m[0m   [0m[0m[1m[38;5;9m^^^^^^^^^^^^^^^^^^^^^^^^^^^^^^^^^^^^^^^^^^^^[0m[0m [0m[0m[1m[38;5;9mexpected struct `LookupMap`, found struct `Vec`[0m
[0m    [0m[0m[1m[38;5;12m| [0m[0m                          [0m[0m[1m[38;5;12m|[0m
[0m    [0m[0m[1m[38;5;12m| [0m[0m                          [0m[0m[1m[38;5;12mexpected due to this[0m
[0m    [0m[0m[1m[38;5;12m|[0m
[0m    [0m[0m[1m[38;5;12m= [0m[0m[1mnote[0m[0m: expected enum `std::option::Option<[0m[0m[1mLookupMap<AccountId[0m[0m, Vec<_>[0m[0m[1m>[0m[0m>`[0m
[0m               found enum `std::option::Option<Vec<_>>`[0m

[0m[0m[1m[36m    Building[0m [=========================> ] 54/55: hello_near                                                                                                                             [K[0m[1m[38;5;9merror[E0618][0m[0m[1m: expected function, found enum variant `None`[0m
[0m   [0m[0m[1m[38;5;12m--> [0m[0msrc/lib.rs:108:13[0m
[0m    [0m[0m[1m[38;5;12m|[0m
[0m[1m[38;5;12m108[0m[0m [0m[0m[1m[38;5;12m| [0m[0m        if (None(taskAccount)) {[0m
[0m    [0m[0m[1m[38;5;12m| [0m[0m           [0m[0m[1m[38;5;12m-[0m[0m[1m[38;5;9m^^^^[0m[0m[1m[38;5;12m--------------[0m[0m [0m[0m[1m[38;5;12mcall expression requires function[0m
[0m    [0m[0m[1m[38;5;12m|[0m
[0m[1m[38;5;14mhelp[0m[0m: `None` is a unit variant, you need to write it without the parentheses[0m
[0m    [0m[0m[1m[38;5;12m|[0m
[0m[1m[38;5;12m108[0m[0m [0m[0m[38;5;9m- [0m[0m        if (None[0m[0m[38;5;9m(taskAccount))[0m[0m {[0m
[0m[1m[38;5;12m108[0m[0m [0m[0m[38;5;10m+ [0m[0m        if (None {[0m
[0m    [0m[0m[1m[38;5;12m| [0m

[0m[0m[1m[36m    Building[0m [=========================> ] 54/55: hello_near                                                                                                                             [K[0m[1m[38;5;9merror[E0308][0m[0m[1m: mismatched types[0m
[0m   [0m[0m[1m[38;5;12m--> [0m[0msrc/lib.rs:109:32[0m
[0m    [0m[0m[1m[38;5;12m|[0m
[0m[1m[38;5;12m109[0m[0m [0m[0m[1m[38;5;12m| [0m[0m            taskAccount.insert(&task.id);[0m
[0m    [0m[0m[1m[38;5;12m| [0m[0m                               [0m[0m[1m[38;5;9m^^^^^^^^[0m[0m [0m[0m[1m[38;5;9mexpected struct `LookupMap`, found `&u32`[0m
[0m    [0m[0m[1m[38;5;12m|[0m
[0m    [0m[0m[1m[38;5;12m= [0m[0m[1mnote[0m[0m: expected struct `[0m[0m[1mLookupMap<AccountId, Vec<u32>>[0m[0m`[0m
[0m            found reference `[0m[0m[1m&u32[0m[0m`[0m

[0m[0m[1m[36m    Building[0m [=========================> ] 54/55: hello_near                                                                                                                             [K[0m[1m[38;5;9merror[E0599][0m[0m[1m: no method named `push` found for struct `LookupMap` in the current scope[0m
[0m   [0m[0m[1m[38;5;12m--> [0m[0msrc/lib.rs:112:34[0m
[0m    [0m[0m[1m[38;5;12m|[0m
[0m[1m[38;5;12m112[0m[0m [0m[0m[1m[38;5;12m| [0m[0m            taskAccount.unwrap().push(task.id);[0m
[0m    [0m[0m[1m[38;5;12m| [0m[0m                                 [0m[0m[1m[38;5;9m^^^^[0m[0m [0m[0m[1m[38;5;9mmethod not found in `LookupMap<AccountId, Vec<u32>>`[0m

[0m[0m[1m[36m    Building[0m [=========================> ] 54/55: hello_near                                                                                                                             [K[0m[1mSome errors have detailed explanations: E0308, E0599, E0618.[0m
[0m[1mFor more information about an error, try `rustc --explain E0308`.[0m
[0m[0m[1m[36m    Building[0m [=========================> ] 54/55: hello_near                                                                                                                             [K[0m[0m[1m[33mwarning[0m[1m:[0m `hello_near` (lib) generated 2 warnings
[0m[0m[1m[31merror[0m[1m:[0m could not compile `hello_near` due to 4 previous errors; 2 warnings emitted
[1m[7m%[27m[1m[0m                                                                                                                                                                                           ]2;linhleba@Linhs-MacBook-Pro:~/Desktop/blockchain/demo1]1;..ckchain/demo1[0m[27m[24m[J[01;31mâžœ  [36mdemo1[00m [K[?1h=[?2004hnpm run deploy[?1l>[?2004l
]2;npm run deploy]1;npm
> demo1@1.0.0 deploy
> npm run build:contract && cd contract && near dev-deploy --wasmFile ./target/wasm32-unknown-unknown/release/hello_near.wasm --accountId tdl.just4test.testnet --initFunction new --initArgs '{"owner_id":"just4test.testnet"}'


> demo1@1.0.0 build:contract
> cd contract && rustup target add wasm32-unknown-unknown && cargo build --all --target wasm32-unknown-unknown --release

[1minfo: (B[mcomponent 'rust-std' for target 'wasm32-unknown-unknown' is up to date
[0m[0m[1m[32m   Compiling[0m hello_near v1.0.0 (/Users/linhleba/Desktop/blockchain/demo1/contract)
[0m[0m[1m[36m    Building[0m [=========================> ] 54/55: hello_near                                                                                                                             [K[0m[1m[33mwarning[0m[0m[1m: unused import: `env`[0m
[0m  [0m[0m[1m[38;5;12m--> [0m[0msrc/lib.rs:11:16[0m
[0m   [0m[0m[1m[38;5;12m|[0m
[0m[1m[38;5;12m11[0m[0m [0m[0m[1m[38;5;12m| [0m[0muse near_sdk::{env, AccountId, BorshStorageKey, PanicOnDefault};[0m
[0m   [0m[0m[1m[38;5;12m| [0m[0m               [0m[0m[1m[33m^^^[0m
[0m   [0m[0m[1m[38;5;12m|[0m
[0m   [0m[0m[1m[38;5;12m= [0m[0m[1mnote[0m[0m: `#[warn(unused_imports)]` on by default[0m

[0m[0m[1m[36m    Building[0m [=========================> ] 54/55: hello_near                                                                                                                             [K[0m[1m[33mwarning[0m[0m[1m: unnecessary parentheses around `if` condition[0m
[0m   [0m[0m[1m[38;5;12m--> [0m[0msrc/lib.rs:108:12[0m
[0m    [0m[0m[1m[38;5;12m|[0m
[0m[1m[38;5;12m108[0m[0m [0m[0m[1m[38;5;12m| [0m[0m        if (None(taskAccount)) {[0m
[0m    [0m[0m[1m[38;5;12m| [0m[0m           [0m[0m[1m[33m^[0m[0m                 [0m[0m[1m[33m^[0m
[0m    [0m[0m[1m[38;5;12m|[0m
[0m    [0m[0m[1m[38;5;12m= [0m[0m[1mnote[0m[0m: `#[warn(unused_parens)]` on by default[0m
[0m[1m[38;5;14mhelp[0m[0m: remove these parentheses[0m
[0m    [0m[0m[1m[38;5;12m|[0m
[0m[1m[38;5;12m108[0m[0m [0m[0m[38;5;9m- [0m[0m        if [0m[0m[38;5;9m([0m[0mNone(taskAccount)[0m[0m[38;5;9m)[0m[0m {[0m
[0m[1m[38;5;12m108[0m[0m [0m[0m[38;5;10m+ [0m[0m        if None(taskAccount) {[0m
[0m    [0m[0m[1m[38;5;12m| [0m

[0m[0m[1m[36m    Building[0m [=========================> ] 54/55: hello_near                                                                                                                             [K[0m[1m[38;5;9merror[E0618][0m[0m[1m: expected function, found enum variant `None`[0m
[0m   [0m[0m[1m[38;5;12m--> [0m[0msrc/lib.rs:108:13[0m
[0m    [0m[0m[1m[38;5;12m|[0m
[0m[1m[38;5;12m108[0m[0m [0m[0m[1m[38;5;12m| [0m[0m        if (None(taskAccount)) {[0m
[0m    [0m[0m[1m[38;5;12m| [0m[0m           [0m[0m[1m[38;5;12m-[0m[0m[1m[38;5;9m^^^^[0m[0m[1m[38;5;12m--------------[0m[0m [0m[0m[1m[38;5;12mcall expression requires function[0m
[0m    [0m[0m[1m[38;5;12m|[0m
[0m[1m[38;5;14mhelp[0m[0m: `None` is a unit variant, you need to write it without the parentheses[0m
[0m    [0m[0m[1m[38;5;12m|[0m
[0m[1m[38;5;12m108[0m[0m [0m[0m[38;5;9m- [0m[0m        if (None[0m[0m[38;5;9m(taskAccount))[0m[0m {[0m
[0m[1m[38;5;12m108[0m[0m [0m[0m[38;5;10m+ [0m[0m        if (None {[0m
[0m    [0m[0m[1m[38;5;12m| [0m

[0m[0m[1m[36m    Building[0m [=========================> ] 54/55: hello_near                                                                                                                             [K[0m[1m[38;5;9merror[E0308][0m[0m[1m: mismatched types[0m
[0m   [0m[0m[1m[38;5;12m--> [0m[0msrc/lib.rs:109:32[0m
[0m    [0m[0m[1m[38;5;12m|[0m
[0m[1m[38;5;12m109[0m[0m [0m[0m[1m[38;5;12m| [0m[0m            taskAccount.insert(&task.id);[0m
[0m    [0m[0m[1m[38;5;12m| [0m[0m                               [0m[0m[1m[38;5;9m^^^^^^^^[0m[0m [0m[0m[1m[38;5;9mexpected struct `Vec`, found `&u32`[0m
[0m    [0m[0m[1m[38;5;12m|[0m
[0m    [0m[0m[1m[38;5;12m= [0m[0m[1mnote[0m[0m: expected struct `[0m[0m[1mVec<u32>[0m[0m`[0m
[0m            found reference `[0m[0m[1m&u32[0m[0m`[0m

[0m[0m[1m[36m    Building[0m [=========================> ] 54/55: hello_near                                                                                                                             [K[0m[1mSome errors have detailed explanations: E0308, E0618.[0m
[0m[1mFor more information about an error, try `rustc --explain E0308`.[0m
[0m[0m[1m[36m    Building[0m [=========================> ] 54/55: hello_near                                                                                                                             [K[0m[0m[1m[33mwarning[0m[1m:[0m `hello_near` (lib) generated 2 warnings
[0m[0m[1m[31merror[0m[1m:[0m could not compile `hello_near` due to 2 previous errors; 2 warnings emitted
[1m[7m%[27m[1m[0m                                                                                                                                                                                           ]2;linhleba@Linhs-MacBook-Pro:~/Desktop/blockchain/demo1]1;..ckchain/demo1[0m[27m[24m[J[01;31mâžœ  [36mdemo1[00m [K[?1h=[?2004hnpm run deploy[?1l>[?2004l
]2;npm run deploy]1;npm
> demo1@1.0.0 deploy
> npm run build:contract && cd contract && near dev-deploy --wasmFile ./target/wasm32-unknown-unknown/release/hello_near.wasm --accountId tdl.just4test.testnet --initFunction new --initArgs '{"owner_id":"just4test.testnet"}'


> demo1@1.0.0 build:contract
> cd contract && rustup target add wasm32-unknown-unknown && cargo build --all --target wasm32-unknown-unknown --release

[1minfo: (B[mcomponent 'rust-std' for target 'wasm32-unknown-unknown' is up to date
[0m[0m[1m[32m   Compiling[0m hello_near v1.0.0 (/Users/linhleba/Desktop/blockchain/demo1/contract)
[0m[0m[1m[36m    Building[0m [=========================> ] 54/55: hello_near                                                                                                                             [K[0m[1m[33mwarning[0m[0m[1m: unused import: `env`[0m
[0m  [0m[0m[1m[38;5;12m--> [0m[0msrc/lib.rs:11:16[0m
[0m   [0m[0m[1m[38;5;12m|[0m
[0m[1m[38;5;12m11[0m[0m [0m[0m[1m[38;5;12m| [0m[0muse near_sdk::{env, AccountId, BorshStorageKey, PanicOnDefault};[0m
[0m   [0m[0m[1m[38;5;12m| [0m[0m               [0m[0m[1m[33m^^^[0m
[0m   [0m[0m[1m[38;5;12m|[0m
[0m   [0m[0m[1m[38;5;12m= [0m[0m[1mnote[0m[0m: `#[warn(unused_imports)]` on by default[0m

[0m[0m[1m[36m    Building[0m [=========================> ] 54/55: hello_near                                                                                                                             [K[0m[1m[33mwarning[0m[0m[1m: unnecessary parentheses around `if` condition[0m
[0m   [0m[0m[1m[38;5;12m--> [0m[0msrc/lib.rs:108:12[0m
[0m    [0m[0m[1m[38;5;12m|[0m
[0m[1m[38;5;12m108[0m[0m [0m[0m[1m[38;5;12m| [0m[0m        if (taskAccount.is_none()) {[0m
[0m    [0m[0m[1m[38;5;12m| [0m[0m           [0m[0m[1m[33m^[0m[0m                     [0m[0m[1m[33m^[0m
[0m    [0m[0m[1m[38;5;12m|[0m
[0m    [0m[0m[1m[38;5;12m= [0m[0m[1mnote[0m[0m: `#[warn(unused_parens)]` on by default[0m
[0m[1m[38;5;14mhelp[0m[0m: remove these parentheses[0m
[0m    [0m[0m[1m[38;5;12m|[0m
[0m[1m[38;5;12m108[0m[0m [0m[0m[38;5;9m- [0m[0m        if [0m[0m[38;5;9m([0m[0mtaskAccount.is_none()[0m[0m[38;5;9m)[0m[0m {[0m
[0m[1m[38;5;12m108[0m[0m [0m[0m[38;5;10m+ [0m[0m        if taskAccount.is_none() {[0m
[0m    [0m[0m[1m[38;5;12m| [0m

[0m[0m[1m[36m    Building[0m [=========================> ] 54/55: hello_near                                                                                                                             [K[0m[1m[38;5;9merror[E0308][0m[0m[1m: mismatched types[0m
[0m   [0m[0m[1m[38;5;12m--> [0m[0msrc/lib.rs:109:32[0m
[0m    [0m[0m[1m[38;5;12m|[0m
[0m[1m[38;5;12m109[0m[0m [0m[0m[1m[38;5;12m| [0m[0m            taskAccount.insert(&task.id);[0m
[0m    [0m[0m[1m[38;5;12m| [0m[0m                               [0m[0m[1m[38;5;9m^^^^^^^^[0m[0m [0m[0m[1m[38;5;9mexpected struct `Vec`, found `&u32`[0m
[0m    [0m[0m[1m[38;5;12m|[0m
[0m    [0m[0m[1m[38;5;12m= [0m[0m[1mnote[0m[0m: expected struct `[0m[0m[1mVec<u32>[0m[0m`[0m
[0m            found reference `[0m[0m[1m&u32[0m[0m`[0m

[0m[0m[1m[36m    Building[0m [=========================> ] 54/55: hello_near                                                                                                                             [K[0m[1mFor more information about this error, try `rustc --explain E0308`.[0m
[0m[0m[1m[36m    Building[0m [=========================> ] 54/55: hello_near                                                                                                                             [K[0m[0m[1m[33mwarning[0m[1m:[0m `hello_near` (lib) generated 2 warnings
[0m[0m[1m[31merror[0m[1m:[0m could not compile `hello_near` due to previous error; 2 warnings emitted
[1m[7m%[27m[1m[0m                                                                                                                                                                                           ]2;linhleba@Linhs-MacBook-Pro:~/Desktop/blockchain/demo1]1;..ckchain/demo1[0m[27m[24m[J[01;31mâžœ  [36mdemo1[00m [K[?1h=[?2004hnpm run deploy[?1l>[?2004l
]2;npm run deploy]1;npm
> demo1@1.0.0 deploy
> npm run build:contract && cd contract && near dev-deploy --wasmFile ./target/wasm32-unknown-unknown/release/hello_near.wasm --accountId tdl.just4test.testnet --initFunction new --initArgs '{"owner_id":"just4test.testnet"}'


> demo1@1.0.0 build:contract
> cd contract && rustup target add wasm32-unknown-unknown && cargo build --all --target wasm32-unknown-unknown --release

[1minfo: (B[mcomponent 'rust-std' for target 'wasm32-unknown-unknown' is up to date
[0m[0m[1m[32m   Compiling[0m hello_near v1.0.0 (/Users/linhleba/Desktop/blockchain/demo1/contract)
[0m[0m[1m[36m    Building[0m [=========================> ] 54/55: hello_near                                                                                                                             [K[0m[1m[38;5;9merror[E0433][0m[0m[1m: failed to resolve: use of undeclared type `Vector`[0m
[0m   [0m[0m[1m[38;5;12m--> [0m[0msrc/lib.rs:109:32[0m
[0m    [0m[0m[1m[38;5;12m|[0m
[0m[1m[38;5;12m109[0m[0m [0m[0m[1m[38;5;12m| [0m[0m            taskAccount.insert(Vector::new(&task.id));[0m
[0m    [0m[0m[1m[38;5;12m| [0m[0m                               [0m[0m[1m[38;5;9m^^^^^^[0m[0m [0m[0m[1m[38;5;9mnot found in this scope[0m
[0m    [0m[0m[1m[38;5;12m|[0m
[0m[1m[38;5;14mhelp[0m[0m: consider importing this struct[0m
[0m    [0m[0m[1m[38;5;12m|[0m
[0m[1m[38;5;12m9[0m[0m   [0m[0m[1m[38;5;12m| [0m[0m[38;5;10muse near_sdk::collections::Vector;[0m
[0m    [0m[0m[1m[38;5;12m|[0m

[0m[0m[1m[36m    Building[0m [=========================> ] 54/55: hello_near                                                                                                                             [K[0m[1m[33mwarning[0m[0m[1m: unused import: `env`[0m
[0m  [0m[0m[1m[38;5;12m--> [0m[0msrc/lib.rs:11:16[0m
[0m   [0m[0m[1m[38;5;12m|[0m
[0m[1m[38;5;12m11[0m[0m [0m[0m[1m[38;5;12m| [0m[0muse near_sdk::{env, AccountId, BorshStorageKey, PanicOnDefault};[0m
[0m   [0m[0m[1m[38;5;12m| [0m[0m               [0m[0m[1m[33m^^^[0m
[0m   [0m[0m[1m[38;5;12m|[0m
[0m   [0m[0m[1m[38;5;12m= [0m[0m[1mnote[0m[0m: `#[warn(unused_imports)]` on by default[0m

[0m[0m[1m[36m    Building[0m [=========================> ] 54/55: hello_near                                                                                                                             [K[0m[1m[33mwarning[0m[0m[1m: unnecessary parentheses around `if` condition[0m
[0m   [0m[0m[1m[38;5;12m--> [0m[0msrc/lib.rs:108:12[0m
[0m    [0m[0m[1m[38;5;12m|[0m
[0m[1m[38;5;12m108[0m[0m [0m[0m[1m[38;5;12m| [0m[0m        if (taskAccount.is_none()) {[0m
[0m    [0m[0m[1m[38;5;12m| [0m[0m           [0m[0m[1m[33m^[0m[0m                     [0m[0m[1m[33m^[0m
[0m    [0m[0m[1m[38;5;12m|[0m
[0m    [0m[0m[1m[38;5;12m= [0m[0m[1mnote[0m[0m: `#[warn(unused_parens)]` on by default[0m
[0m[1m[38;5;14mhelp[0m[0m: remove these parentheses[0m
[0m    [0m[0m[1m[38;5;12m|[0m
[0m[1m[38;5;12m108[0m[0m [0m[0m[38;5;9m- [0m[0m        if [0m[0m[38;5;9m([0m[0mtaskAccount.is_none()[0m[0m[38;5;9m)[0m[0m {[0m
[0m[1m[38;5;12m108[0m[0m [0m[0m[38;5;10m+ [0m[0m        if taskAccount.is_none() {[0m
[0m    [0m[0m[1m[38;5;12m| [0m

[0m[0m[1m[36m    Building[0m [=========================> ] 54/55: hello_near                                                                                                                             [K[0m[1mFor more information about this error, try `rustc --explain E0433`.[0m
[0m[0m[1m[36m    Building[0m [=========================> ] 54/55: hello_near                                                                                                                             [K[0m[0m[1m[33mwarning[0m[1m:[0m `hello_near` (lib) generated 2 warnings
[0m[0m[1m[31merror[0m[1m:[0m could not compile `hello_near` due to previous error; 2 warnings emitted
[1m[7m%[27m[1m[0m                                                                                                                                                                                           ]2;linhleba@Linhs-MacBook-Pro:~/Desktop/blockchain/demo1]1;..ckchain/demo1[0m[27m[24m[J[01;31mâžœ  [36mdemo1[00m [K[?1h=[?2004hnpm run deploy[?1l>[?2004l
]2;npm run deploy]1;npm
> demo1@1.0.0 deploy
> npm run build:contract && cd contract && near dev-deploy --wasmFile ./target/wasm32-unknown-unknown/release/hello_near.wasm --accountId tdl.just4test.testnet --initFunction new --initArgs '{"owner_id":"just4test.testnet"}'


> demo1@1.0.0 build:contract
> cd contract && rustup target add wasm32-unknown-unknown && cargo build --all --target wasm32-unknown-unknown --release

[1minfo: (B[mcomponent 'rust-std' for target 'wasm32-unknown-unknown' is up to date
[0m[0m[1m[32m   Compiling[0m hello_near v1.0.0 (/Users/linhleba/Desktop/blockchain/demo1/contract)
[0m[0m[1m[36m    Building[0m [=========================> ] 54/55: hello_near                                                                                                                             [K[0m[1m[33mwarning[0m[0m[1m: unused import: `env`[0m
[0m  [0m[0m[1m[38;5;12m--> [0m[0msrc/lib.rs:11:16[0m
[0m   [0m[0m[1m[38;5;12m|[0m
[0m[1m[38;5;12m11[0m[0m [0m[0m[1m[38;5;12m| [0m[0muse near_sdk::{env, AccountId, BorshStorageKey, PanicOnDefault};[0m
[0m   [0m[0m[1m[38;5;12m| [0m[0m               [0m[0m[1m[33m^^^[0m
[0m   [0m[0m[1m[38;5;12m|[0m
[0m   [0m[0m[1m[38;5;12m= [0m[0m[1mnote[0m[0m: `#[warn(unused_imports)]` on by default[0m

[0m[0m[1m[36m    Building[0m [=========================> ] 54/55: hello_near                                                                                                                             [K[0m[1m[33mwarning[0m[0m[1m: unnecessary parentheses around `if` condition[0m
[0m   [0m[0m[1m[38;5;12m--> [0m[0msrc/lib.rs:108:12[0m
[0m    [0m[0m[1m[38;5;12m|[0m
[0m[1m[38;5;12m108[0m[0m [0m[0m[1m[38;5;12m| [0m[0m        if (taskAccount.is_none()) {[0m
[0m    [0m[0m[1m[38;5;12m| [0m[0m           [0m[0m[1m[33m^[0m[0m                     [0m[0m[1m[33m^[0m
[0m    [0m[0m[1m[38;5;12m|[0m
[0m    [0m[0m[1m[38;5;12m= [0m[0m[1mnote[0m[0m: `#[warn(unused_parens)]` on by default[0m
[0m[1m[38;5;14mhelp[0m[0m: remove these parentheses[0m
[0m    [0m[0m[1m[38;5;12m|[0m
[0m[1m[38;5;12m108[0m[0m [0m[0m[38;5;9m- [0m[0m        if [0m[0m[38;5;9m([0m[0mtaskAccount.is_none()[0m[0m[38;5;9m)[0m[0m {[0m
[0m[1m[38;5;12m108[0m[0m [0m[0m[38;5;10m+ [0m[0m        if taskAccount.is_none() {[0m
[0m    [0m[0m[1m[38;5;12m| [0m

[0m[0m[1m[36m    Building[0m [=========================> ] 54/55: hello_near                                                                                                                             [K[0m[1m[38;5;9merror[E0061][0m[0m[1m: this function takes 0 arguments but 1 argument was supplied[0m
[0m   [0m[0m[1m[38;5;12m--> [0m[0msrc/lib.rs:109:32[0m
[0m    [0m[0m[1m[38;5;12m|[0m
[0m[1m[38;5;12m109[0m[0m [0m[0m[1m[38;5;12m| [0m[0m            taskAccount.insert(Vec::new(&task.id));[0m
[0m    [0m[0m[1m[38;5;12m| [0m[0m                               [0m[0m[1m[38;5;9m^^^^^^^^[0m[0m [0m[0m[1m[38;5;12m--------[0m[0m [0m[0m[1m[38;5;12msupplied 1 argument[0m
[0m    [0m[0m[1m[38;5;12m| [0m[0m                               [0m[0m[1m[38;5;9m|[0m
[0m    [0m[0m[1m[38;5;12m| [0m[0m                               [0m[0m[1m[38;5;9mexpected 0 arguments[0m
[0m    [0m[0m[1m[38;5;12m|[0m
[0m[1m[38;5;10mnote[0m[0m: associated function defined here[0m

[0m[0m[1m[36m    Building[0m [=========================> ] 54/55: hello_near                                                                                                                             [K[0m[1mFor more information about this error, try `rustc --explain E0061`.[0m
[0m[0m[1m[36m    Building[0m [=========================> ] 54/55: hello_near                                                                                                                             [K[0m[0m[1m[33mwarning[0m[1m:[0m `hello_near` (lib) generated 2 warnings
[0m[0m[1m[31merror[0m[1m:[0m could not compile `hello_near` due to previous error; 2 warnings emitted
[1m[7m%[27m[1m[0m                                                                                                                                                                                           ]2;linhleba@Linhs-MacBook-Pro:~/Desktop/blockchain/demo1]1;..ckchain/demo1[0m[27m[24m[J[01;31mâžœ  [36mdemo1[00m [K[?1h=[?2004hnpm run deploy[?1l>[?2004l
]2;npm run deploy]1;npm
> demo1@1.0.0 deploy
> npm run build:contract && cd contract && near dev-deploy --wasmFile ./target/wasm32-unknown-unknown/release/hello_near.wasm --accountId tdl.just4test.testnet --initFunction new --initArgs '{"owner_id":"just4test.testnet"}'


> demo1@1.0.0 build:contract
> cd contract && rustup target add wasm32-unknown-unknown && cargo build --all --target wasm32-unknown-unknown --release

[1minfo: (B[mcomponent 'rust-std' for target 'wasm32-unknown-unknown' is up to date
[0m[0m[1m[32m   Compiling[0m hello_near v1.0.0 (/Users/linhleba/Desktop/blockchain/demo1/contract)
[0m[0m[1m[36m    Building[0m [=========================> ] 54/55: hello_near                                                                                                                             [K[0m[1m[33mwarning[0m[0m[1m: unused import: `env`[0m
[0m  [0m[0m[1m[38;5;12m--> [0m[0msrc/lib.rs:11:16[0m
[0m   [0m[0m[1m[38;5;12m|[0m
[0m[1m[38;5;12m11[0m[0m [0m[0m[1m[38;5;12m| [0m[0muse near_sdk::{env, AccountId, BorshStorageKey, PanicOnDefault};[0m
[0m   [0m[0m[1m[38;5;12m| [0m[0m               [0m[0m[1m[33m^^^[0m
[0m   [0m[0m[1m[38;5;12m|[0m
[0m   [0m[0m[1m[38;5;12m= [0m[0m[1mnote[0m[0m: `#[warn(unused_imports)]` on by default[0m

[0m[0m[1m[36m    Building[0m [=========================> ] 54/55: hello_near                                                                                                                             [K[0m[1m[33mwarning[0m[0m[1m: unnecessary parentheses around `if` condition[0m
[0m   [0m[0m[1m[38;5;12m--> [0m[0msrc/lib.rs:108:12[0m
[0m    [0m[0m[1m[38;5;12m|[0m
[0m[1m[38;5;12m108[0m[0m [0m[0m[1m[38;5;12m| [0m[0m        if (taskAccount.is_none()) {[0m
[0m    [0m[0m[1m[38;5;12m| [0m[0m           [0m[0m[1m[33m^[0m[0m                     [0m[0m[1m[33m^[0m
[0m    [0m[0m[1m[38;5;12m|[0m
[0m    [0m[0m[1m[38;5;12m= [0m[0m[1mnote[0m[0m: `#[warn(unused_parens)]` on by default[0m
[0m[1m[38;5;14mhelp[0m[0m: remove these parentheses[0m
[0m    [0m[0m[1m[38;5;12m|[0m
[0m[1m[38;5;12m108[0m[0m [0m[0m[38;5;9m- [0m[0m        if [0m[0m[38;5;9m([0m[0mtaskAccount.is_none()[0m[0m[38;5;9m)[0m[0m {[0m
[0m[1m[38;5;12m108[0m[0m [0m[0m[38;5;10m+ [0m[0m        if taskAccount.is_none() {[0m
[0m    [0m[0m[1m[38;5;12m| [0m

[0m[0m[1m[36m    Building[0m [=========================> ] 54/55: hello_near                                                                                                                             [K[0m[1m[38;5;9merror[E0308][0m[0m[1m: mismatched types[0m
[0m   [0m[0m[1m[38;5;12m--> [0m[0msrc/lib.rs:109:27[0m
[0m    [0m[0m[1m[38;5;12m|[0m
[0m[1m[38;5;12m106[0m[0m [0m[0m[1m[38;5;12m| [0m[0m        let taskAccount : Option<Vec<u32>> = self.task_id_by_accounts.get(&self.owner_id);[0m
[0m    [0m[0m[1m[38;5;12m| [0m[0m                          [0m[0m[1m[38;5;12m----------------[0m[0m [0m[0m[1m[38;5;12mexpected due to this type[0m
[0m[1m[38;5;12m...[0m
[0m[1m[38;5;12m109[0m[0m [0m[0m[1m[38;5;12m| [0m[0m            taskAccount = Vec::new();[0m
[0m    [0m[0m[1m[38;5;12m| [0m[0m                          [0m[0m[1m[38;5;9m^^^^^^^^^^[0m[0m [0m[0m[1m[38;5;9mexpected enum `std::option::Option`, found struct `Vec`[0m
[0m    [0m[0m[1m[38;5;12m|[0m
[0m    [0m[0m[1m[38;5;12m= [0m[0m[1mnote[0m[0m: expected enum `[0m[0m[1mstd::option::Option<[0m[0mVec<[0m[0m[1mu32[0m[0m>[0m[0m[1m>[0m[0m`[0m
[0m             found struct `Vec<[0m[0m[1m_[0m[0m>`[0m
[0m[1m[38;5;14mhelp[0m[0m: try wrapping the expression in `Some`[0m
[0m    [0m[0m[1m[38;5;12m|[0m
[0m[1m[38;5;12m109[0m[0m [0m[0m[1m[38;5;12m| [0m[0m            taskAccount = [0m[0m[38;5;10mSome([0m[0mVec::new()[0m[0m[38;5;10m)[0m[0m;[0m
[0m    [0m[0m[1m[38;5;12m| [0m[0m                          [0m[0m[38;5;10m+++++[0m[0m          [0m[0m[38;5;10m+[0m

[0m[0m[1m[36m    Building[0m [=========================> ] 54/55: hello_near                                                                                                                             [K[0m[1m[38;5;9merror[E0599][0m[0m[1m: no method named `push` found for enum `std::option::Option` in the current scope[0m
[0m   [0m[0m[1m[38;5;12m--> [0m[0msrc/lib.rs:110:25[0m
[0m    [0m[0m[1m[38;5;12m|[0m
[0m[1m[38;5;12m110[0m[0m [0m[0m[1m[38;5;12m| [0m[0m            taskAccount.push(&task.id);[0m
[0m    [0m[0m[1m[38;5;12m| [0m[0m                        [0m[0m[1m[38;5;9m^^^^[0m[0m [0m[0m[1m[38;5;9mmethod not found in `std::option::Option<Vec<u32>>`[0m

[0m[0m[1m[36m    Building[0m [=========================> ] 54/55: hello_near                                                                                                                             [K[0m[1mSome errors have detailed explanations: E0308, E0599.[0m
[0m[1mFor more information about an error, try `rustc --explain E0308`.[0m
[0m[0m[1m[36m    Building[0m [=========================> ] 54/55: hello_near                                                                                                                             [K[0m[0m[1m[33mwarning[0m[1m:[0m `hello_near` (lib) generated 2 warnings
[0m[0m[1m[31merror[0m[1m:[0m could not compile `hello_near` due to 2 previous errors; 2 warnings emitted
[1m[7m%[27m[1m[0m                                                                                                                                                                                           ]2;linhleba@Linhs-MacBook-Pro:~/Desktop/blockchain/demo1]1;..ckchain/demo1[0m[27m[24m[J[01;31mâžœ  [36mdemo1[00m [K[?1h=[?2004hnpm run deploy[?1l>[?2004l
]2;npm run deploy]1;npm
> demo1@1.0.0 deploy
> npm run build:contract && cd contract && near dev-deploy --wasmFile ./target/wasm32-unknown-unknown/release/hello_near.wasm --accountId tdl.just4test.testnet --initFunction new --initArgs '{"owner_id":"just4test.testnet"}'


> demo1@1.0.0 build:contract
> cd contract && rustup target add wasm32-unknown-unknown && cargo build --all --target wasm32-unknown-unknown --release

[1minfo: (B[mcomponent 'rust-std' for target 'wasm32-unknown-unknown' is up to date
[0m[0m[1m[32m   Compiling[0m hello_near v1.0.0 (/Users/linhleba/Desktop/blockchain/demo1/contract)
[0m[0m[1m[36m    Building[0m [=========================> ] 54/55: hello_near                                                                                                                             [K[0m[1m[33mwarning[0m[0m[1m: unused import: `env`[0m
[0m  [0m[0m[1m[38;5;12m--> [0m[0msrc/lib.rs:11:16[0m
[0m   [0m[0m[1m[38;5;12m|[0m
[0m[1m[38;5;12m11[0m[0m [0m[0m[1m[38;5;12m| [0m[0muse near_sdk::{env, AccountId, BorshStorageKey, PanicOnDefault};[0m
[0m   [0m[0m[1m[38;5;12m| [0m[0m               [0m[0m[1m[33m^^^[0m
[0m   [0m[0m[1m[38;5;12m|[0m
[0m   [0m[0m[1m[38;5;12m= [0m[0m[1mnote[0m[0m: `#[warn(unused_imports)]` on by default[0m

[0m[0m[1m[36m    Building[0m [=========================> ] 54/55: hello_near                                                                                                                             [K[0m[1m[33mwarning[0m[0m[1m: unnecessary parentheses around `if` condition[0m
[0m   [0m[0m[1m[38;5;12m--> [0m[0msrc/lib.rs:108:12[0m
[0m    [0m[0m[1m[38;5;12m|[0m
[0m[1m[38;5;12m108[0m[0m [0m[0m[1m[38;5;12m| [0m[0m        if (taskAccount.is_none()) {[0m
[0m    [0m[0m[1m[38;5;12m| [0m[0m           [0m[0m[1m[33m^[0m[0m                     [0m[0m[1m[33m^[0m
[0m    [0m[0m[1m[38;5;12m|[0m
[0m    [0m[0m[1m[38;5;12m= [0m[0m[1mnote[0m[0m: `#[warn(unused_parens)]` on by default[0m
[0m[1m[38;5;14mhelp[0m[0m: remove these parentheses[0m
[0m    [0m[0m[1m[38;5;12m|[0m
[0m[1m[38;5;12m108[0m[0m [0m[0m[38;5;9m- [0m[0m        if [0m[0m[38;5;9m([0m[0mtaskAccount.is_none()[0m[0m[38;5;9m)[0m[0m {[0m
[0m[1m[38;5;12m108[0m[0m [0m[0m[38;5;10m+ [0m[0m        if taskAccount.is_none() {[0m
[0m    [0m[0m[1m[38;5;12m| [0m

[0m[0m[1m[36m    Building[0m [=========================> ] 54/55: hello_near                                                                                                                             [K[0m[1m[38;5;9merror[E0596][0m[0m[1m: cannot borrow `taskAccount` as mutable, as it is not declared as mutable[0m
[0m   [0m[0m[1m[38;5;12m--> [0m[0msrc/lib.rs:112:13[0m
[0m    [0m[0m[1m[38;5;12m|[0m
[0m[1m[38;5;12m106[0m[0m [0m[0m[1m[38;5;12m| [0m[0m        let taskAccount : Option<Vec<u32>> = self.task_id_by_accounts.get(&self.owner_id);[0m
[0m    [0m[0m[1m[38;5;12m| [0m[0m            [0m[0m[1m[38;5;12m-----------[0m[0m [0m[0m[1m[38;5;12mhelp: consider changing this to be mutable: `mut taskAccount`[0m
[0m[1m[38;5;12m...[0m
[0m[1m[38;5;12m112[0m[0m [0m[0m[1m[38;5;12m| [0m[0m            taskAccount.insert(id);[0m
[0m    [0m[0m[1m[38;5;12m| [0m[0m            [0m[0m[1m[38;5;9m^^^^^^^^^^^^^^^^^^^^^^[0m[0m [0m[0m[1m[38;5;9mcannot borrow as mutable[0m

[0m[0m[1m[36m    Building[0m [=========================> ] 54/55: hello_near                                                                                                                             [K[0m[1mFor more information about this error, try `rustc --explain E0596`.[0m
[0m[0m[1m[36m    Building[0m [=========================> ] 54/55: hello_near                                                                                                                             [K[0m[0m[1m[33mwarning[0m[1m:[0m `hello_near` (lib) generated 2 warnings
[0m[0m[1m[31merror[0m[1m:[0m could not compile `hello_near` due to previous error; 2 warnings emitted
[1m[7m%[27m[1m[0m                                                                                                                                                                                           ]2;linhleba@Linhs-MacBook-Pro:~/Desktop/blockchain/demo1]1;..ckchain/demo1[0m[27m[24m[J[01;31mâžœ  [36mdemo1[00m [K[?1h=[?2004hnpm run deploy[?1l>[?2004l
]2;npm run deploy]1;npm
> demo1@1.0.0 deploy
> npm run build:contract && cd contract && near dev-deploy --wasmFile ./target/wasm32-unknown-unknown/release/hello_near.wasm --accountId tdl.just4test.testnet --initFunction new --initArgs '{"owner_id":"just4test.testnet"}'


> demo1@1.0.0 build:contract
> cd contract && rustup target add wasm32-unknown-unknown && cargo build --all --target wasm32-unknown-unknown --release

[1minfo: (B[mcomponent 'rust-std' for target 'wasm32-unknown-unknown' is up to date
[0m[0m[1m[32m   Compiling[0m hello_near v1.0.0 (/Users/linhleba/Desktop/blockchain/demo1/contract)
[0m[0m[1m[36m    Building[0m [=========================> ] 54/55: hello_near                                                                                                                             [K[0m[1m[33mwarning[0m[0m[1m: unused import: `env`[0m
[0m  [0m[0m[1m[38;5;12m--> [0m[0msrc/lib.rs:11:16[0m
[0m   [0m[0m[1m[38;5;12m|[0m
[0m[1m[38;5;12m11[0m[0m [0m[0m[1m[38;5;12m| [0m[0muse near_sdk::{env, AccountId, BorshStorageKey, PanicOnDefault};[0m
[0m   [0m[0m[1m[38;5;12m| [0m[0m               [0m[0m[1m[33m^^^[0m
[0m   [0m[0m[1m[38;5;12m|[0m
[0m   [0m[0m[1m[38;5;12m= [0m[0m[1mnote[0m[0m: `#[warn(unused_imports)]` on by default[0m

[0m[0m[1m[36m    Building[0m [=========================> ] 54/55: hello_near                                                                                                                             [K[0m[1m[38;5;9merror[E0596][0m[0m[1m: cannot borrow `id` as mutable, as it is not declared as mutable[0m
[0m   [0m[0m[1m[38;5;12m--> [0m[0msrc/lib.rs:111:13[0m
[0m    [0m[0m[1m[38;5;12m|[0m
[0m[1m[38;5;12m110[0m[0m [0m[0m[1m[38;5;12m| [0m[0m            let id = Vec::new();[0m
[0m    [0m[0m[1m[38;5;12m| [0m[0m                [0m[0m[1m[38;5;12m--[0m[0m [0m[0m[1m[38;5;12mhelp: consider changing this to be mutable: `mut id`[0m
[0m[1m[38;5;12m111[0m[0m [0m[0m[1m[38;5;12m| [0m[0m            id.push(task.id);[0m
[0m    [0m[0m[1m[38;5;12m| [0m[0m            [0m[0m[1m[38;5;9m^^^^^^^^^^^^^^^^[0m[0m [0m[0m[1m[38;5;9mcannot borrow as mutable[0m

[0m[0m[1m[36m    Building[0m [=========================> ] 54/55: hello_near                                                                                                                             [K[0m[1m[38;5;9merror[E0596][0m[0m[1m: cannot borrow `taskAccount` as mutable, as it is not declared as mutable[0m
[0m   [0m[0m[1m[38;5;12m--> [0m[0msrc/lib.rs:112:13[0m
[0m    [0m[0m[1m[38;5;12m|[0m
[0m[1m[38;5;12m106[0m[0m [0m[0m[1m[38;5;12m| [0m[0m        let taskAccount : Option<Vec<u32>> = self.task_id_by_accounts.get(&self.owner_id);[0m
[0m    [0m[0m[1m[38;5;12m| [0m[0m            [0m[0m[1m[38;5;12m-----------[0m[0m [0m[0m[1m[38;5;12mhelp: consider changing this to be mutable: `mut taskAccount`[0m
[0m[1m[38;5;12m...[0m
[0m[1m[38;5;12m112[0m[0m [0m[0m[1m[38;5;12m| [0m[0m            taskAccount.insert(id);[0m
[0m    [0m[0m[1m[38;5;12m| [0m[0m            [0m[0m[1m[38;5;9m^^^^^^^^^^^^^^^^^^^^^^[0m[0m [0m[0m[1m[38;5;9mcannot borrow as mutable[0m

[0m[0m[1m[36m    Building[0m [=========================> ] 54/55: hello_near                                                                                                                             [K[0m[1mFor more information about this error, try `rustc --explain E0596`.[0m
[0m[0m[1m[36m    Building[0m [=========================> ] 54/55: hello_near                                                                                                                             [K[0m[0m[1m[33mwarning[0m[1m:[0m `hello_near` (lib) generated 1 warning
[0m[0m[1m[31merror[0m[1m:[0m could not compile `hello_near` due to 2 previous errors; 1 warning emitted
[1m[7m%[27m[1m[0m                                                                                                                                                                                           ]2;linhleba@Linhs-MacBook-Pro:~/Desktop/blockchain/demo1]1;..ckchain/demo1[0m[27m[24m[J[01;31mâžœ  [36mdemo1[00m [K[?1h=[?2004hnpm run deploy[?1l>[?2004l
]2;npm run deploy]1;npm
> demo1@1.0.0 deploy
> npm run build:contract && cd contract && near dev-deploy --wasmFile ./target/wasm32-unknown-unknown/release/hello_near.wasm --accountId tdl.just4test.testnet --initFunction new --initArgs '{"owner_id":"just4test.testnet"}'


> demo1@1.0.0 build:contract
> cd contract && rustup target add wasm32-unknown-unknown && cargo build --all --target wasm32-unknown-unknown --release

[1minfo: (B[mcomponent 'rust-std' for target 'wasm32-unknown-unknown' is up to date
[0m[0m[1m[32m   Compiling[0m hello_near v1.0.0 (/Users/linhleba/Desktop/blockchain/demo1/contract)
[0m[0m[1m[36m    Building[0m [=========================> ] 54/55: hello_near                                                                                                                             [K[0m[1m[33mwarning[0m[0m[1m: unused import: `env`[0m
[0m  [0m[0m[1m[38;5;12m--> [0m[0msrc/lib.rs:11:16[0m
[0m   [0m[0m[1m[38;5;12m|[0m
[0m[1m[38;5;12m11[0m[0m [0m[0m[1m[38;5;12m| [0m[0muse near_sdk::{env, AccountId, BorshStorageKey, PanicOnDefault};[0m
[0m   [0m[0m[1m[38;5;12m| [0m[0m               [0m[0m[1m[33m^^^[0m
[0m   [0m[0m[1m[38;5;12m|[0m
[0m   [0m[0m[1m[38;5;12m= [0m[0m[1mnote[0m[0m: `#[warn(unused_imports)]` on by default[0m

[0m[0m[1m[36m    Building[0m [=========================> ] 54/55: hello_near                                                                                                                             [K[0m[1m[33mwarning[0m[0m[1m: constant is never used: `DEFAULT_MESSAGE`[0m
[0m  [0m[0m[1m[38;5;12m--> [0m[0msrc/lib.rs:16:1[0m
[0m   [0m[0m[1m[38;5;12m|[0m
[0m[1m[38;5;12m16[0m[0m [0m[0m[1m[38;5;12m| [0m[0mconst DEFAULT_MESSAGE: &str = "Hello";[0m
[0m   [0m[0m[1m[38;5;12m| [0m[0m[1m[33m^^^^^^^^^^^^^^^^^^^^^^^^^^^^^^^^^^^^^^[0m
[0m   [0m[0m[1m[38;5;12m|[0m
[0m   [0m[0m[1m[38;5;12m= [0m[0m[1mnote[0m[0m: `#[warn(dead_code)]` on by default[0m

[0m[0m[1m[36m    Building[0m [=========================> ] 54/55: hello_near                                                                                                                             [K[0m[1m[33mwarning[0m[0m[1m: variable `taskAccount` should have a snake case name[0m
[0m   [0m[0m[1m[38;5;12m--> [0m[0msrc/lib.rs:106:17[0m
[0m    [0m[0m[1m[38;5;12m|[0m
[0m[1m[38;5;12m106[0m[0m [0m[0m[1m[38;5;12m| [0m[0m        let mut taskAccount : Option<Vec<u32>> = self.task_id_by_accounts.get(&self.owner_id);[0m
[0m    [0m[0m[1m[38;5;12m| [0m[0m                [0m[0m[1m[33m^^^^^^^^^^^[0m[0m [0m[0m[1m[33mhelp: convert the identifier to snake case: `task_account`[0m
[0m    [0m[0m[1m[38;5;12m|[0m
[0m    [0m[0m[1m[38;5;12m= [0m[0m[1mnote[0m[0m: `#[warn(non_snake_case)]` on by default[0m

[0m[0m[1m[36m    Building[0m [=========================> ] 54/55: hello_near                                                                                                                             [K[0m[1m[33mwarning[0m[0m[1m: unused return value of `std::option::Option::<T>::insert` that must be used[0m
[0m   [0m[0m[1m[38;5;12m--> [0m[0msrc/lib.rs:112:13[0m
[0m    [0m[0m[1m[38;5;12m|[0m
[0m[1m[38;5;12m112[0m[0m [0m[0m[1m[38;5;12m| [0m[0m            taskAccount.insert(id);[0m
[0m    [0m[0m[1m[38;5;12m| [0m[0m            [0m[0m[1m[33m^^^^^^^^^^^^^^^^^^^^^^^[0m
[0m    [0m[0m[1m[38;5;12m|[0m
[0m    [0m[0m[1m[38;5;12m= [0m[0m[1mnote[0m[0m: `#[warn(unused_must_use)]` on by default[0m
[0m    [0m[0m[1m[38;5;12m= [0m[0m[1mnote[0m[0m: if you intended to set a value, consider assignment instead[0m

[0m[0m[1m[36m    Building[0m [=========================> ] 54/55: hello_near                                                                                                                             [K[0m[0m[1m[33mwarning[0m[1m:[0m `hello_near` (lib) generated 4 warnings
[0m[0m[1m[32m    Finished[0m release [optimized] target(s) in 5.92s
Starting deployment. Account id: tdl.just4test.testnet, node: https://rpc.testnet.near.org, helper: https://helper.testnet.near.org, file: ./target/wasm32-unknown-unknown/release/hello_near.wasm
Receipt: CEmDFP73JpP6oJ6fnMBXu46hXikiHqKxGpahPX5Uz2WH
	Failure [tdl.just4test.testnet]: Error: {"index":1,"kind":{"ExecutionError":"Smart contract panicked: The contract has already been initialized"}}
An error occured
Error: {"index":1,"kind":{"ExecutionError":"Smart contract panicked: The contract has already been initialized"}}
    at Object.parseResultError (/Users/linhleba/Desktop/blockchain/demo1/node_modules/near-api-js/lib/utils/rpc_errors.js:31:29)
    at Account.signAndSendTransactionV2 (/Users/linhleba/Desktop/blockchain/demo1/node_modules/near-api-js/lib/account.js:160:36)
    at processTicksAndRejections (node:internal/process/task_queues:96:5)
    at async devDeploy (/Users/linhleba/Desktop/blockchain/demo1/node_modules/near-cli/commands/dev-deploy.js:102:20)
    at async Object.handler (/Users/linhleba/Desktop/blockchain/demo1/node_modules/near-cli/utils/exit-on-error.js:52:9)
ServerTransactionError: {"index":1,"kind":{"ExecutionError":"Smart contract panicked: The contract has already been initialized"}}
    at Object.parseResultError (/Users/linhleba/Desktop/blockchain/demo1/node_modules/[4mnear-api-js[24m/lib/utils/rpc_errors.js:31:29)
    at Account.signAndSendTransactionV2 (/Users/linhleba/Desktop/blockchain/demo1/node_modules/[4mnear-api-js[24m/lib/account.js:160:36)
[90m    at processTicksAndRejections (node:internal/process/task_queues:96:5)[39m
    at async devDeploy (/Users/linhleba/Desktop/blockchain/demo1/node_modules/[4mnear-cli[24m/commands/dev-deploy.js:102:20)
    at async Object.handler (/Users/linhleba/Desktop/blockchain/demo1/node_modules/[4mnear-cli[24m/utils/exit-on-error.js:52:9) {
  type: [32m'FunctionCallError'[39m,
  context: [90mundefined[39m,
  index: [33m1[39m,
  kind: {
    ExecutionError: [32m'Smart contract panicked: The contract has already been initialized'[39m
  },
  transaction_outcome: {
    block_hash: [32m'3twwPS9HtM552KXwczkyXFY469dh9evwDAaXHpu8hyWf'[39m,
    id: [32m'2SManawAARET5w3G4mQaGMH8WJByALbaoEj7nEAp2zZT'[39m,
    outcome: {
      executor_id: [32m'tdl.just4test.testnet'[39m,
      gas_burnt: [33m3494734980236[39m,
      logs: [],
      metadata: { gas_profile: [1mnull[22m, version: [33m1[39m },
      receipt_ids: [ [32m'HhrGPynfMqYPX1mGYqhimkqK4eyuMvLNuXKU4AWDq9u1'[39m ],
      status: {
        SuccessReceiptId: [32m'HhrGPynfMqYPX1mGYqhimkqK4eyuMvLNuXKU4AWDq9u1'[39m
      },
      tokens_burnt: [32m'349473498023600000000'[39m
    },
    proof: [
      {
        direction: [32m'Right'[39m,
        hash: [32m'3xicdbfEVzwvWQ59YS5HoGgfLdsgDW1ehzg21z3Ymmhj'[39m
      },
      {
        direction: [32m'Right'[39m,
        hash: [32m'13AP3g3JmanZJZNrAfMiJVBCNvRvQb34eCCUiyTMa2gq'[39m
      }
    ]
  }
}
[1m[7m%[27m[1m[0m                                                                                                                                                                                           ]2;linhleba@Linhs-MacBook-Pro:~/Desktop/blockchain/demo1]1;..ckchain/demo1[0m[27m[24m[J[01;31mâžœ  [36mdemo1[00m [K[?1h=[?2004hnpm run deploy[14Dnear call tdl.just4test.testnet create_task '{"id":1,"content":"Working"}' --accountId just4test.testnet[?1l>[?2004l
]2;near call tdl.just4test.testnet create_task '{"id":1,"content":"Working"}'  ]1;nearScheduling a call: tdl.just4test.testnet.create_task({"id":1,"content":"Working"})
Doing account.functionCall()
Receipt: 8JKLoAbydRo2j6k8ZX3pLiurjdudy5wagozT3FpSsXHL
	Failure [tdl.just4test.testnet]: Error: {"index":0,"kind":{"ExecutionError":"Smart contract panicked: panicked at 'called `Option::unwrap()` on a `None` value', src/lib.rs:106:54"}}
ServerTransactionError: {"index":0,"kind":{"ExecutionError":"Smart contract panicked: panicked at 'called `Option::unwrap()` on a `None` value', src/lib.rs:106:54"}}
    at Object.parseResultError (/usr/local/lib/node_modules/[4mnear-cli[24m/node_modules/[4mnear-api-js[24m/lib/utils/rpc_errors.js:31:29)
    at Account.signAndSendTransactionV2 (/usr/local/lib/node_modules/[4mnear-cli[24m/node_modules/[4mnear-api-js[24m/lib/account.js:160:36)
[90m    at processTicksAndRejections (node:internal/process/task_queues:96:5)[39m
    at async scheduleFunctionCall (/usr/local/lib/node_modules/[4mnear-cli[24m/commands/call.js:57:38)
    at async Object.handler (/usr/local/lib/node_modules/[4mnear-cli[24m/utils/exit-on-error.js:52:9) {
  type: [32m'FunctionCallError'[39m,
  context: [90mundefined[39m,
  index: [33m0[39m,
  kind: {
    ExecutionError: [32m"Smart contract panicked: panicked at 'called `Option::unwrap()` on a `None` value', src/lib.rs:106:54"[39m
  },
  transaction_outcome: {
    block_hash: [32m'Axi9V2EPWZ4fv7MWTfmryx8WoFeQNzypXTg1RiyzB4rg'[39m,
    id: [32m'HnjjrAKjijRPAfHBzToMP5TwoCTsfoALNbPmEUZ6FKnC'[39m,
    outcome: {
      executor_id: [32m'just4test.testnet'[39m,
      gas_burnt: [33m2428008201426[39m,
      logs: [],
      metadata: [36m[Object][39m,
      receipt_ids: [36m[Array][39m,
      status: [36m[Object][39m,
      tokens_burnt: [32m'242800820142600000000'[39m
    },
    proof: [ [36m[Object][39m ]
  }
}
[1m[7m%[27m[1m[0m                                                                                                                                                                                           ]2;linhleba@Linhs-MacBook-Pro:~/Desktop/blockchain/demo1]1;..ckchain/demo1[0m[27m[24m[J[01;32mâžœ  [36mdemo1[00m [K[?1h=[?2004hnear call tdl.just4test.testnet create_task '{"id":1,"content":"Working"}' --accountId just4test.testnet[104D                                                                                                        [104Dnear call tdl.just4test.testnet create_task '{"id":1,"content":"Working"}' --accountId just4test.testnet[104Dnpm run deploy                                                                                          [90D[14Dnear call tdl.just4test.testnet create_task '{"id":1,"content":"Working"}' --accountId just4test.testnet[104Dnpm run deploy                                                                                          [90D[?1l>[?2004l
]2;npm run deploy]1;npm
> demo1@1.0.0 deploy
> npm run build:contract && cd contract && near dev-deploy --wasmFile ./target/wasm32-unknown-unknown/release/hello_near.wasm --accountId tdl.just4test.testnet --initFunction new --initArgs '{"owner_id":"just4test.testnet"}'


> demo1@1.0.0 build:contract
> cd contract && rustup target add wasm32-unknown-unknown && cargo build --all --target wasm32-unknown-unknown --release

[1minfo: (B[mcomponent 'rust-std' for target 'wasm32-unknown-unknown' is up to date
[0m[1m[33mwarning[0m[0m[1m: unused import: `env`[0m
[0m  [0m[0m[1m[38;5;12m--> [0m[0msrc/lib.rs:11:16[0m
[0m   [0m[0m[1m[38;5;12m|[0m
[0m[1m[38;5;12m11[0m[0m [0m[0m[1m[38;5;12m| [0m[0muse near_sdk::{env, AccountId, BorshStorageKey, PanicOnDefault};[0m
[0m   [0m[0m[1m[38;5;12m| [0m[0m               [0m[0m[1m[33m^^^[0m
[0m   [0m[0m[1m[38;5;12m|[0m
[0m   [0m[0m[1m[38;5;12m= [0m[0m[1mnote[0m[0m: `#[warn(unused_imports)]` on by default[0m

[0m[1m[33mwarning[0m[0m[1m: constant is never used: `DEFAULT_MESSAGE`[0m
[0m  [0m[0m[1m[38;5;12m--> [0m[0msrc/lib.rs:16:1[0m
[0m   [0m[0m[1m[38;5;12m|[0m
[0m[1m[38;5;12m16[0m[0m [0m[0m[1m[38;5;12m| [0m[0mconst DEFAULT_MESSAGE: &str = "Hello";[0m
[0m   [0m[0m[1m[38;5;12m| [0m[0m[1m[33m^^^^^^^^^^^^^^^^^^^^^^^^^^^^^^^^^^^^^^[0m
[0m   [0m[0m[1m[38;5;12m|[0m
[0m   [0m[0m[1m[38;5;12m= [0m[0m[1mnote[0m[0m: `#[warn(dead_code)]` on by default[0m

[0m[1m[33mwarning[0m[0m[1m: variable `taskAccount` should have a snake case name[0m
[0m   [0m[0m[1m[38;5;12m--> [0m[0msrc/lib.rs:106:17[0m
[0m    [0m[0m[1m[38;5;12m|[0m
[0m[1m[38;5;12m106[0m[0m [0m[0m[1m[38;5;12m| [0m[0m        let mut taskAccount : Option<Vec<u32>> = self.task_id_by_accounts.get(&self.owner_id);[0m
[0m    [0m[0m[1m[38;5;12m| [0m[0m                [0m[0m[1m[33m^^^^^^^^^^^[0m[0m [0m[0m[1m[33mhelp: convert the identifier to snake case: `task_account`[0m
[0m    [0m[0m[1m[38;5;12m|[0m
[0m    [0m[0m[1m[38;5;12m= [0m[0m[1mnote[0m[0m: `#[warn(non_snake_case)]` on by default[0m

[0m[1m[33mwarning[0m[0m[1m: unused return value of `std::option::Option::<T>::insert` that must be used[0m
[0m   [0m[0m[1m[38;5;12m--> [0m[0msrc/lib.rs:112:13[0m
[0m    [0m[0m[1m[38;5;12m|[0m
[0m[1m[38;5;12m112[0m[0m [0m[0m[1m[38;5;12m| [0m[0m            taskAccount.insert(id);[0m
[0m    [0m[0m[1m[38;5;12m| [0m[0m            [0m[0m[1m[33m^^^^^^^^^^^^^^^^^^^^^^^[0m
[0m    [0m[0m[1m[38;5;12m|[0m
[0m    [0m[0m[1m[38;5;12m= [0m[0m[1mnote[0m[0m: `#[warn(unused_must_use)]` on by default[0m
[0m    [0m[0m[1m[38;5;12m= [0m[0m[1mnote[0m[0m: if you intended to set a value, consider assignment instead[0m

[0m[0m[1m[33mwarning[0m[1m:[0m `hello_near` (lib) generated 4 warnings
[0m[0m[1m[32m    Finished[0m release [optimized] target(s) in 0.61s
Starting deployment. Account id: dev-1661656351818-76883627963928, node: https://rpc.testnet.near.org, helper: https://helper.testnet.near.org, file: ./target/wasm32-unknown-unknown/release/hello_near.wasm
Transaction Id CQhrisfPaoshA5p9xKbF8ZnSUJtHskHMNPV8Fi4Rfpeu
To see the transaction in the transaction explorer, please open this url in your browser
https://explorer.testnet.near.org/transactions/CQhrisfPaoshA5p9xKbF8ZnSUJtHskHMNPV8Fi4Rfpeu
Done deploying and initializing dev-1661656351818-76883627963928
[1m[7m%[27m[1m[0m                                                                                                                                                                                           ]2;linhleba@Linhs-MacBook-Pro:~/Desktop/blockchain/demo1]1;..ckchain/demo1[0m[27m[24m[J[01;32mâžœ  [36mdemo1[00m [K[?1h=[?2004hnpm run deploy[14Dnear call tdl.just4test.testnet create_task '{"id":1,"content":"Working"}' --accountId just4test.testnet[104Dnpm run deploy                                                                                          [90D[14Dnear call tdl.just4test.testnet create_task '{"id":1,"content":"Working"}' --accountId just4test.testnet[104Dnpm run deploy                                                                                          [90D[14Dnear call tdl.just4test.testnet create_task '{"id":1,"content":"Working"}' --accountId just4test.testnet[26C[104D                                                                                                        [104D[7mnear create-account tdl1.just4test.testnet --masterAccount just4test.testnet --initialBalance 5[27m[95D[27mn[27me[27ma[27mr[27m [27mc[27mr[27me[27ma[27mt[27me[27m-[27ma[27mc[27mc[27mo[27mu[27mn[27mt[27m [27mt[27md[27ml[27m1[27m.[27mj[27mu[27ms[27mt[27m4[27mt[27me[27ms[27mt[27m.[27mt[27me[27ms[27mt[27mn[27me[27mt[27m [27m-[27m-[27mm[27ma[27ms[27mt[27me[27mr[27mA[27mc[27mc[27mo[27mu[27mn[27mt[27m [27mj[27mu[27ms[27mt[27m4[27mt[27me[27ms[27mt[27m.[27mt[27me[27ms[27mt[27mn[27me[27mt[27m [27m-[27m-[27mi[27mn[27mi[27mt[27mi[27ma[27ml[27mB[27ma[27ml[27ma[27mn[27mc[27me[27m [27m5[?1l>[?2004l
]2;near create-account tdl1.just4test.testnet --masterAccount just4test.testnet ]1;nearSaving key to '/Users/linhleba/.near-credentials/testnet/tdl1.just4test.testnet.json'
Account tdl1.just4test.testnet for network "testnet" was created.
[1m[7m%[27m[1m[0m                                                                                                                                                                                           ]2;linhleba@Linhs-MacBook-Pro:~/Desktop/blockchain/demo1]1;..ckchain/demo1[0m[27m[24m[J[01;32mâžœ  [36mdemo1[00m [K[?1h=[?2004hnear create-account tdl1.just4test.testnet --masterAccount just4test.testnet --initialBalance 5[95Dnpm run deploy                                                                                 [81D[?1l>[?2004l
]2;npm run deploy]1;npm
> demo1@1.0.0 deploy
> npm run build:contract && cd contract && near dev-deploy --wasmFile ./target/wasm32-unknown-unknown/release/hello_near.wasm --accountId tdl.just4test.testnet --initFunction new --initArgs '{"owner_id":"just4test.testnet"}'


> demo1@1.0.0 build:contract
> cd contract && rustup target add wasm32-unknown-unknown && cargo build --all --target wasm32-unknown-unknown --release

[1minfo: (B[mcomponent 'rust-std' for target 'wasm32-unknown-unknown' is up to date
[0m[1m[33mwarning[0m[0m[1m: unused import: `env`[0m
[0m  [0m[0m[1m[38;5;12m--> [0m[0msrc/lib.rs:11:16[0m
[0m   [0m[0m[1m[38;5;12m|[0m
[0m[1m[38;5;12m11[0m[0m [0m[0m[1m[38;5;12m| [0m[0muse near_sdk::{env, AccountId, BorshStorageKey, PanicOnDefault};[0m
[0m   [0m[0m[1m[38;5;12m| [0m[0m               [0m[0m[1m[33m^^^[0m
[0m   [0m[0m[1m[38;5;12m|[0m
[0m   [0m[0m[1m[38;5;12m= [0m[0m[1mnote[0m[0m: `#[warn(unused_imports)]` on by default[0m

[0m[1m[33mwarning[0m[0m[1m: constant is never used: `DEFAULT_MESSAGE`[0m
[0m  [0m[0m[1m[38;5;12m--> [0m[0msrc/lib.rs:16:1[0m
[0m   [0m[0m[1m[38;5;12m|[0m
[0m[1m[38;5;12m16[0m[0m [0m[0m[1m[38;5;12m| [0m[0mconst DEFAULT_MESSAGE: &str = "Hello";[0m
[0m   [0m[0m[1m[38;5;12m| [0m[0m[1m[33m^^^^^^^^^^^^^^^^^^^^^^^^^^^^^^^^^^^^^^[0m
[0m   [0m[0m[1m[38;5;12m|[0m
[0m   [0m[0m[1m[38;5;12m= [0m[0m[1mnote[0m[0m: `#[warn(dead_code)]` on by default[0m

[0m[1m[33mwarning[0m[0m[1m: variable `taskAccount` should have a snake case name[0m
[0m   [0m[0m[1m[38;5;12m--> [0m[0msrc/lib.rs:106:17[0m
[0m    [0m[0m[1m[38;5;12m|[0m
[0m[1m[38;5;12m106[0m[0m [0m[0m[1m[38;5;12m| [0m[0m        let mut taskAccount : Option<Vec<u32>> = self.task_id_by_accounts.get(&self.owner_id);[0m
[0m    [0m[0m[1m[38;5;12m| [0m[0m                [0m[0m[1m[33m^^^^^^^^^^^[0m[0m [0m[0m[1m[33mhelp: convert the identifier to snake case: `task_account`[0m
[0m    [0m[0m[1m[38;5;12m|[0m
[0m    [0m[0m[1m[38;5;12m= [0m[0m[1mnote[0m[0m: `#[warn(non_snake_case)]` on by default[0m

[0m[1m[33mwarning[0m[0m[1m: unused return value of `std::option::Option::<T>::insert` that must be used[0m
[0m   [0m[0m[1m[38;5;12m--> [0m[0msrc/lib.rs:112:13[0m
[0m    [0m[0m[1m[38;5;12m|[0m
[0m[1m[38;5;12m112[0m[0m [0m[0m[1m[38;5;12m| [0m[0m            taskAccount.insert(id);[0m
[0m    [0m[0m[1m[38;5;12m| [0m[0m            [0m[0m[1m[33m^^^^^^^^^^^^^^^^^^^^^^^[0m
[0m    [0m[0m[1m[38;5;12m|[0m
[0m    [0m[0m[1m[38;5;12m= [0m[0m[1mnote[0m[0m: `#[warn(unused_must_use)]` on by default[0m
[0m    [0m[0m[1m[38;5;12m= [0m[0m[1mnote[0m[0m: if you intended to set a value, consider assignment instead[0m

[0m[0m[1m[33mwarning[0m[1m:[0m `hello_near` (lib) generated 4 warnings
[0m[0m[1m[32m    Finished[0m release [optimized] target(s) in 0.40s
Starting deployment. Account id: dev-1661656413372-76245997778029, node: https://rpc.testnet.near.org, helper: https://helper.testnet.near.org, file: ./target/wasm32-unknown-unknown/release/hello_near.wasm
Transaction Id nB7ysP2qgpo4oeU9N3yXR8mhfkn57s5dp8zynxohmtf
To see the transaction in the transaction explorer, please open this url in your browser
https://explorer.testnet.near.org/transactions/nB7ysP2qgpo4oeU9N3yXR8mhfkn57s5dp8zynxohmtf
Done deploying and initializing dev-1661656413372-76245997778029
[1m[7m%[27m[1m[0m                                                                                                                                                                                           ]2;linhleba@Linhs-MacBook-Pro:~/Desktop/blockchain/demo1]1;..ckchain/demo1[0m[27m[24m[J[01;32mâžœ  [36mdemo1[00m [K[?1h=[?2004h[?2004l
[1m[7m%[27m[1m[0m                                                                                                                                                                                           ]2;linhleba@Linhs-MacBook-Pro:~/Desktop/blockchain/demo1]1;..ckchain/demo1[0m[27m[24m[J[01;31mâžœ  [36mdemo1[00m [K[?1h=[?2004hnpm run deploy[?1l>[?2004l
]2;npm run deploy]1;npm
> demo1@1.0.0 deploy
> npm run build:contract && cd contract && near dev-deploy --wasmFile ./target/wasm32-unknown-unknown/release/hello_near.wasm --accountId tdl1.just4test.testnet --initFunction new --initArgs '{"owner_id":"just4test.testnet"}'


> demo1@1.0.0 build:contract
> cd contract && rustup target add wasm32-unknown-unknown && cargo build --all --target wasm32-unknown-unknown --release

[1minfo: (B[mcomponent 'rust-std' for target 'wasm32-unknown-unknown' is up to date
[0m[1m[33mwarning[0m[0m[1m: unused import: `env`[0m
[0m  [0m[0m[1m[38;5;12m--> [0m[0msrc/lib.rs:11:16[0m
[0m   [0m[0m[1m[38;5;12m|[0m
[0m[1m[38;5;12m11[0m[0m [0m[0m[1m[38;5;12m| [0m[0muse near_sdk::{env, AccountId, BorshStorageKey, PanicOnDefault};[0m
[0m   [0m[0m[1m[38;5;12m| [0m[0m               [0m[0m[1m[33m^^^[0m
[0m   [0m[0m[1m[38;5;12m|[0m
[0m   [0m[0m[1m[38;5;12m= [0m[0m[1mnote[0m[0m: `#[warn(unused_imports)]` on by default[0m

[0m[1m[33mwarning[0m[0m[1m: constant is never used: `DEFAULT_MESSAGE`[0m
[0m  [0m[0m[1m[38;5;12m--> [0m[0msrc/lib.rs:16:1[0m
[0m   [0m[0m[1m[38;5;12m|[0m
[0m[1m[38;5;12m16[0m[0m [0m[0m[1m[38;5;12m| [0m[0mconst DEFAULT_MESSAGE: &str = "Hello";[0m
[0m   [0m[0m[1m[38;5;12m| [0m[0m[1m[33m^^^^^^^^^^^^^^^^^^^^^^^^^^^^^^^^^^^^^^[0m
[0m   [0m[0m[1m[38;5;12m|[0m
[0m   [0m[0m[1m[38;5;12m= [0m[0m[1mnote[0m[0m: `#[warn(dead_code)]` on by default[0m

[0m[1m[33mwarning[0m[0m[1m: variable `taskAccount` should have a snake case name[0m
[0m   [0m[0m[1m[38;5;12m--> [0m[0msrc/lib.rs:106:17[0m
[0m    [0m[0m[1m[38;5;12m|[0m
[0m[1m[38;5;12m106[0m[0m [0m[0m[1m[38;5;12m| [0m[0m        let mut taskAccount : Option<Vec<u32>> = self.task_id_by_accounts.get(&self.owner_id);[0m
[0m    [0m[0m[1m[38;5;12m| [0m[0m                [0m[0m[1m[33m^^^^^^^^^^^[0m[0m [0m[0m[1m[33mhelp: convert the identifier to snake case: `task_account`[0m
[0m    [0m[0m[1m[38;5;12m|[0m
[0m    [0m[0m[1m[38;5;12m= [0m[0m[1mnote[0m[0m: `#[warn(non_snake_case)]` on by default[0m

[0m[1m[33mwarning[0m[0m[1m: unused return value of `std::option::Option::<T>::insert` that must be used[0m
[0m   [0m[0m[1m[38;5;12m--> [0m[0msrc/lib.rs:112:13[0m
[0m    [0m[0m[1m[38;5;12m|[0m
[0m[1m[38;5;12m112[0m[0m [0m[0m[1m[38;5;12m| [0m[0m            taskAccount.insert(id);[0m
[0m    [0m[0m[1m[38;5;12m| [0m[0m            [0m[0m[1m[33m^^^^^^^^^^^^^^^^^^^^^^^[0m
[0m    [0m[0m[1m[38;5;12m|[0m
[0m    [0m[0m[1m[38;5;12m= [0m[0m[1mnote[0m[0m: `#[warn(unused_must_use)]` on by default[0m
[0m    [0m[0m[1m[38;5;12m= [0m[0m[1mnote[0m[0m: if you intended to set a value, consider assignment instead[0m

[0m[0m[1m[33mwarning[0m[1m:[0m `hello_near` (lib) generated 4 warnings
[0m[0m[1m[32m    Finished[0m release [optimized] target(s) in 0.11s
Starting deployment. Account id: dev-1661656413372-76245997778029, node: https://rpc.testnet.near.org, helper: https://helper.testnet.near.org, file: ./target/wasm32-unknown-unknown/release/hello_near.wasm
Receipt: GUpMJoDXiY7pRFSwBbq87uQiCY6hFn6BJwGaCK19F4Ga
	Failure [dev-1661656413372-76245997778029]: Error: {"index":1,"kind":{"ExecutionError":"Smart contract panicked: The contract has already been initialized"}}
An error occured
Error: {"index":1,"kind":{"ExecutionError":"Smart contract panicked: The contract has already been initialized"}}
    at Object.parseResultError (/Users/linhleba/Desktop/blockchain/demo1/node_modules/near-api-js/lib/utils/rpc_errors.js:31:29)
    at Account.signAndSendTransactionV2 (/Users/linhleba/Desktop/blockchain/demo1/node_modules/near-api-js/lib/account.js:160:36)
    at processTicksAndRejections (node:internal/process/task_queues:96:5)
    at async devDeploy (/Users/linhleba/Desktop/blockchain/demo1/node_modules/near-cli/commands/dev-deploy.js:102:20)
    at async Object.handler (/Users/linhleba/Desktop/blockchain/demo1/node_modules/near-cli/utils/exit-on-error.js:52:9)
ServerTransactionError: {"index":1,"kind":{"ExecutionError":"Smart contract panicked: The contract has already been initialized"}}
    at Object.parseResultError (/Users/linhleba/Desktop/blockchain/demo1/node_modules/[4mnear-api-js[24m/lib/utils/rpc_errors.js:31:29)
    at Account.signAndSendTransactionV2 (/Users/linhleba/Desktop/blockchain/demo1/node_modules/[4mnear-api-js[24m/lib/account.js:160:36)
[90m    at processTicksAndRejections (node:internal/process/task_queues:96:5)[39m
    at async devDeploy (/Users/linhleba/Desktop/blockchain/demo1/node_modules/[4mnear-cli[24m/commands/dev-deploy.js:102:20)
    at async Object.handler (/Users/linhleba/Desktop/blockchain/demo1/node_modules/[4mnear-cli[24m/utils/exit-on-error.js:52:9) {
  type: [32m'FunctionCallError'[39m,
  context: [90mundefined[39m,
  index: [33m1[39m,
  kind: {
    ExecutionError: [32m'Smart contract panicked: The contract has already been initialized'[39m
  },
  transaction_outcome: {
    block_hash: [32m'5zUGyCG1itC5udmHAKEJd1ofAzxFRotvbwMaPh6NCRLY'[39m,
    id: [32m'AnY8XHgCXynTy2yPxQxtkJA3chNq91V77UccZ9RCGAbq'[39m,
    outcome: {
      executor_id: [32m'dev-1661656413372-76245997778029'[39m,
      gas_burnt: [33m3494734980236[39m,
      logs: [],
      metadata: { gas_profile: [1mnull[22m, version: [33m1[39m },
      receipt_ids: [ [32m'C9LL9JwjVGYr4UuJZLKthUmFZqWz4PZ42DG31mgEVCZf'[39m ],
      status: {
        SuccessReceiptId: [32m'C9LL9JwjVGYr4UuJZLKthUmFZqWz4PZ42DG31mgEVCZf'[39m
      },
      tokens_burnt: [32m'349473498023600000000'[39m
    },
    proof: [
      {
        direction: [32m'Right'[39m,
        hash: [32m'5jyhTU8xh5JUEv3SP3KeXDNdi2Rq16ySpS8XB92qDsrJ'[39m
      },
      {
        direction: [32m'Right'[39m,
        hash: [32m'4f4918r9HX1XjbispmTxHsn1GUE5VTyZ6N1aJZUNVdUf'[39m
      }
    ]
  }
}
[1m[7m%[27m[1m[0m                                                                                                                                                                                           ]2;linhleba@Linhs-MacBook-Pro:~/Desktop/blockchain/demo1]1;..ckchain/demo1[0m[27m[24m[J[01;31mâžœ  [36mdemo1[00m [K[?1h=[?2004hnpm run deploy[?1l>[?2004l
]2;npm run deploy]1;npm
> demo1@1.0.0 deploy
> npm run build:contract && cd contract && near dev-deploy --wasmFile ./target/wasm32-unknown-unknown/release/hello_near.wasm --accountId tdl1.just4test.testnet --initFunction new --initArgs '{"owner_id":"just4test.testnet"}'


> demo1@1.0.0 build:contract
> cd contract && rustup target add wasm32-unknown-unknown && cargo build --all --target wasm32-unknown-unknown --release

[1minfo: (B[mcomponent 'rust-std' for target 'wasm32-unknown-unknown' is up to date
[0m[1m[33mwarning[0m[0m[1m: unused import: `env`[0m
[0m  [0m[0m[1m[38;5;12m--> [0m[0msrc/lib.rs:11:16[0m
[0m   [0m[0m[1m[38;5;12m|[0m
[0m[1m[38;5;12m11[0m[0m [0m[0m[1m[38;5;12m| [0m[0muse near_sdk::{env, AccountId, BorshStorageKey, PanicOnDefault};[0m
[0m   [0m[0m[1m[38;5;12m| [0m[0m               [0m[0m[1m[33m^^^[0m
[0m   [0m[0m[1m[38;5;12m|[0m
[0m   [0m[0m[1m[38;5;12m= [0m[0m[1mnote[0m[0m: `#[warn(unused_imports)]` on by default[0m

[0m[1m[33mwarning[0m[0m[1m: constant is never used: `DEFAULT_MESSAGE`[0m
[0m  [0m[0m[1m[38;5;12m--> [0m[0msrc/lib.rs:16:1[0m
[0m   [0m[0m[1m[38;5;12m|[0m
[0m[1m[38;5;12m16[0m[0m [0m[0m[1m[38;5;12m| [0m[0mconst DEFAULT_MESSAGE: &str = "Hello";[0m
[0m   [0m[0m[1m[38;5;12m| [0m[0m[1m[33m^^^^^^^^^^^^^^^^^^^^^^^^^^^^^^^^^^^^^^[0m
[0m   [0m[0m[1m[38;5;12m|[0m
[0m   [0m[0m[1m[38;5;12m= [0m[0m[1mnote[0m[0m: `#[warn(dead_code)]` on by default[0m

[0m[1m[33mwarning[0m[0m[1m: variable `taskAccount` should have a snake case name[0m
[0m   [0m[0m[1m[38;5;12m--> [0m[0msrc/lib.rs:106:17[0m
[0m    [0m[0m[1m[38;5;12m|[0m
[0m[1m[38;5;12m106[0m[0m [0m[0m[1m[38;5;12m| [0m[0m        let mut taskAccount : Option<Vec<u32>> = self.task_id_by_accounts.get(&self.owner_id);[0m
[0m    [0m[0m[1m[38;5;12m| [0m[0m                [0m[0m[1m[33m^^^^^^^^^^^[0m[0m [0m[0m[1m[33mhelp: convert the identifier to snake case: `task_account`[0m
[0m    [0m[0m[1m[38;5;12m|[0m
[0m    [0m[0m[1m[38;5;12m= [0m[0m[1mnote[0m[0m: `#[warn(non_snake_case)]` on by default[0m

[0m[1m[33mwarning[0m[0m[1m: unused return value of `std::option::Option::<T>::insert` that must be used[0m
[0m   [0m[0m[1m[38;5;12m--> [0m[0msrc/lib.rs:112:13[0m
[0m    [0m[0m[1m[38;5;12m|[0m
[0m[1m[38;5;12m112[0m[0m [0m[0m[1m[38;5;12m| [0m[0m            taskAccount.insert(id);[0m
[0m    [0m[0m[1m[38;5;12m| [0m[0m            [0m[0m[1m[33m^^^^^^^^^^^^^^^^^^^^^^^[0m
[0m    [0m[0m[1m[38;5;12m|[0m
[0m    [0m[0m[1m[38;5;12m= [0m[0m[1mnote[0m[0m: `#[warn(unused_must_use)]` on by default[0m
[0m    [0m[0m[1m[38;5;12m= [0m[0m[1mnote[0m[0m: if you intended to set a value, consider assignment instead[0m

[0m[0m[1m[33mwarning[0m[1m:[0m `hello_near` (lib) generated 4 warnings
[0m[0m[1m[32m    Finished[0m release [optimized] target(s) in 0.13s
Starting deployment. Account id: tdl1.just4test.testnet, node: https://rpc.testnet.near.org, helper: https://helper.testnet.near.org, file: ./target/wasm32-unknown-unknown/release/hello_near.wasm
Transaction Id Dg6DcDifui58WymjRF6CB9i9RT1JMmsKPCM31t9sCyVb
To see the transaction in the transaction explorer, please open this url in your browser
https://explorer.testnet.near.org/transactions/Dg6DcDifui58WymjRF6CB9i9RT1JMmsKPCM31t9sCyVb
Done deploying and initializing tdl1.just4test.testnet
[1m[7m%[27m[1m[0m                                                                                                                                                                                           ]2;linhleba@Linhs-MacBook-Pro:~/Desktop/blockchain/demo1]1;..ckchain/demo1[0m[27m[24m[J[01;32mâžœ  [36mdemo1[00m [K[?1h=[?2004hnpm run deploy[14Dnear create-account tdl1.just4test.testnet --masterAccount just4test.testnet --initialBalance 5[95D                                                                                               [95D[7mnear call tdl1.just4test.testnet create_task '{"id":1,"content":"Working"}' --accountId just4test.testnet[27m[105D[27mn[27me[27ma[27mr[27m [27mc[27ma[27ml[27ml[27m [27mt[27md[27ml[27m1[27m.[27mj[27mu[27ms[27mt[27m4[27mt[27me[27ms[27mt[27m.[27mt[27me[27ms[27mt[27mn[27me[27mt[27m [27mc[27mr[27me[27ma[27mt[27me[27m_[27mt[27ma[27ms[27mk[27m [27m'[27m{[27m"[27mi[27md[27m"[27m:[27m1[27m,[27m"[27mc[27mo[27mn[27mt[27me[27mn[27mt[27m"[27m:[27m"[27mW[27mo[27mr[27mk[27mi[27mn[27mg[27m"[27m}[27m'[27m [27m-[27m-[27ma[27mc[27mc[27mo[27mu[27mn[27mt[27mI[27md[27m [27mj[27mu[27ms[27mt[27m4[27mt[27me[27ms[27mt[27m.[27mt[27me[27ms[27mt[27mn[27me[27mt[?1l>[?2004l
]2;near call tdl1.just4test.testnet create_task '{"id":1,"content":"Working"}'  ]1;nearScheduling a call: tdl1.just4test.testnet.create_task({"id":1,"content":"Working"})
Doing account.functionCall()
Transaction Id 2WMC9dz7uXzFNwxrcfPvh1Z2E17ELvSBUGtGJym6S2j8
To see the transaction in the transaction explorer, please open this url in your browser
https://explorer.testnet.near.org/transactions/2WMC9dz7uXzFNwxrcfPvh1Z2E17ELvSBUGtGJym6S2j8
[32m''[39m
[1m[7m%[27m[1m[0m                                                                                                                                                                                           ]2;linhleba@Linhs-MacBook-Pro:~/Desktop/blockchain/demo1]1;..ckchain/demo1[0m[27m[24m[J[01;32mâžœ  [36mdemo1[00m [K[?1h=[?2004hnear call tdl1.just4test.testnet create_task '{"id":1,"content":"Working"}' --accountId just4test.testnet[105D                                                                                                         [105Dnear call tdl1.just4test.testnet create_task '{"id":1,"content":"Working"}' --accountId just4test.testnet[105D                                                                                                         [105D[7mnear call tdl1.just4test.testnet get_task '{"task_id":1}' --accountId just4test.testnet[27m[87D[27mn[27me[27ma[27mr[27m [27mc[27ma[27ml[27ml[27m [27mt[27md[27ml[27m1[27m.[27mj[27mu[27ms[27mt[27m4[27mt[27me[27ms[27mt[27m.[27mt[27me[27ms[27mt[27mn[27me[27mt[27m [27mg[27me[27mt[27m_[27mt[27ma[27ms[27mk[27m [27m'[27m{[27m"[27mt[27ma[27ms[27mk[27m_[27mi[27md[27m"[27m:[27m1[27m}[27m'[27m [27m-[27m-[27ma[27mc[27mc[27mo[27mu[27mn[27mt[27mI[27md[27m [27mj[27mu[27ms[27mt[27m4[27mt[27me[27ms[27mt[27m.[27mt[27me[27ms[27mt[27mn[27me[27mt[?1l>[?2004l
]2;near call tdl1.just4test.testnet get_task '{"task_id":1}' --accountId ]1;nearScheduling a call: tdl1.just4test.testnet.get_task({"task_id":1})
Doing account.functionCall()
Transaction Id wLE4XhgzUK876MZA6GAyGGqT432ecPT5rZPpTkJdqpk
To see the transaction in the transaction explorer, please open this url in your browser
https://explorer.testnet.near.org/transactions/wLE4XhgzUK876MZA6GAyGGqT432ecPT5rZPpTkJdqpk
{
  id: [33m1[39m,
  content: [32m'Working'[39m,
  is_complete: [33mfalse[39m,
  owner_id: [32m'just4test.testnet'[39m
}
[1m[7m%[27m[1m[0m                                                                                                                                                                                           ]2;linhleba@Linhs-MacBook-Pro:~/Desktop/blockchain/demo1]1;..ckchain/demo1[0m[27m[24m[J[01;32mâžœ  [36mdemo1[00m [K[?1h=[?2004hnear call tdl1.just4test.testnet get_task '{"task_id":1}' --accountId just4test.testnet[54Dcreate_task '{"id":1,"content":"Working"}' --accountId just4test.testnet[P[52C [53D2,"content":"Working"}' --accountId just4test.testnet[52D[1C[1C[1C[1C[1C[1C[1C[1C[1C[1C[1C[1C[1C[1C[1C[1C[1C[1C[1C[P[33C [34D[P[33C [34D[P[33C [34D[P[33C [34D[P[33C [34D[P[33C [34D[P[33C [34DS"}' --accountId just4test.testnet[33Dt"}' --accountId just4test.testnet[33Du"}' --accountId just4test.testnet[33Dd"}' --accountId just4test.testnet[33Dy"}' --accountId just4test.testnet[33Di"}' --accountId just4test.testnet[33Dn"}' --accountId just4test.testnet[33Dg"}' --accountId just4test.testnet[33D "}' --accountId just4test.testnet[33D5"}' --accountId just4test.testnet[33D "}' --accountId just4test.testnet[33Dm"}' --accountId just4test.testnet[33Di"}' --accountId just4test.testnet[33Dn"}' --accountId just4test.testnet[33Ds"}' --accountId just4test.testnet[33D[?1l>[?2004l
]2;near call tdl1.just4test.testnet create_task  --accountId just4test.testnet]1;nearScheduling a call: tdl1.just4test.testnet.create_task({"id":2,"content":"Studying 5 mins"})
Doing account.functionCall()
Transaction Id BrLy5Dj78hz8WvhS9vmWRR3iDJcoUSvSrKbn9v85GSXA
To see the transaction in the transaction explorer, please open this url in your browser
https://explorer.testnet.near.org/transactions/BrLy5Dj78hz8WvhS9vmWRR3iDJcoUSvSrKbn9v85GSXA
[32m''[39m
[1m[7m%[27m[1m[0m                                                                                                                                                                                           ]2;linhleba@Linhs-MacBook-Pro:~/Desktop/blockchain/demo1]1;..ckchain/demo1[0m[27m[24m[J[01;32mâžœ  [36mdemo1[00m [K[?1h=[?2004hnear call tdl1.just4test.testnet create_task '{"id":2,"content":"Studying 5 mins"}' --accountId just4test.testnet[80Dget_task '{"task_id":1[26P[32C                          [26D[?1l>[?2004l
]2;near call tdl1.just4test.testnet get_task '{"task_id":1}' --accountId ]1;nearScheduling a call: tdl1.just4test.testnet.get_task({"task_id":1})
Doing account.functionCall()
Transaction Id 8Zk2epsQaTVzBsxVUGXYFKTEtwfGXsW4wmSM7D7KDUR5
To see the transaction in the transaction explorer, please open this url in your browser
https://explorer.testnet.near.org/transactions/8Zk2epsQaTVzBsxVUGXYFKTEtwfGXsW4wmSM7D7KDUR5
{
  id: [33m1[39m,
  content: [32m'Working'[39m,
  is_complete: [33mfalse[39m,
  owner_id: [32m'just4test.testnet'[39m
}
[1m[7m%[27m[1m[0m                                                                                                                                                                                           ]2;linhleba@Linhs-MacBook-Pro:~/Desktop/blockchain/demo1]1;..ckchain/demo1[0m[27m[24m[J[01;32mâžœ  [36mdemo1[00m [K[?1h=[?2004hnear call tdl1.just4test.testnet get_task '{"task_id":1}' --accountId just4test.testnet[P[32C [33D2}' --accountId just4test.testnet[32D[?1l>[?2004l
]2;near call tdl1.just4test.testnet get_task '{"task_id":2}' --accountId ]1;nearScheduling a call: tdl1.just4test.testnet.get_task({"task_id":2})
Doing account.functionCall()
Transaction Id GpTatQyTsCGTKyypRvnq4i2HuUG2z3mqP7phJGvo6R5Q
To see the transaction in the transaction explorer, please open this url in your browser
https://explorer.testnet.near.org/transactions/GpTatQyTsCGTKyypRvnq4i2HuUG2z3mqP7phJGvo6R5Q
{
  id: [33m2[39m,
  content: [32m'Studying 5 mins'[39m,
  is_complete: [33mfalse[39m,
  owner_id: [32m'just4test.testnet'[39m
}
[1m[7m%[27m[1m[0m                                                                                                                                                                                           ]2;linhleba@Linhs-MacBook-Pro:~/Desktop/blockchain/demo1]1;..ckchain/demo1[0m[27m[24m[J[01;32mâžœ  [36mdemo1[00m [K[?1h=[?2004h[7mnear call tdl1.just4test.testnet get_task_by_accounts '{"account_id":â€tdl1.just4test.testnetâ€}' --accountId just4test.testnet[27m[125D[27mn[27me[27ma[27mr[27m [27mc[27ma[27ml[27ml[27m [27mt[27md[27ml[27m1[27m.[27mj[27mu[27ms[27mt[27m4[27mt[27me[27ms[27mt[27m.[27mt[27me[27ms[27mt[27mn[27me[27mt[27m [27mg[27me[27mt[27m_[27mt[27ma[27ms[27mk[27m_[27mb[27my[27m_[27ma[27mc[27mc[27mo[27mu[27mn[27mt[27ms[27m [27m'[27m{[27m"[27ma[27mc[27mc[27mo[27mu[27mn[27mt[27m_[27mi[27md[27m"[27m:[27mâ€[27mt[27md[27ml[27m1[27m.[27mj[27mu[27ms[27mt[27m4[27mt[27me[27ms[27mt[27m.[27mt[27me[27ms[27mt[27mn[27me[27mt[27mâ€[27m}[27m'[27m [27m-[27m-[27ma[27mc[27mc[27mo[27mu[27mn[27mt[27mI[27md[27m [27mj[27mu[27ms[27mt[27m4[27mt[27me[27ms[27mt[27m.[27mt[27me[27ms[27mt[27mn[27me[27mt[?1l>[?2004l
]2;near call tdl1.just4test.testnet get_task_by_accounts  --accountId ]1;nearScheduling a call: tdl1.just4test.testnet.get_task_by_accounts({"account_id":â€tdl1.just4test.testnetâ€})
An error occured
SyntaxError: Unexpected token â€ in JSON at position 14
    at JSON.parse (<anonymous>)
    at scheduleFunctionCall (/usr/local/lib/node_modules/near-cli/commands/call.js:54:84)
    at async Object.handler (/usr/local/lib/node_modules/near-cli/utils/exit-on-error.js:52:9)
SyntaxError: Unexpected token â€ in JSON at position 14
    at JSON.parse (<anonymous>)
    at scheduleFunctionCall (/usr/local/lib/node_modules/[4mnear-cli[24m/commands/call.js:54:84)
    at async Object.handler (/usr/local/lib/node_modules/[4mnear-cli[24m/utils/exit-on-error.js:52:9)
[1m[7m%[27m[1m[0m                                                                                                                                                                                           ]2;linhleba@Linhs-MacBook-Pro:~/Desktop/blockchain/demo1]1;..ckchain/demo1[0m[27m[24m[J[01;31mâžœ  [36mdemo1[00m [K[?1h=[?2004h[7mnear call tdl1.just4test.testnet get_task_by_accounts '{"account_id":â€tdl1.just4test.testnetâ€}' --accountId just4test.testnet[27m[125D[27mn[27me[27ma[27mr[27m [27mc[27ma[27ml[27ml[27m [27mt[27md[27ml[27m1[27m.[27mj[27mu[27ms[27mt[27m4[27mt[27me[27ms[27mt[27m.[27mt[27me[27ms[27mt[27mn[27me[27mt[27m [27mg[27me[27mt[27m_[27mt[27ma[27ms[27mk[27m_[27mb[27my[27m_[27ma[27mc[27mc[27mo[27mu[27mn[27mt[27ms[27m [27m'[27m{[27m"[27ma[27mc[27mc[27mo[27mu[27mn[27mt[27m_[27mi[27md[27m"[27m:[27mâ€[27mt[27md[27ml[27m1[27m.[27mj[27mu[27ms[27mt[27m4[27mt[27me[27ms[27mt[27m.[27mt[27me[27ms[27mt[27mn[27me[27mt[27mâ€[27m}[27m'[27m [27m-[27m-[27ma[27mc[27mc[27mo[27mu[27mn[27mt[27mI[27md[27m [27mj[27mu[27ms[27mt[27m4[27mt[27me[27ms[27mt[27m.[27mt[27me[27ms[27mt[27mn[27me[27mt[?1l>[?2004l
]2;near call tdl1.just4test.testnet get_task_by_accounts  --accountId ]1;nearScheduling a call: tdl1.just4test.testnet.get_task_by_accounts({"account_id":â€tdl1.just4test.testnetâ€})
An error occured
SyntaxError: Unexpected token â€ in JSON at position 14
    at JSON.parse (<anonymous>)
    at scheduleFunctionCall (/usr/local/lib/node_modules/near-cli/commands/call.js:54:84)
    at async Object.handler (/usr/local/lib/node_modules/near-cli/utils/exit-on-error.js:52:9)
SyntaxError: Unexpected token â€ in JSON at position 14
    at JSON.parse (<anonymous>)
    at scheduleFunctionCall (/usr/local/lib/node_modules/[4mnear-cli[24m/commands/call.js:54:84)
    at async Object.handler (/usr/local/lib/node_modules/[4mnear-cli[24m/utils/exit-on-error.js:52:9)
[1m[7m%[27m[1m[0m                                                                                                                                                                                           ]2;linhleba@Linhs-MacBook-Pro:~/Desktop/blockchain/demo1]1;..ckchain/demo1[0m[27m[24m[J[01;31mâžœ  [36mdemo1[00m [K[?1h=[?2004hnear call tdl1.just4test.testnet get_task_by_accounts '{"account_id":â€tdl1.just4test.testnetâ€}' --accountId just4test.testnet[1C[1C[1C[1C[1C[P[71C [72D '{"account_id":â€tdl1.[32P[17Câ€}' --accountId just4test.testnet[71D[?1l>[?2004l
]2;near call tdl1.just4test.testnet get_task_by_accounts  --accountId ]1;nearScheduling a call: tdl1.just4test.testnet.get_task_by_accounts({"account_id":â€tdl1.just4test.testnetâ€})
An error occured
SyntaxError: Unexpected token â€ in JSON at position 14
    at JSON.parse (<anonymous>)
    at scheduleFunctionCall (/usr/local/lib/node_modules/near-cli/commands/call.js:54:84)
    at async Object.handler (/usr/local/lib/node_modules/near-cli/utils/exit-on-error.js:52:9)
SyntaxError: Unexpected token â€ in JSON at position 14
    at JSON.parse (<anonymous>)
    at scheduleFunctionCall (/usr/local/lib/node_modules/[4mnear-cli[24m/commands/call.js:54:84)
    at async Object.handler (/usr/local/lib/node_modules/[4mnear-cli[24m/utils/exit-on-error.js:52:9)
[1m[7m%[27m[1m[0m                                                                                                                                                                                           ]2;linhleba@Linhs-MacBook-Pro:~/Desktop/blockchain/demo1]1;..ckchain/demo1[0m[27m[24m[J[01;31mâžœ  [36mdemo1[00m [K[?1h=[?2004h[7mnear call tdl1.just4test.testnet get_task_by_accounts --accountId just4test.testnet[27m[83D[27mn[27me[27ma[27mr[27m [27mc[27ma[27ml[27ml[27m [27mt[27md[27ml[27m1[27m.[27mj[27mu[27ms[27mt[27m4[27mt[27me[27ms[27mt[27m.[27mt[27me[27ms[27mt[27mn[27me[27mt[27m [27mg[27me[27mt[27m_[27mt[27ma[27ms[27mk[27m_[27mb[27my[27m_[27ma[27mc[27mc[27mo[27mu[27mn[27mt[27ms[27m [27m-[27m-[27ma[27mc[27mc[27mo[27mu[27mn[27mt[27mI[27md[27m [27mj[27mu[27ms[27mt[27m4[27mt[27me[27ms[27mt[27m.[27mt[27me[27ms[27mt[27mn[27me[27mt[?1l>[?2004l
]2;near call tdl1.just4test.testnet get_task_by_accounts --accountId ]1;nearScheduling a call: tdl1.just4test.testnet.get_task_by_accounts()
Doing account.functionCall()
Receipt: AP19CLDhQ9MJGeci6Xq4uK7X3DDS9mMvG128hwe8aYX3
	Failure [tdl1.just4test.testnet]: Error: {"index":0,"kind":{"ExecutionError":"Smart contract panicked: panicked at 'Failed to deserialize input from JSON.: Error(\"missing field `account_id`\", line: 1, column: 2)', src/lib.rs:60:1"}}
ServerTransactionError: {"index":0,"kind":{"ExecutionError":"Smart contract panicked: panicked at 'Failed to deserialize input from JSON.: Error(\"missing field `account_id`\", line: 1, column: 2)', src/lib.rs:60:1"}}
    at Object.parseResultError (/usr/local/lib/node_modules/[4mnear-cli[24m/node_modules/[4mnear-api-js[24m/lib/utils/rpc_errors.js:31:29)
    at Account.signAndSendTransactionV2 (/usr/local/lib/node_modules/[4mnear-cli[24m/node_modules/[4mnear-api-js[24m/lib/account.js:160:36)
[90m    at processTicksAndRejections (node:internal/process/task_queues:96:5)[39m
    at async scheduleFunctionCall (/usr/local/lib/node_modules/[4mnear-cli[24m/commands/call.js:57:38)
    at async Object.handler (/usr/local/lib/node_modules/[4mnear-cli[24m/utils/exit-on-error.js:52:9) {
  type: [32m'FunctionCallError'[39m,
  context: [90mundefined[39m,
  index: [33m0[39m,
  kind: {
    ExecutionError: [32m'Smart contract panicked: panicked at \'Failed to deserialize input from JSON.: Error("missing field `account_id`", line: 1, column: 2)\', src/lib.rs:60:1'[39m
  },
  transaction_outcome: {
    block_hash: [32m'A1ZKbfNsubFXsHwNvd2tkEauFvApA32V1zQYLsXFodF2'[39m,
    id: [32m'7hktYeRsPcWYHbWWG9vvDJSUNvCBevnSNSPnYhUBkBS8'[39m,
    outcome: {
      executor_id: [32m'just4test.testnet'[39m,
      gas_burnt: [33m2427970190548[39m,
      logs: [],
      metadata: [36m[Object][39m,
      receipt_ids: [36m[Array][39m,
      status: [36m[Object][39m,
      tokens_burnt: [32m'242797019054800000000'[39m
    },
    proof: [ [36m[Object][39m, [36m[Object][39m, [36m[Object][39m ]
  }
}
[1m[7m%[27m[1m[0m                                                                                                                                                                                           ]2;linhleba@Linhs-MacBook-Pro:~/Desktop/blockchain/demo1]1;..ckchain/demo1[0m[27m[24m[J[01;32mâžœ  [36mdemo1[00m [K[?1h=[?2004hnear call tdl1.just4test.testnet get_task_by_accounts --accountId just4test.testnet'--accountId just4test.testnet[29D{--accountId just4test.testnet[29D"--accountId just4test.testnet[29Da--accountId just4test.testnet[29Dc--accountId just4test.testnet[29Dc--accountId just4test.testnet[29Do--accountId just4test.testnet[29Du--accountId just4test.testnet[29Dn--accountId just4test.testnet[29Dt--accountId just4test.testnet[29D_--accountId just4test.testnet[29Di--accountId just4test.testnet[29Dd--accountId just4test.testnet[29D"--accountId just4test.testnet[29D:--accountId just4test.testnet[29D"--accountId just4test.testnet[29Dt--accountId just4test.testnet[29Dd--accountId just4test.testnet[29Dl--accountId just4test.testnet[29D1--accountId just4test.testnet[29D.--accountId just4test.testnet[29Dj--accountId just4test.testnet[29Du--accountId just4test.testnet[29Ds--accountId just4test.testnet[29Dt--accountId just4test.testnet[29D4--accountId just4test.testnet[29Dt--accountId just4test.testnet[29De--accountId just4test.testnet[29Ds--accountId just4test.testnet[29Dt--accountId just4test.testnet[29D.--accountId just4test.testnet[29Dt--accountId just4test.testnet[29De--accountId just4test.testnet[29Ds--accountId just4test.testnet[29Dt--accountId just4test.testnet[29Dn--accountId just4test.testnet[29De--accountId just4test.testnet[29Dt--accountId just4test.testnet[29D"--accountId just4test.testnet[29D}--accountId just4test.testnet[29D'--accountId just4test.testnet[29D --accountId just4test.testnet[29D[?1l>[?2004l
]2;near call tdl1.just4test.testnet get_task_by_accounts  --accountId ]1;nearScheduling a call: tdl1.just4test.testnet.get_task_by_accounts({"account_id":"tdl1.just4test.testnet"})
Doing account.functionCall()
Receipt: C247kPK24uaDBqbuHL7Vm9pFGfDjod1epjydbR3jrCUj
	Failure [tdl1.just4test.testnet]: Error: {"index":0,"kind":{"ExecutionError":"Smart contract panicked: panicked at 'called `Option::unwrap()` on a `None` value', src/lib.rs:126:66"}}
ServerTransactionError: {"index":0,"kind":{"ExecutionError":"Smart contract panicked: panicked at 'called `Option::unwrap()` on a `None` value', src/lib.rs:126:66"}}
    at Object.parseResultError (/usr/local/lib/node_modules/[4mnear-cli[24m/node_modules/[4mnear-api-js[24m/lib/utils/rpc_errors.js:31:29)
    at Account.signAndSendTransactionV2 (/usr/local/lib/node_modules/[4mnear-cli[24m/node_modules/[4mnear-api-js[24m/lib/account.js:160:36)
[90m    at processTicksAndRejections (node:internal/process/task_queues:96:5)[39m
    at async scheduleFunctionCall (/usr/local/lib/node_modules/[4mnear-cli[24m/commands/call.js:57:38)
    at async Object.handler (/usr/local/lib/node_modules/[4mnear-cli[24m/utils/exit-on-error.js:52:9) {
  type: [32m'FunctionCallError'[39m,
  context: [90mundefined[39m,
  index: [33m0[39m,
  kind: {
    ExecutionError: [32m"Smart contract panicked: panicked at 'called `Option::unwrap()` on a `None` value', src/lib.rs:126:66"[39m
  },
  transaction_outcome: {
    block_hash: [32m'5W46yHCJL9isYonN9hjzfbcHpTgx54PVqQEaDHyRWmSh'[39m,
    id: [32m'5vxHQBqFTfdcZwMDD5d6mbHC3hkhpgEPBX4rsMHPPPJ9'[39m,
    outcome: {
      executor_id: [32m'just4test.testnet'[39m,
      gas_burnt: [33m2428052920106[39m,
      logs: [],
      metadata: [36m[Object][39m,
      receipt_ids: [36m[Array][39m,
      status: [36m[Object][39m,
      tokens_burnt: [32m'242805292010600000000'[39m
    },
    proof: [ [36m[Object][39m, [36m[Object][39m, [36m[Object][39m ]
  }
}
[1m[7m%[27m[1m[0m                                                                                                                                                                                           ]2;linhleba@Linhs-MacBook-Pro:~/Desktop/blockchain/demo1]1;..ckchain/demo1[0m[27m[24m[J[01;32mâžœ  [36mdemo1[00m [K[?1h=[?2004h[7mgit remote add origin https://github.com/linhleba/todolist.git[27m[62D[27mg[27mi[27mt[27m [27mr[27me[27mm[27mo[27mt[27me[27m [27ma[27md[27md[27m [27mo[27mr[27mi[27mg[27mi[27mn[27m [27mh[27mt[27mt[27mp[27ms[27m:[27m/[27m/[27mg[27mi[27mt[27mh[27mu[27mb[27m.[27mc[27mo[27mm[27m/[27ml[27mi[27mn[27mh[27ml[27me[27mb[27ma[27m/[27mt[27mo[27md[27mo[27ml[27mi[27ms[27mt[27m.[27mg[27mi[27mt[?1l>[?2004l
]2;git remote add origin https://github.com/linhleba/todolist.git]1;gitfatal: not a git repository (or any of the parent directories): .git
[1m[7m%[27m[1m[0m                                                                                                                                                                                           ]2;linhleba@Linhs-MacBook-Pro:~/Desktop/blockchain/demo1]1;..ckchain/demo1[0m[27m[24m[J[01;31mâžœ  [36mdemo1[00m [K[?1h=[?2004hggit init[?1l>[?2004l
]2;git init]1;git[33mhint: Using 'master' as the name for the initial branch. This default branch name[m
[33mhint: is subject to change. To configure the initial branch name to use in all[m
[33mhint: of your new repositories, which will suppress this warning, call:[m
[33mhint: [m
[33mhint: 	git config --global init.defaultBranch <name>[m
[33mhint: [m
[33mhint: Names commonly chosen instead of 'master' are 'main', 'trunk' and[m
[33mhint: 'development'. The just-created branch can be renamed via this command:[m
[33mhint: [m
[33mhint: 	git branch -m <name>[m
Initialized empty Git repository in /Users/linhleba/Desktop/blockchain/demo1/.git/
[1m[7m%[27m[1m[0m                                                                                                                                                                                           ]2;linhleba@Linhs-MacBook-Pro:~/Desktop/blockchain/demo1]1;..ckchain/demo1[0m[27m[24m[J[01;32mâžœ  [36mdemo1[00m [01;34mgit:([31mmaster[34m) [33mâœ—[00m [K[?1h=[?2004h[7mgit remote add origin https://github.com/linhleba/todolist.git[27m[62D[27mg[27mi[27mt[27m [27mr[27me[27mm[27mo[27mt[27me[27m [27ma[27md[27md[27m [27mo[27mr[27mi[27mg[27mi[27mn[27m [27mh[27mt[27mt[27mp[27ms[27m:[27m/[27m/[27mg[27mi[27mt[27mh[27mu[27mb[27m.[27mc[27mo[27mm[27m/[27ml[27mi[27mn[27mh[27ml[27me[27mb[27ma[27m/[27mt[27mo[27md[27mo[27ml[27mi[27ms[27mt[27m.[27mg[27mi[27mt[?1l>[?2004l
]2;git remote add origin https://github.com/linhleba/todolist.git]1;git[1m[7m%[27m[1m[0m                                                                                                                                                                                           ]2;linhleba@Linhs-MacBook-Pro:~/Desktop/blockchain/demo1]1;..ckchain/demo1[0m[27m[24m[J[01;32mâžœ  [36mdemo1[00m [01;34mgit:([31mmaster[34m) [33mâœ—[00m [K[?1h=[?2004h[7mgit branch -M master[27m[20D[27mg[27mi[27mt[27m [27mb[27mr[27ma[27mn[27mc[27mh[27m [27m-[27mM[27m [27mm[27ma[27ms[27mt[27me[27mr[?1l>[?2004l
]2;git branch -M master]1;git[1m[7m%[27m[1m[0m                                                                                                                                                                                           ]2;linhleba@Linhs-MacBook-Pro:~/Desktop/blockchain/demo1]1;..ckchain/demo1[0m[27m[24m[J[01;32mâžœ  [36mdemo1[00m [01;34mgit:([31mmaster[34m) [33mâœ—[00m [K[?1h=[?2004hggit status[?1l>[?2004l
]2;git status]1;gitOn branch master

No commits yet

Untracked files:
  (use "git add <file>..." to include in what will be committed)
	[31m.gitignore[m
	[31m.gitpod.yml[m
	[31mREADME.md[m
	[31mcontract/[m
	[31mdeploy[m
	[31mfrontend/[m
	[31mintegration-tests/[m
	[31mpackage-lock.json[m
	[31mpackage.json[m

nothing added to commit but untracked files present (use "git add" to track)
[1m[7m%[27m[1m[0m                                                                                                                                                                                           ]2;linhleba@Linhs-MacBook-Pro:~/Desktop/blockchain/demo1]1;..ckchain/demo1[0m[27m[24m[J[01;32mâžœ  [36mdemo1[00m [01;34mgit:([31mmaster[34m) [33mâœ—[00m [K[?1h=[?2004hggit add .[?1l>[?2004l
]2;git add .]1;gitgit c     
